TRACE::2024-01-05.21:45:25::SCWPlatform::Trying to open the hw design at /home/dolu/Documents/GitHub/Thesis/dhrystonevitisworkspace/Linux_bd_wrapper/hw/Linux_bd_wrapper.xsa
TRACE::2024-01-05.21:45:25::SCWPlatform::DSA given /home/dolu/Documents/GitHub/Thesis/dhrystonevitisworkspace/Linux_bd_wrapper/hw/Linux_bd_wrapper.xsa
TRACE::2024-01-05.21:45:25::SCWPlatform::DSA absoulate path /home/dolu/Documents/GitHub/Thesis/dhrystonevitisworkspace/Linux_bd_wrapper/hw/Linux_bd_wrapper.xsa
TRACE::2024-01-05.21:45:25::SCWPlatform::DSA directory /home/dolu/Documents/GitHub/Thesis/dhrystonevitisworkspace/Linux_bd_wrapper/hw
TRACE::2024-01-05.21:45:25::SCWPlatform:: Platform Path /home/dolu/Documents/GitHub/Thesis/dhrystonevitisworkspace/Linux_bd_wrapper/hw/Linux_bd_wrapper.xsa
TRACE::2024-01-05.21:45:25::SCWPlatform:: Unique name xilinx:nexys-a7-100t::0.0
TRACE::2024-01-05.21:45:25::SCWPlatform::Do not have an existing db opened. 
TRACE::2024-01-05.21:45:26::SCWPlatform::Opened new HwDB with name Linux_bd_wrapper_0
TRACE::2024-01-05.21:45:26::SCWWriter::formatted JSON is {
	"platformName":	"Linux_bd_wrapper",
	"sprVersion":	"2.0",
	"mode":	"gui",
	"dsaType":	"Fixed",
	"platformDesc":	"Linux_bd_wrapper",
	"platHandOff":	"/home/dolu/Documents/GitHub/Linux_Microblaze_V1.0/Linux_bd_wrapper.xsa",
	"platIntHandOff":	"<platformDir>/hw/Linux_bd_wrapper.xsa",
	"deviceType":	"FPGA",
	"platIsPrebuiltAutogen":	"false",
	"platIsNoBootBsp":	"false",
	"hasFsblMakeHasChanges":	"false",
	"hasPmufwMakeHasChanges":	"false",
	"platPreBuiltFlag":	false,
	"platformSamplesDir":	""
}
TRACE::2024-01-05.21:45:26::SCWWriter::formatted JSON is {
	"platformName":	"Linux_bd_wrapper",
	"sprVersion":	"2.0",
	"mode":	"gui",
	"dsaType":	"Fixed",
	"platformDesc":	"Linux_bd_wrapper",
	"platHandOff":	"/home/dolu/Documents/GitHub/Linux_Microblaze_V1.0/Linux_bd_wrapper.xsa",
	"platIntHandOff":	"<platformDir>/hw/Linux_bd_wrapper.xsa",
	"deviceType":	"FPGA",
	"platIsPrebuiltAutogen":	"false",
	"platIsNoBootBsp":	"false",
	"hasFsblMakeHasChanges":	"false",
	"hasPmufwMakeHasChanges":	"false",
	"platPreBuiltFlag":	false,
	"platformSamplesDir":	"",
	"platActiveSys":	"Linux_bd_wrapper",
	"systems":	[{
			"systemName":	"Linux_bd_wrapper",
			"systemDesc":	"Linux_bd_wrapper",
			"sysIsBootAutoGen":	"true",
			"systemDispName":	"Linux_bd_wrapper"
		}]
}
TRACE::2024-01-05.21:45:26::SCWPlatform::Boot application domains not present, creating them
TRACE::2024-01-05.21:45:26::SCWPlatform::Pure FPGA device, no boot application will be created.
TRACE::2024-01-05.21:45:26::SCWWriter::formatted JSON is {
	"platformName":	"Linux_bd_wrapper",
	"sprVersion":	"2.0",
	"mode":	"gui",
	"dsaType":	"Fixed",
	"platformDesc":	"Linux_bd_wrapper",
	"platHandOff":	"/home/dolu/Documents/GitHub/Linux_Microblaze_V1.0/Linux_bd_wrapper.xsa",
	"platIntHandOff":	"<platformDir>/hw/Linux_bd_wrapper.xsa",
	"deviceType":	"FPGA",
	"platIsPrebuiltAutogen":	"false",
	"platIsNoBootBsp":	"false",
	"hasFsblMakeHasChanges":	"false",
	"hasPmufwMakeHasChanges":	"false",
	"platPreBuiltFlag":	false,
	"platformSamplesDir":	"",
	"platActiveSys":	"Linux_bd_wrapper",
	"systems":	[{
			"systemName":	"Linux_bd_wrapper",
			"systemDesc":	"Linux_bd_wrapper",
			"sysIsBootAutoGen":	"true",
			"systemDispName":	"Linux_bd_wrapper"
		}]
}
TRACE::2024-01-05.21:45:26::SCWWriter::formatted JSON is {
	"platformName":	"Linux_bd_wrapper",
	"sprVersion":	"2.0",
	"mode":	"gui",
	"dsaType":	"Fixed",
	"platformDesc":	"Linux_bd_wrapper",
	"platHandOff":	"/home/dolu/Documents/GitHub/Linux_Microblaze_V1.0/Linux_bd_wrapper.xsa",
	"platIntHandOff":	"<platformDir>/hw/Linux_bd_wrapper.xsa",
	"deviceType":	"FPGA",
	"platIsPrebuiltAutogen":	"false",
	"platIsNoBootBsp":	"false",
	"hasFsblMakeHasChanges":	"false",
	"hasPmufwMakeHasChanges":	"false",
	"platPreBuiltFlag":	false,
	"platformSamplesDir":	"",
	"platActiveSys":	"Linux_bd_wrapper",
	"systems":	[{
			"systemName":	"Linux_bd_wrapper",
			"systemDesc":	"Linux_bd_wrapper",
			"sysIsBootAutoGen":	"true",
			"systemDispName":	"Linux_bd_wrapper"
		}]
}
TRACE::2024-01-05.21:45:26::SCWPlatform::Trying to open the hw design at /home/dolu/Documents/GitHub/Thesis/dhrystonevitisworkspace/Linux_bd_wrapper/hw/Linux_bd_wrapper.xsa
TRACE::2024-01-05.21:45:26::SCWPlatform::DSA given /home/dolu/Documents/GitHub/Thesis/dhrystonevitisworkspace/Linux_bd_wrapper/hw/Linux_bd_wrapper.xsa
TRACE::2024-01-05.21:45:26::SCWPlatform::DSA absoulate path /home/dolu/Documents/GitHub/Thesis/dhrystonevitisworkspace/Linux_bd_wrapper/hw/Linux_bd_wrapper.xsa
TRACE::2024-01-05.21:45:26::SCWPlatform::DSA directory /home/dolu/Documents/GitHub/Thesis/dhrystonevitisworkspace/Linux_bd_wrapper/hw
TRACE::2024-01-05.21:45:26::SCWPlatform:: Platform Path /home/dolu/Documents/GitHub/Thesis/dhrystonevitisworkspace/Linux_bd_wrapper/hw/Linux_bd_wrapper.xsa
TRACE::2024-01-05.21:45:26::SCWPlatform:: Unique name xilinx:nexys-a7-100t::0.0
TRACE::2024-01-05.21:45:26::SCWPlatform::Trying to set the existing hwdb with name Linux_bd_wrapper_0
TRACE::2024-01-05.21:45:26::SCWPlatform::Opened existing hwdb Linux_bd_wrapper_0
TRACE::2024-01-05.21:45:26::SCWPlatform::Found the Hw Db part of the input DSA
TRACE::2024-01-05.21:45:26::SCWPlatform::Trying to open the hw design at /home/dolu/Documents/GitHub/Thesis/dhrystonevitisworkspace/Linux_bd_wrapper/hw/Linux_bd_wrapper.xsa
TRACE::2024-01-05.21:45:26::SCWPlatform::DSA given /home/dolu/Documents/GitHub/Thesis/dhrystonevitisworkspace/Linux_bd_wrapper/hw/Linux_bd_wrapper.xsa
TRACE::2024-01-05.21:45:26::SCWPlatform::DSA absoulate path /home/dolu/Documents/GitHub/Thesis/dhrystonevitisworkspace/Linux_bd_wrapper/hw/Linux_bd_wrapper.xsa
TRACE::2024-01-05.21:45:26::SCWPlatform::DSA directory /home/dolu/Documents/GitHub/Thesis/dhrystonevitisworkspace/Linux_bd_wrapper/hw
TRACE::2024-01-05.21:45:26::SCWPlatform:: Platform Path /home/dolu/Documents/GitHub/Thesis/dhrystonevitisworkspace/Linux_bd_wrapper/hw/Linux_bd_wrapper.xsa
TRACE::2024-01-05.21:45:26::SCWPlatform:: Unique name xilinx:nexys-a7-100t::0.0
TRACE::2024-01-05.21:45:26::SCWPlatform::Trying to set the existing hwdb with name Linux_bd_wrapper_0
TRACE::2024-01-05.21:45:26::SCWPlatform::Opened existing hwdb Linux_bd_wrapper_0
TRACE::2024-01-05.21:45:26::SCWPlatform::Found the Hw Db part of the input DSA
TRACE::2024-01-05.21:45:26::SCWDomain::checking for install qemu data   : 
TRACE::2024-01-05.21:45:26::SCWPlatform::Trying to open the hw design at /home/dolu/Documents/GitHub/Thesis/dhrystonevitisworkspace/Linux_bd_wrapper/hw/Linux_bd_wrapper.xsa
TRACE::2024-01-05.21:45:26::SCWPlatform::DSA given /home/dolu/Documents/GitHub/Thesis/dhrystonevitisworkspace/Linux_bd_wrapper/hw/Linux_bd_wrapper.xsa
TRACE::2024-01-05.21:45:26::SCWPlatform::DSA absoulate path /home/dolu/Documents/GitHub/Thesis/dhrystonevitisworkspace/Linux_bd_wrapper/hw/Linux_bd_wrapper.xsa
TRACE::2024-01-05.21:45:26::SCWPlatform::DSA directory /home/dolu/Documents/GitHub/Thesis/dhrystonevitisworkspace/Linux_bd_wrapper/hw
TRACE::2024-01-05.21:45:26::SCWPlatform:: Platform Path /home/dolu/Documents/GitHub/Thesis/dhrystonevitisworkspace/Linux_bd_wrapper/hw/Linux_bd_wrapper.xsa
TRACE::2024-01-05.21:45:26::SCWPlatform:: Unique name xilinx:nexys-a7-100t::0.0
TRACE::2024-01-05.21:45:26::SCWPlatform::Trying to set the existing hwdb with name Linux_bd_wrapper_0
TRACE::2024-01-05.21:45:26::SCWPlatform::Opened existing hwdb Linux_bd_wrapper_0
TRACE::2024-01-05.21:45:26::SCWPlatform::Found the Hw Db part of the input DSA
TRACE::2024-01-05.21:45:26::SCWPlatform::Trying to open the hw design at /home/dolu/Documents/GitHub/Thesis/dhrystonevitisworkspace/Linux_bd_wrapper/hw/Linux_bd_wrapper.xsa
TRACE::2024-01-05.21:45:26::SCWPlatform::DSA given /home/dolu/Documents/GitHub/Thesis/dhrystonevitisworkspace/Linux_bd_wrapper/hw/Linux_bd_wrapper.xsa
TRACE::2024-01-05.21:45:26::SCWPlatform::DSA absoulate path /home/dolu/Documents/GitHub/Thesis/dhrystonevitisworkspace/Linux_bd_wrapper/hw/Linux_bd_wrapper.xsa
TRACE::2024-01-05.21:45:26::SCWPlatform::DSA directory /home/dolu/Documents/GitHub/Thesis/dhrystonevitisworkspace/Linux_bd_wrapper/hw
TRACE::2024-01-05.21:45:26::SCWPlatform:: Platform Path /home/dolu/Documents/GitHub/Thesis/dhrystonevitisworkspace/Linux_bd_wrapper/hw/Linux_bd_wrapper.xsa
TRACE::2024-01-05.21:45:26::SCWPlatform:: Unique name xilinx:nexys-a7-100t::0.0
TRACE::2024-01-05.21:45:26::SCWPlatform::Trying to set the existing hwdb with name Linux_bd_wrapper_0
TRACE::2024-01-05.21:45:26::SCWPlatform::Opened existing hwdb Linux_bd_wrapper_0
TRACE::2024-01-05.21:45:26::SCWPlatform::Found the Hw Db part of the input DSA
TRACE::2024-01-05.21:45:26::SCWPlatform::Trying to open the hw design at /home/dolu/Documents/GitHub/Thesis/dhrystonevitisworkspace/Linux_bd_wrapper/hw/Linux_bd_wrapper.xsa
TRACE::2024-01-05.21:45:26::SCWPlatform::DSA given /home/dolu/Documents/GitHub/Thesis/dhrystonevitisworkspace/Linux_bd_wrapper/hw/Linux_bd_wrapper.xsa
TRACE::2024-01-05.21:45:26::SCWPlatform::DSA absoulate path /home/dolu/Documents/GitHub/Thesis/dhrystonevitisworkspace/Linux_bd_wrapper/hw/Linux_bd_wrapper.xsa
TRACE::2024-01-05.21:45:26::SCWPlatform::DSA directory /home/dolu/Documents/GitHub/Thesis/dhrystonevitisworkspace/Linux_bd_wrapper/hw
TRACE::2024-01-05.21:45:26::SCWPlatform:: Platform Path /home/dolu/Documents/GitHub/Thesis/dhrystonevitisworkspace/Linux_bd_wrapper/hw/Linux_bd_wrapper.xsa
TRACE::2024-01-05.21:45:26::SCWPlatform:: Unique name xilinx:nexys-a7-100t::0.0
TRACE::2024-01-05.21:45:26::SCWPlatform::Trying to set the existing hwdb with name Linux_bd_wrapper_0
TRACE::2024-01-05.21:45:26::SCWPlatform::Opened existing hwdb Linux_bd_wrapper_0
TRACE::2024-01-05.21:45:26::SCWPlatform::Found the Hw Db part of the input DSA
TRACE::2024-01-05.21:45:26::SCWMssOS::Checking the sw design at  /home/dolu/Documents/GitHub/Thesis/dhrystonevitisworkspace/Linux_bd_wrapper/microblaze_0/standalone_microblaze_0/bsp/system.mss
TRACE::2024-01-05.21:45:26::SCWMssOS::DEBUG:  swdes dump  
TRACE::2024-01-05.21:45:26::SCWMssOS::No sw design opened at  /home/dolu/Documents/GitHub/Thesis/dhrystonevitisworkspace/Linux_bd_wrapper/microblaze_0/standalone_microblaze_0/bsp/system.mss
TRACE::2024-01-05.21:45:26::SCWMssOS::mss does not exists at /home/dolu/Documents/GitHub/Thesis/dhrystonevitisworkspace/Linux_bd_wrapper/microblaze_0/standalone_microblaze_0/bsp/system.mss
TRACE::2024-01-05.21:45:26::SCWMssOS::Creating sw design at  /home/dolu/Documents/GitHub/Thesis/dhrystonevitisworkspace/Linux_bd_wrapper/microblaze_0/standalone_microblaze_0/bsp/system.mss
TRACE::2024-01-05.21:45:26::SCWMssOS::Adding the swdes entry, created swdb /home/dolu/Documents/GitHub/Thesis/dhrystonevitisworkspace/Linux_bd_wrapper/microblaze_0/standalone_microblaze_0/bsp/system.mss with des name /home/dolu/Documents/GitHub/Thesis/dhrystonevitisworkspace/Linux_bd_wrapper/microblaze_0/standalone_microblaze_0/bsp/system.mss
TRACE::2024-01-05.21:45:26::SCWMssOS::updating the scw layer changes to swdes at   /home/dolu/Documents/GitHub/Thesis/dhrystonevitisworkspace/Linux_bd_wrapper/microblaze_0/standalone_microblaze_0/bsp/system.mss
TRACE::2024-01-05.21:45:26::SCWMssOS::Writing mss at /home/dolu/Documents/GitHub/Thesis/dhrystonevitisworkspace/Linux_bd_wrapper/microblaze_0/standalone_microblaze_0/bsp/system.mss
TRACE::2024-01-05.21:45:26::SCWMssOS::Completed writing the mss file at /home/dolu/Documents/GitHub/Thesis/dhrystonevitisworkspace/Linux_bd_wrapper/microblaze_0/standalone_microblaze_0/bsp
TRACE::2024-01-05.21:45:26::SCWMssOS::Picking up changes from newly written mss file into SCW Layer. 
TRACE::2024-01-05.21:45:26::SCWMssOS::Updated the changes from newly written mss file into SCW Layer. 
TRACE::2024-01-05.21:45:26::SCWMssOS::Completed writing the mss file at /home/dolu/Documents/GitHub/Thesis/dhrystonevitisworkspace/Linux_bd_wrapper/microblaze_0/standalone_microblaze_0/bsp
TRACE::2024-01-05.21:45:26::SCWMssOS::Forcing BSP Sources regeneration.
TRACE::2024-01-05.21:45:26::SCWMssOS::Saving the mss changes /home/dolu/Documents/GitHub/Thesis/dhrystonevitisworkspace/Linux_bd_wrapper/microblaze_0/standalone_microblaze_0/bsp/system.mss
TRACE::2024-01-05.21:45:26::SCWMssOS::Adding the swdes entry, mss present, able to open swdb /home/dolu/Documents/GitHub/Thesis/dhrystonevitisworkspace/Linux_bd_wrapper/microblaze_0/standalone_microblaze_0/bsp/system.mss with des name system
TRACE::2024-01-05.21:45:26::SCWMssOS::Writing the mss file completed /home/dolu/Documents/GitHub/Thesis/dhrystonevitisworkspace/Linux_bd_wrapper/microblaze_0/standalone_microblaze_0/bsp/system.mss
TRACE::2024-01-05.21:45:26::SCWMssOS::Commit changes completed.
TRACE::2024-01-05.21:45:26::SCWPlatform::Trying to open the hw design at /home/dolu/Documents/GitHub/Thesis/dhrystonevitisworkspace/Linux_bd_wrapper/hw/Linux_bd_wrapper.xsa
TRACE::2024-01-05.21:45:26::SCWPlatform::DSA given /home/dolu/Documents/GitHub/Thesis/dhrystonevitisworkspace/Linux_bd_wrapper/hw/Linux_bd_wrapper.xsa
TRACE::2024-01-05.21:45:26::SCWPlatform::DSA absoulate path /home/dolu/Documents/GitHub/Thesis/dhrystonevitisworkspace/Linux_bd_wrapper/hw/Linux_bd_wrapper.xsa
TRACE::2024-01-05.21:45:26::SCWPlatform::DSA directory /home/dolu/Documents/GitHub/Thesis/dhrystonevitisworkspace/Linux_bd_wrapper/hw
TRACE::2024-01-05.21:45:26::SCWPlatform:: Platform Path /home/dolu/Documents/GitHub/Thesis/dhrystonevitisworkspace/Linux_bd_wrapper/hw/Linux_bd_wrapper.xsa
TRACE::2024-01-05.21:45:26::SCWPlatform:: Unique name xilinx:nexys-a7-100t::0.0
TRACE::2024-01-05.21:45:26::SCWPlatform::Trying to set the existing hwdb with name Linux_bd_wrapper_0
TRACE::2024-01-05.21:45:26::SCWPlatform::Opened existing hwdb Linux_bd_wrapper_0
TRACE::2024-01-05.21:45:26::SCWPlatform::Found the Hw Db part of the input DSA
TRACE::2024-01-05.21:45:26::SCWMssOS::Checking the sw design at  /home/dolu/Documents/GitHub/Thesis/dhrystonevitisworkspace/Linux_bd_wrapper/microblaze_0/standalone_microblaze_0/bsp/system.mss
TRACE::2024-01-05.21:45:26::SCWMssOS::DEBUG:  swdes dump  /home/dolu/Documents/GitHub/Thesis/dhrystonevitisworkspace/Linux_bd_wrapper/microblaze_0/standalone_microblaze_0/bsp/system.mss|system||

TRACE::2024-01-05.21:45:26::SCWMssOS::Sw design exists and opened at  /home/dolu/Documents/GitHub/Thesis/dhrystonevitisworkspace/Linux_bd_wrapper/microblaze_0/standalone_microblaze_0/bsp/system.mss
TRACE::2024-01-05.21:45:26::SCWPlatform::Trying to open the hw design at /home/dolu/Documents/GitHub/Thesis/dhrystonevitisworkspace/Linux_bd_wrapper/hw/Linux_bd_wrapper.xsa
TRACE::2024-01-05.21:45:26::SCWPlatform::DSA given /home/dolu/Documents/GitHub/Thesis/dhrystonevitisworkspace/Linux_bd_wrapper/hw/Linux_bd_wrapper.xsa
TRACE::2024-01-05.21:45:26::SCWPlatform::DSA absoulate path /home/dolu/Documents/GitHub/Thesis/dhrystonevitisworkspace/Linux_bd_wrapper/hw/Linux_bd_wrapper.xsa
TRACE::2024-01-05.21:45:26::SCWPlatform::DSA directory /home/dolu/Documents/GitHub/Thesis/dhrystonevitisworkspace/Linux_bd_wrapper/hw
TRACE::2024-01-05.21:45:26::SCWPlatform:: Platform Path /home/dolu/Documents/GitHub/Thesis/dhrystonevitisworkspace/Linux_bd_wrapper/hw/Linux_bd_wrapper.xsa
TRACE::2024-01-05.21:45:26::SCWPlatform:: Unique name xilinx:nexys-a7-100t::0.0
TRACE::2024-01-05.21:45:26::SCWPlatform::Trying to set the existing hwdb with name Linux_bd_wrapper_0
TRACE::2024-01-05.21:45:26::SCWPlatform::Opened existing hwdb Linux_bd_wrapper_0
TRACE::2024-01-05.21:45:26::SCWPlatform::Found the Hw Db part of the input DSA
TRACE::2024-01-05.21:45:26::SCWMssOS::Checking the sw design at  /home/dolu/Documents/GitHub/Thesis/dhrystonevitisworkspace/Linux_bd_wrapper/microblaze_0/standalone_microblaze_0/bsp/system.mss
TRACE::2024-01-05.21:45:26::SCWMssOS::DEBUG:  swdes dump  /home/dolu/Documents/GitHub/Thesis/dhrystonevitisworkspace/Linux_bd_wrapper/microblaze_0/standalone_microblaze_0/bsp/system.mss|system||

TRACE::2024-01-05.21:45:26::SCWMssOS::Sw design exists and opened at  /home/dolu/Documents/GitHub/Thesis/dhrystonevitisworkspace/Linux_bd_wrapper/microblaze_0/standalone_microblaze_0/bsp/system.mss
TRACE::2024-01-05.21:45:26::SCWPlatform::Trying to open the hw design at /home/dolu/Documents/GitHub/Thesis/dhrystonevitisworkspace/Linux_bd_wrapper/hw/Linux_bd_wrapper.xsa
TRACE::2024-01-05.21:45:26::SCWPlatform::DSA given /home/dolu/Documents/GitHub/Thesis/dhrystonevitisworkspace/Linux_bd_wrapper/hw/Linux_bd_wrapper.xsa
TRACE::2024-01-05.21:45:26::SCWPlatform::DSA absoulate path /home/dolu/Documents/GitHub/Thesis/dhrystonevitisworkspace/Linux_bd_wrapper/hw/Linux_bd_wrapper.xsa
TRACE::2024-01-05.21:45:26::SCWPlatform::DSA directory /home/dolu/Documents/GitHub/Thesis/dhrystonevitisworkspace/Linux_bd_wrapper/hw
TRACE::2024-01-05.21:45:26::SCWPlatform:: Platform Path /home/dolu/Documents/GitHub/Thesis/dhrystonevitisworkspace/Linux_bd_wrapper/hw/Linux_bd_wrapper.xsa
TRACE::2024-01-05.21:45:26::SCWPlatform:: Unique name xilinx:nexys-a7-100t::0.0
TRACE::2024-01-05.21:45:26::SCWPlatform::Trying to set the existing hwdb with name Linux_bd_wrapper_0
TRACE::2024-01-05.21:45:26::SCWPlatform::Opened existing hwdb Linux_bd_wrapper_0
TRACE::2024-01-05.21:45:26::SCWPlatform::Found the Hw Db part of the input DSA
TRACE::2024-01-05.21:45:26::SCWMssOS::Checking the sw design at  /home/dolu/Documents/GitHub/Thesis/dhrystonevitisworkspace/Linux_bd_wrapper/microblaze_0/standalone_microblaze_0/bsp/system.mss
TRACE::2024-01-05.21:45:26::SCWMssOS::DEBUG:  swdes dump  /home/dolu/Documents/GitHub/Thesis/dhrystonevitisworkspace/Linux_bd_wrapper/microblaze_0/standalone_microblaze_0/bsp/system.mss|system||

TRACE::2024-01-05.21:45:26::SCWMssOS::Sw design exists and opened at  /home/dolu/Documents/GitHub/Thesis/dhrystonevitisworkspace/Linux_bd_wrapper/microblaze_0/standalone_microblaze_0/bsp/system.mss
TRACE::2024-01-05.21:45:26::SCWWriter::formatted JSON is {
	"platformName":	"Linux_bd_wrapper",
	"sprVersion":	"2.0",
	"mode":	"gui",
	"dsaType":	"Fixed",
	"platformDesc":	"Linux_bd_wrapper",
	"platHandOff":	"/home/dolu/Documents/GitHub/Linux_Microblaze_V1.0/Linux_bd_wrapper.xsa",
	"platIntHandOff":	"<platformDir>/hw/Linux_bd_wrapper.xsa",
	"deviceType":	"FPGA",
	"platIsPrebuiltAutogen":	"false",
	"platIsNoBootBsp":	"false",
	"hasFsblMakeHasChanges":	"false",
	"hasPmufwMakeHasChanges":	"false",
	"platPreBuiltFlag":	false,
	"platformSamplesDir":	"",
	"platActiveSys":	"Linux_bd_wrapper",
	"systems":	[{
			"systemName":	"Linux_bd_wrapper",
			"systemDesc":	"Linux_bd_wrapper",
			"sysIsBootAutoGen":	"true",
			"systemDispName":	"Linux_bd_wrapper",
			"sysActiveDom":	"standalone_microblaze_0",
			"sysDefaultDom":	"standalone_microblaze_0",
			"domains":	[{
					"domainName":	"standalone_microblaze_0",
					"domainDispName":	"standalone_microblaze_0",
					"domainDesc":	"standalone_microblaze_0",
					"processors":	"microblaze_0",
					"os":	"standalone",
					"sdxOs":	"standalone",
					"debugEnable":	"False",
					"domRuntimes":	["cpp"],
					"swRepo":	"",
					"mssOsVer":	"8.0",
					"mssFile":	"",
					"md5Digest":	"cee62f4eb8b28fbd8279c631cf3fa85c",
					"compatibleApp":	"dhrystone",
					"domType":	"mssDomain",
					"arch":	"32-bit",
					"appSettings":	{
						"appCompilerFlags":	"",
						"appLinkerFlags":	""
					},
					"addedLibs":	[],
					"libOptions":	{
						"libsContainingOptions":	[]
					},
					"prebuiltLibs":	{
						"prebuiltIncPath":	[],
						"prebuiltLibPath":	[]
					},
					"isolation":	{
					}
				}]
		}]
}
LOG::2024-01-05.21:45:26::SCWPlatform::Started generating the artifacts platform Linux_bd_wrapper
TRACE::2024-01-05.21:45:26::SCWPlatform::Sanity checking of platform is completed
LOG::2024-01-05.21:45:26::SCWPlatform::Started generating the artifacts for system configuration Linux_bd_wrapper
LOG::2024-01-05.21:45:26::SCWSystem::Checking the domain standalone_microblaze_0
LOG::2024-01-05.21:45:26::SCWSystem::Not a boot domain 
LOG::2024-01-05.21:45:26::SCWSystem::Started Processing the domain standalone_microblaze_0
TRACE::2024-01-05.21:45:26::SCWDomain::Generating domain artifcats
TRACE::2024-01-05.21:45:26::SCWMssOS::Generating standalone artifcats
TRACE::2024-01-05.21:45:26::SCWMssOS:: Copying the user libraries. 
TRACE::2024-01-05.21:45:26::SCWPlatform::Trying to open the hw design at /home/dolu/Documents/GitHub/Thesis/dhrystonevitisworkspace/Linux_bd_wrapper/hw/Linux_bd_wrapper.xsa
TRACE::2024-01-05.21:45:26::SCWPlatform::DSA given /home/dolu/Documents/GitHub/Thesis/dhrystonevitisworkspace/Linux_bd_wrapper/hw/Linux_bd_wrapper.xsa
TRACE::2024-01-05.21:45:26::SCWPlatform::DSA absoulate path /home/dolu/Documents/GitHub/Thesis/dhrystonevitisworkspace/Linux_bd_wrapper/hw/Linux_bd_wrapper.xsa
TRACE::2024-01-05.21:45:26::SCWPlatform::DSA directory /home/dolu/Documents/GitHub/Thesis/dhrystonevitisworkspace/Linux_bd_wrapper/hw
TRACE::2024-01-05.21:45:26::SCWPlatform:: Platform Path /home/dolu/Documents/GitHub/Thesis/dhrystonevitisworkspace/Linux_bd_wrapper/hw/Linux_bd_wrapper.xsa
TRACE::2024-01-05.21:45:26::SCWPlatform:: Unique name xilinx:nexys-a7-100t::0.0
TRACE::2024-01-05.21:45:26::SCWPlatform::Trying to set the existing hwdb with name Linux_bd_wrapper_0
TRACE::2024-01-05.21:45:26::SCWPlatform::Opened existing hwdb Linux_bd_wrapper_0
TRACE::2024-01-05.21:45:26::SCWPlatform::Found the Hw Db part of the input DSA
TRACE::2024-01-05.21:45:26::SCWMssOS::Checking the sw design at  /home/dolu/Documents/GitHub/Thesis/dhrystonevitisworkspace/Linux_bd_wrapper/microblaze_0/standalone_microblaze_0/bsp/system.mss
TRACE::2024-01-05.21:45:26::SCWMssOS::DEBUG:  swdes dump  /home/dolu/Documents/GitHub/Thesis/dhrystonevitisworkspace/Linux_bd_wrapper/microblaze_0/standalone_microblaze_0/bsp/system.mss|system||

TRACE::2024-01-05.21:45:26::SCWMssOS::Sw design exists and opened at  /home/dolu/Documents/GitHub/Thesis/dhrystonevitisworkspace/Linux_bd_wrapper/microblaze_0/standalone_microblaze_0/bsp/system.mss
TRACE::2024-01-05.21:45:26::SCWMssOS::Completed writing the mss file at /home/dolu/Documents/GitHub/Thesis/dhrystonevitisworkspace/Linux_bd_wrapper/microblaze_0/standalone_microblaze_0/bsp
TRACE::2024-01-05.21:45:26::SCWMssOS::Mss edits present, copying mssfile into export location /home/dolu/Documents/GitHub/Thesis/dhrystonevitisworkspace/Linux_bd_wrapper/microblaze_0/standalone_microblaze_0/bsp/system.mss
TRACE::2024-01-05.21:45:26::SCWMssOS::bsp generated is upto date with the mss file. Skipping bsp generation.
TRACE::2024-01-05.21:45:26::SCWMssOS::BSP is already built. skipping the bsp build ... 
TRACE::2024-01-05.21:45:26::SCWDomain::Skipping the build for domain :  standalone_microblaze_0
TRACE::2024-01-05.21:45:26::SCWMssOS::skipping the bsp build ... 
TRACE::2024-01-05.21:45:26::SCWMssOS::Copying to export directory.
TRACE::2024-01-05.21:45:26::SCWMssOS:: Checking if to create the Supporting Applications
TRACE::2024-01-05.21:45:26::SCWMssOS:: No Linux domain exists, trying to generate FSBL 
LOG::2024-01-05.21:45:26::SCWSystem::Completed Processing the domain standalone_microblaze_0
LOG::2024-01-05.21:45:26::SCWSystem::Completed Processing the sysconfig Linux_bd_wrapper
LOG::2024-01-05.21:45:26::SCWPlatform::Completed generating the artifacts for system configuration Linux_bd_wrapper
TRACE::2024-01-05.21:45:26::SCWPlatform::Started preparing the platform 
TRACE::2024-01-05.21:45:26::SCWSystem::Writing the bif file for system config Linux_bd_wrapper
TRACE::2024-01-05.21:45:26::SCWSystem::dir created 
TRACE::2024-01-05.21:45:26::SCWSystem::Writing the bif 
TRACE::2024-01-05.21:45:26::SCWPlatform::Started writing the spfm file 
TRACE::2024-01-05.21:45:26::SCWPlatform::Started writing the xpfm file 
TRACE::2024-01-05.21:45:26::SCWPlatform::Completed generating the platform
TRACE::2024-01-05.21:45:26::SCWMssOS::Saving the mss changes /home/dolu/Documents/GitHub/Thesis/dhrystonevitisworkspace/Linux_bd_wrapper/microblaze_0/standalone_microblaze_0/bsp/system.mss
TRACE::2024-01-05.21:45:26::SCWMssOS::Found a swdesign opened with the mssfile.
TRACE::2024-01-05.21:45:26::SCWMssOS::Completed writemss as part of save.
TRACE::2024-01-05.21:45:26::SCWMssOS::Commit changes completed.
TRACE::2024-01-05.21:45:26::SCWPlatform::Trying to open the hw design at /home/dolu/Documents/GitHub/Thesis/dhrystonevitisworkspace/Linux_bd_wrapper/hw/Linux_bd_wrapper.xsa
TRACE::2024-01-05.21:45:26::SCWPlatform::DSA given /home/dolu/Documents/GitHub/Thesis/dhrystonevitisworkspace/Linux_bd_wrapper/hw/Linux_bd_wrapper.xsa
TRACE::2024-01-05.21:45:26::SCWPlatform::DSA absoulate path /home/dolu/Documents/GitHub/Thesis/dhrystonevitisworkspace/Linux_bd_wrapper/hw/Linux_bd_wrapper.xsa
TRACE::2024-01-05.21:45:26::SCWPlatform::DSA directory /home/dolu/Documents/GitHub/Thesis/dhrystonevitisworkspace/Linux_bd_wrapper/hw
TRACE::2024-01-05.21:45:26::SCWPlatform:: Platform Path /home/dolu/Documents/GitHub/Thesis/dhrystonevitisworkspace/Linux_bd_wrapper/hw/Linux_bd_wrapper.xsa
TRACE::2024-01-05.21:45:26::SCWPlatform:: Unique name xilinx:nexys-a7-100t::0.0
TRACE::2024-01-05.21:45:26::SCWPlatform::Trying to set the existing hwdb with name Linux_bd_wrapper_0
TRACE::2024-01-05.21:45:26::SCWPlatform::Opened existing hwdb Linux_bd_wrapper_0
TRACE::2024-01-05.21:45:26::SCWPlatform::Found the Hw Db part of the input DSA
TRACE::2024-01-05.21:45:26::SCWMssOS::Checking the sw design at  /home/dolu/Documents/GitHub/Thesis/dhrystonevitisworkspace/Linux_bd_wrapper/microblaze_0/standalone_microblaze_0/bsp/system.mss
TRACE::2024-01-05.21:45:26::SCWMssOS::DEBUG:  swdes dump  /home/dolu/Documents/GitHub/Thesis/dhrystonevitisworkspace/Linux_bd_wrapper/microblaze_0/standalone_microblaze_0/bsp/system.mss|system||

TRACE::2024-01-05.21:45:26::SCWMssOS::Sw design exists and opened at  /home/dolu/Documents/GitHub/Thesis/dhrystonevitisworkspace/Linux_bd_wrapper/microblaze_0/standalone_microblaze_0/bsp/system.mss
TRACE::2024-01-05.21:45:26::SCWPlatform::Trying to open the hw design at /home/dolu/Documents/GitHub/Thesis/dhrystonevitisworkspace/Linux_bd_wrapper/hw/Linux_bd_wrapper.xsa
TRACE::2024-01-05.21:45:26::SCWPlatform::DSA given /home/dolu/Documents/GitHub/Thesis/dhrystonevitisworkspace/Linux_bd_wrapper/hw/Linux_bd_wrapper.xsa
TRACE::2024-01-05.21:45:26::SCWPlatform::DSA absoulate path /home/dolu/Documents/GitHub/Thesis/dhrystonevitisworkspace/Linux_bd_wrapper/hw/Linux_bd_wrapper.xsa
TRACE::2024-01-05.21:45:26::SCWPlatform::DSA directory /home/dolu/Documents/GitHub/Thesis/dhrystonevitisworkspace/Linux_bd_wrapper/hw
TRACE::2024-01-05.21:45:26::SCWPlatform:: Platform Path /home/dolu/Documents/GitHub/Thesis/dhrystonevitisworkspace/Linux_bd_wrapper/hw/Linux_bd_wrapper.xsa
TRACE::2024-01-05.21:45:26::SCWPlatform:: Unique name xilinx:nexys-a7-100t::0.0
TRACE::2024-01-05.21:45:26::SCWPlatform::Trying to set the existing hwdb with name Linux_bd_wrapper_0
TRACE::2024-01-05.21:45:26::SCWPlatform::Opened existing hwdb Linux_bd_wrapper_0
TRACE::2024-01-05.21:45:26::SCWPlatform::Found the Hw Db part of the input DSA
TRACE::2024-01-05.21:45:26::SCWMssOS::Checking the sw design at  /home/dolu/Documents/GitHub/Thesis/dhrystonevitisworkspace/Linux_bd_wrapper/microblaze_0/standalone_microblaze_0/bsp/system.mss
TRACE::2024-01-05.21:45:26::SCWMssOS::DEBUG:  swdes dump  /home/dolu/Documents/GitHub/Thesis/dhrystonevitisworkspace/Linux_bd_wrapper/microblaze_0/standalone_microblaze_0/bsp/system.mss|system||

TRACE::2024-01-05.21:45:26::SCWMssOS::Sw design exists and opened at  /home/dolu/Documents/GitHub/Thesis/dhrystonevitisworkspace/Linux_bd_wrapper/microblaze_0/standalone_microblaze_0/bsp/system.mss
TRACE::2024-01-05.21:45:26::SCWPlatform::Trying to open the hw design at /home/dolu/Documents/GitHub/Thesis/dhrystonevitisworkspace/Linux_bd_wrapper/hw/Linux_bd_wrapper.xsa
TRACE::2024-01-05.21:45:26::SCWPlatform::DSA given /home/dolu/Documents/GitHub/Thesis/dhrystonevitisworkspace/Linux_bd_wrapper/hw/Linux_bd_wrapper.xsa
TRACE::2024-01-05.21:45:26::SCWPlatform::DSA absoulate path /home/dolu/Documents/GitHub/Thesis/dhrystonevitisworkspace/Linux_bd_wrapper/hw/Linux_bd_wrapper.xsa
TRACE::2024-01-05.21:45:26::SCWPlatform::DSA directory /home/dolu/Documents/GitHub/Thesis/dhrystonevitisworkspace/Linux_bd_wrapper/hw
TRACE::2024-01-05.21:45:26::SCWPlatform:: Platform Path /home/dolu/Documents/GitHub/Thesis/dhrystonevitisworkspace/Linux_bd_wrapper/hw/Linux_bd_wrapper.xsa
TRACE::2024-01-05.21:45:26::SCWPlatform:: Unique name xilinx:nexys-a7-100t::0.0
TRACE::2024-01-05.21:45:26::SCWPlatform::Trying to set the existing hwdb with name Linux_bd_wrapper_0
TRACE::2024-01-05.21:45:26::SCWPlatform::Opened existing hwdb Linux_bd_wrapper_0
TRACE::2024-01-05.21:45:26::SCWPlatform::Found the Hw Db part of the input DSA
TRACE::2024-01-05.21:45:26::SCWMssOS::Checking the sw design at  /home/dolu/Documents/GitHub/Thesis/dhrystonevitisworkspace/Linux_bd_wrapper/microblaze_0/standalone_microblaze_0/bsp/system.mss
TRACE::2024-01-05.21:45:26::SCWMssOS::DEBUG:  swdes dump  /home/dolu/Documents/GitHub/Thesis/dhrystonevitisworkspace/Linux_bd_wrapper/microblaze_0/standalone_microblaze_0/bsp/system.mss|system||

TRACE::2024-01-05.21:45:26::SCWMssOS::Sw design exists and opened at  /home/dolu/Documents/GitHub/Thesis/dhrystonevitisworkspace/Linux_bd_wrapper/microblaze_0/standalone_microblaze_0/bsp/system.mss
TRACE::2024-01-05.21:45:26::SCWWriter::formatted JSON is {
	"platformName":	"Linux_bd_wrapper",
	"sprVersion":	"2.0",
	"mode":	"gui",
	"dsaType":	"Fixed",
	"platformDesc":	"Linux_bd_wrapper",
	"platHandOff":	"/home/dolu/Documents/GitHub/Linux_Microblaze_V1.0/Linux_bd_wrapper.xsa",
	"platIntHandOff":	"<platformDir>/hw/Linux_bd_wrapper.xsa",
	"deviceType":	"FPGA",
	"platIsPrebuiltAutogen":	"false",
	"platIsNoBootBsp":	"false",
	"hasFsblMakeHasChanges":	"false",
	"hasPmufwMakeHasChanges":	"false",
	"platPreBuiltFlag":	false,
	"platformSamplesDir":	"",
	"platActiveSys":	"Linux_bd_wrapper",
	"systems":	[{
			"systemName":	"Linux_bd_wrapper",
			"systemDesc":	"Linux_bd_wrapper",
			"sysIsBootAutoGen":	"true",
			"systemDispName":	"Linux_bd_wrapper",
			"sysActiveDom":	"standalone_microblaze_0",
			"sysDefaultDom":	"standalone_microblaze_0",
			"domains":	[{
					"domainName":	"standalone_microblaze_0",
					"domainDispName":	"standalone_microblaze_0",
					"domainDesc":	"standalone_microblaze_0",
					"processors":	"microblaze_0",
					"os":	"standalone",
					"sdxOs":	"standalone",
					"debugEnable":	"False",
					"domRuntimes":	["cpp"],
					"swRepo":	"",
					"mssOsVer":	"8.0",
					"mssFile":	"",
					"md5Digest":	"cee62f4eb8b28fbd8279c631cf3fa85c",
					"compatibleApp":	"dhrystone",
					"domType":	"mssDomain",
					"arch":	"32-bit",
					"appSettings":	{
						"appCompilerFlags":	"",
						"appLinkerFlags":	""
					},
					"addedLibs":	[],
					"libOptions":	{
						"libsContainingOptions":	[]
					},
					"prebuiltLibs":	{
						"prebuiltIncPath":	[],
						"prebuiltLibPath":	[]
					},
					"isolation":	{
					}
				}]
		}]
}
KEYINFO::2024-01-05.21:45:26::SCWPlatform::updated the xpfm file.
TRACE::2024-01-05.21:45:26::SCWPlatform::Trying to open the hw design at /home/dolu/Documents/GitHub/Thesis/dhrystonevitisworkspace/Linux_bd_wrapper/hw/Linux_bd_wrapper.xsa
TRACE::2024-01-05.21:45:26::SCWPlatform::DSA given /home/dolu/Documents/GitHub/Thesis/dhrystonevitisworkspace/Linux_bd_wrapper/hw/Linux_bd_wrapper.xsa
TRACE::2024-01-05.21:45:26::SCWPlatform::DSA absoulate path /home/dolu/Documents/GitHub/Thesis/dhrystonevitisworkspace/Linux_bd_wrapper/hw/Linux_bd_wrapper.xsa
TRACE::2024-01-05.21:45:26::SCWPlatform::DSA directory /home/dolu/Documents/GitHub/Thesis/dhrystonevitisworkspace/Linux_bd_wrapper/hw
TRACE::2024-01-05.21:45:26::SCWPlatform:: Platform Path /home/dolu/Documents/GitHub/Thesis/dhrystonevitisworkspace/Linux_bd_wrapper/hw/Linux_bd_wrapper.xsa
TRACE::2024-01-05.21:45:26::SCWPlatform:: Unique name xilinx:nexys-a7-100t::0.0
TRACE::2024-01-05.21:45:26::SCWPlatform::Trying to set the existing hwdb with name Linux_bd_wrapper_0
TRACE::2024-01-05.21:45:26::SCWPlatform::Opened existing hwdb Linux_bd_wrapper_0
TRACE::2024-01-05.21:45:26::SCWPlatform::Found the Hw Db part of the input DSA
TRACE::2024-01-05.21:45:26::SCWMssOS::Checking the sw design at  /home/dolu/Documents/GitHub/Thesis/dhrystonevitisworkspace/Linux_bd_wrapper/microblaze_0/standalone_microblaze_0/bsp/system.mss
TRACE::2024-01-05.21:45:26::SCWMssOS::DEBUG:  swdes dump  /home/dolu/Documents/GitHub/Thesis/dhrystonevitisworkspace/Linux_bd_wrapper/microblaze_0/standalone_microblaze_0/bsp/system.mss|system||

TRACE::2024-01-05.21:45:26::SCWMssOS::Sw design exists and opened at  /home/dolu/Documents/GitHub/Thesis/dhrystonevitisworkspace/Linux_bd_wrapper/microblaze_0/standalone_microblaze_0/bsp/system.mss
TRACE::2024-01-05.21:45:26::SCWMssOS::Saving the mss changes /home/dolu/Documents/GitHub/Thesis/dhrystonevitisworkspace/Linux_bd_wrapper/microblaze_0/standalone_microblaze_0/bsp/system.mss
TRACE::2024-01-05.21:45:26::SCWMssOS::Found a swdesign opened with the mssfile.
TRACE::2024-01-05.21:45:26::SCWMssOS::Completed writemss as part of save.
TRACE::2024-01-05.21:45:26::SCWMssOS::Commit changes completed.
TRACE::2024-01-05.21:45:26::SCWPlatform::Trying to open the hw design at /home/dolu/Documents/GitHub/Thesis/dhrystonevitisworkspace/Linux_bd_wrapper/hw/Linux_bd_wrapper.xsa
TRACE::2024-01-05.21:45:26::SCWPlatform::DSA given /home/dolu/Documents/GitHub/Thesis/dhrystonevitisworkspace/Linux_bd_wrapper/hw/Linux_bd_wrapper.xsa
TRACE::2024-01-05.21:45:26::SCWPlatform::DSA absoulate path /home/dolu/Documents/GitHub/Thesis/dhrystonevitisworkspace/Linux_bd_wrapper/hw/Linux_bd_wrapper.xsa
TRACE::2024-01-05.21:45:26::SCWPlatform::DSA directory /home/dolu/Documents/GitHub/Thesis/dhrystonevitisworkspace/Linux_bd_wrapper/hw
TRACE::2024-01-05.21:45:26::SCWPlatform:: Platform Path /home/dolu/Documents/GitHub/Thesis/dhrystonevitisworkspace/Linux_bd_wrapper/hw/Linux_bd_wrapper.xsa
TRACE::2024-01-05.21:45:26::SCWPlatform:: Unique name xilinx:nexys-a7-100t::0.0
TRACE::2024-01-05.21:45:26::SCWPlatform::Trying to set the existing hwdb with name Linux_bd_wrapper_0
TRACE::2024-01-05.21:45:26::SCWPlatform::Opened existing hwdb Linux_bd_wrapper_0
TRACE::2024-01-05.21:45:26::SCWPlatform::Found the Hw Db part of the input DSA
TRACE::2024-01-05.21:45:26::SCWMssOS::Checking the sw design at  /home/dolu/Documents/GitHub/Thesis/dhrystonevitisworkspace/Linux_bd_wrapper/microblaze_0/standalone_microblaze_0/bsp/system.mss
TRACE::2024-01-05.21:45:26::SCWMssOS::DEBUG:  swdes dump  /home/dolu/Documents/GitHub/Thesis/dhrystonevitisworkspace/Linux_bd_wrapper/microblaze_0/standalone_microblaze_0/bsp/system.mss|system||

TRACE::2024-01-05.21:45:26::SCWMssOS::Sw design exists and opened at  /home/dolu/Documents/GitHub/Thesis/dhrystonevitisworkspace/Linux_bd_wrapper/microblaze_0/standalone_microblaze_0/bsp/system.mss
TRACE::2024-01-05.21:45:26::SCWPlatform::Trying to open the hw design at /home/dolu/Documents/GitHub/Thesis/dhrystonevitisworkspace/Linux_bd_wrapper/hw/Linux_bd_wrapper.xsa
TRACE::2024-01-05.21:45:26::SCWPlatform::DSA given /home/dolu/Documents/GitHub/Thesis/dhrystonevitisworkspace/Linux_bd_wrapper/hw/Linux_bd_wrapper.xsa
TRACE::2024-01-05.21:45:26::SCWPlatform::DSA absoulate path /home/dolu/Documents/GitHub/Thesis/dhrystonevitisworkspace/Linux_bd_wrapper/hw/Linux_bd_wrapper.xsa
TRACE::2024-01-05.21:45:26::SCWPlatform::DSA directory /home/dolu/Documents/GitHub/Thesis/dhrystonevitisworkspace/Linux_bd_wrapper/hw
TRACE::2024-01-05.21:45:26::SCWPlatform:: Platform Path /home/dolu/Documents/GitHub/Thesis/dhrystonevitisworkspace/Linux_bd_wrapper/hw/Linux_bd_wrapper.xsa
TRACE::2024-01-05.21:45:26::SCWPlatform:: Unique name xilinx:nexys-a7-100t::0.0
TRACE::2024-01-05.21:45:26::SCWPlatform::Trying to set the existing hwdb with name Linux_bd_wrapper_0
TRACE::2024-01-05.21:45:26::SCWPlatform::Opened existing hwdb Linux_bd_wrapper_0
TRACE::2024-01-05.21:45:26::SCWPlatform::Found the Hw Db part of the input DSA
TRACE::2024-01-05.21:45:26::SCWMssOS::Checking the sw design at  /home/dolu/Documents/GitHub/Thesis/dhrystonevitisworkspace/Linux_bd_wrapper/microblaze_0/standalone_microblaze_0/bsp/system.mss
TRACE::2024-01-05.21:45:26::SCWMssOS::DEBUG:  swdes dump  /home/dolu/Documents/GitHub/Thesis/dhrystonevitisworkspace/Linux_bd_wrapper/microblaze_0/standalone_microblaze_0/bsp/system.mss|system||

TRACE::2024-01-05.21:45:26::SCWMssOS::Sw design exists and opened at  /home/dolu/Documents/GitHub/Thesis/dhrystonevitisworkspace/Linux_bd_wrapper/microblaze_0/standalone_microblaze_0/bsp/system.mss
TRACE::2024-01-05.21:45:26::SCWPlatform::Trying to open the hw design at /home/dolu/Documents/GitHub/Thesis/dhrystonevitisworkspace/Linux_bd_wrapper/hw/Linux_bd_wrapper.xsa
TRACE::2024-01-05.21:45:26::SCWPlatform::DSA given /home/dolu/Documents/GitHub/Thesis/dhrystonevitisworkspace/Linux_bd_wrapper/hw/Linux_bd_wrapper.xsa
TRACE::2024-01-05.21:45:26::SCWPlatform::DSA absoulate path /home/dolu/Documents/GitHub/Thesis/dhrystonevitisworkspace/Linux_bd_wrapper/hw/Linux_bd_wrapper.xsa
TRACE::2024-01-05.21:45:26::SCWPlatform::DSA directory /home/dolu/Documents/GitHub/Thesis/dhrystonevitisworkspace/Linux_bd_wrapper/hw
TRACE::2024-01-05.21:45:26::SCWPlatform:: Platform Path /home/dolu/Documents/GitHub/Thesis/dhrystonevitisworkspace/Linux_bd_wrapper/hw/Linux_bd_wrapper.xsa
TRACE::2024-01-05.21:45:26::SCWPlatform:: Unique name xilinx:nexys-a7-100t::0.0
TRACE::2024-01-05.21:45:26::SCWPlatform::Trying to set the existing hwdb with name Linux_bd_wrapper_0
TRACE::2024-01-05.21:45:26::SCWPlatform::Opened existing hwdb Linux_bd_wrapper_0
TRACE::2024-01-05.21:45:26::SCWPlatform::Found the Hw Db part of the input DSA
TRACE::2024-01-05.21:45:26::SCWMssOS::Checking the sw design at  /home/dolu/Documents/GitHub/Thesis/dhrystonevitisworkspace/Linux_bd_wrapper/microblaze_0/standalone_microblaze_0/bsp/system.mss
TRACE::2024-01-05.21:45:26::SCWMssOS::DEBUG:  swdes dump  /home/dolu/Documents/GitHub/Thesis/dhrystonevitisworkspace/Linux_bd_wrapper/microblaze_0/standalone_microblaze_0/bsp/system.mss|system||

TRACE::2024-01-05.21:45:26::SCWMssOS::Sw design exists and opened at  /home/dolu/Documents/GitHub/Thesis/dhrystonevitisworkspace/Linux_bd_wrapper/microblaze_0/standalone_microblaze_0/bsp/system.mss
TRACE::2024-01-05.21:45:26::SCWWriter::formatted JSON is {
	"platformName":	"Linux_bd_wrapper",
	"sprVersion":	"2.0",
	"mode":	"gui",
	"dsaType":	"Fixed",
	"platformDesc":	"Linux_bd_wrapper",
	"platHandOff":	"/home/dolu/Documents/GitHub/Linux_Microblaze_V1.0/Linux_bd_wrapper.xsa",
	"platIntHandOff":	"<platformDir>/hw/Linux_bd_wrapper.xsa",
	"deviceType":	"FPGA",
	"platIsPrebuiltAutogen":	"false",
	"platIsNoBootBsp":	"false",
	"hasFsblMakeHasChanges":	"false",
	"hasPmufwMakeHasChanges":	"false",
	"platPreBuiltFlag":	false,
	"platformSamplesDir":	"",
	"platActiveSys":	"Linux_bd_wrapper",
	"systems":	[{
			"systemName":	"Linux_bd_wrapper",
			"systemDesc":	"Linux_bd_wrapper",
			"sysIsBootAutoGen":	"true",
			"systemDispName":	"Linux_bd_wrapper",
			"sysActiveDom":	"standalone_microblaze_0",
			"sysDefaultDom":	"standalone_microblaze_0",
			"domains":	[{
					"domainName":	"standalone_microblaze_0",
					"domainDispName":	"standalone_microblaze_0",
					"domainDesc":	"standalone_microblaze_0",
					"processors":	"microblaze_0",
					"os":	"standalone",
					"sdxOs":	"standalone",
					"debugEnable":	"False",
					"domRuntimes":	["cpp"],
					"swRepo":	"",
					"mssOsVer":	"8.0",
					"mssFile":	"",
					"md5Digest":	"cee62f4eb8b28fbd8279c631cf3fa85c",
					"compatibleApp":	"dhrystone",
					"domType":	"mssDomain",
					"arch":	"32-bit",
					"appSettings":	{
						"appCompilerFlags":	"",
						"appLinkerFlags":	""
					},
					"addedLibs":	[],
					"libOptions":	{
						"libsContainingOptions":	[]
					},
					"prebuiltLibs":	{
						"prebuiltIncPath":	[],
						"prebuiltLibPath":	[]
					},
					"isolation":	{
					}
				}]
		}]
}
TRACE::2024-01-05.21:45:26::SCWPlatform::Trying to open the hw design at /home/dolu/Documents/GitHub/Thesis/dhrystonevitisworkspace/Linux_bd_wrapper/hw/Linux_bd_wrapper.xsa
TRACE::2024-01-05.21:45:26::SCWPlatform::DSA given /home/dolu/Documents/GitHub/Thesis/dhrystonevitisworkspace/Linux_bd_wrapper/hw/Linux_bd_wrapper.xsa
TRACE::2024-01-05.21:45:26::SCWPlatform::DSA absoulate path /home/dolu/Documents/GitHub/Thesis/dhrystonevitisworkspace/Linux_bd_wrapper/hw/Linux_bd_wrapper.xsa
TRACE::2024-01-05.21:45:26::SCWPlatform::DSA directory /home/dolu/Documents/GitHub/Thesis/dhrystonevitisworkspace/Linux_bd_wrapper/hw
TRACE::2024-01-05.21:45:26::SCWPlatform:: Platform Path /home/dolu/Documents/GitHub/Thesis/dhrystonevitisworkspace/Linux_bd_wrapper/hw/Linux_bd_wrapper.xsa
TRACE::2024-01-05.21:45:26::SCWPlatform:: Unique name xilinx:nexys-a7-100t::0.0
TRACE::2024-01-05.21:45:26::SCWPlatform::Trying to set the existing hwdb with name Linux_bd_wrapper_0
TRACE::2024-01-05.21:45:26::SCWPlatform::Opened existing hwdb Linux_bd_wrapper_0
TRACE::2024-01-05.21:45:26::SCWPlatform::Found the Hw Db part of the input DSA
TRACE::2024-01-05.21:45:26::SCWMssOS::Checking the sw design at  /home/dolu/Documents/GitHub/Thesis/dhrystonevitisworkspace/Linux_bd_wrapper/microblaze_0/standalone_microblaze_0/bsp/system.mss
TRACE::2024-01-05.21:45:26::SCWMssOS::DEBUG:  swdes dump  /home/dolu/Documents/GitHub/Thesis/dhrystonevitisworkspace/Linux_bd_wrapper/microblaze_0/standalone_microblaze_0/bsp/system.mss|system||

TRACE::2024-01-05.21:45:26::SCWMssOS::Sw design exists and opened at  /home/dolu/Documents/GitHub/Thesis/dhrystonevitisworkspace/Linux_bd_wrapper/microblaze_0/standalone_microblaze_0/bsp/system.mss
TRACE::2024-01-05.21:45:26::SCWPlatform::Trying to open the hw design at /home/dolu/Documents/GitHub/Thesis/dhrystonevitisworkspace/Linux_bd_wrapper/hw/Linux_bd_wrapper.xsa
TRACE::2024-01-05.21:45:26::SCWPlatform::DSA given /home/dolu/Documents/GitHub/Thesis/dhrystonevitisworkspace/Linux_bd_wrapper/hw/Linux_bd_wrapper.xsa
TRACE::2024-01-05.21:45:26::SCWPlatform::DSA absoulate path /home/dolu/Documents/GitHub/Thesis/dhrystonevitisworkspace/Linux_bd_wrapper/hw/Linux_bd_wrapper.xsa
TRACE::2024-01-05.21:45:26::SCWPlatform::DSA directory /home/dolu/Documents/GitHub/Thesis/dhrystonevitisworkspace/Linux_bd_wrapper/hw
TRACE::2024-01-05.21:45:26::SCWPlatform:: Platform Path /home/dolu/Documents/GitHub/Thesis/dhrystonevitisworkspace/Linux_bd_wrapper/hw/Linux_bd_wrapper.xsa
TRACE::2024-01-05.21:45:26::SCWPlatform:: Unique name xilinx:nexys-a7-100t::0.0
TRACE::2024-01-05.21:45:26::SCWPlatform::Trying to set the existing hwdb with name Linux_bd_wrapper_0
TRACE::2024-01-05.21:45:26::SCWPlatform::Opened existing hwdb Linux_bd_wrapper_0
TRACE::2024-01-05.21:45:26::SCWPlatform::Found the Hw Db part of the input DSA
TRACE::2024-01-05.21:45:26::SCWMssOS::Checking the sw design at  /home/dolu/Documents/GitHub/Thesis/dhrystonevitisworkspace/Linux_bd_wrapper/microblaze_0/standalone_microblaze_0/bsp/system.mss
TRACE::2024-01-05.21:45:26::SCWMssOS::DEBUG:  swdes dump  /home/dolu/Documents/GitHub/Thesis/dhrystonevitisworkspace/Linux_bd_wrapper/microblaze_0/standalone_microblaze_0/bsp/system.mss|system||

TRACE::2024-01-05.21:45:26::SCWMssOS::Sw design exists and opened at  /home/dolu/Documents/GitHub/Thesis/dhrystonevitisworkspace/Linux_bd_wrapper/microblaze_0/standalone_microblaze_0/bsp/system.mss
TRACE::2024-01-05.21:45:26::SCWMssOS::Saving the mss changes /home/dolu/Documents/GitHub/Thesis/dhrystonevitisworkspace/Linux_bd_wrapper/microblaze_0/standalone_microblaze_0/bsp/system.mss
TRACE::2024-01-05.21:45:26::SCWMssOS::Found a swdesign opened with the mssfile.
TRACE::2024-01-05.21:45:26::SCWMssOS::Completed writemss as part of save.
TRACE::2024-01-05.21:45:26::SCWMssOS::Commit changes completed.
TRACE::2024-01-05.21:45:26::SCWPlatform::Trying to open the hw design at /home/dolu/Documents/GitHub/Thesis/dhrystonevitisworkspace/Linux_bd_wrapper/hw/Linux_bd_wrapper.xsa
TRACE::2024-01-05.21:45:26::SCWPlatform::DSA given /home/dolu/Documents/GitHub/Thesis/dhrystonevitisworkspace/Linux_bd_wrapper/hw/Linux_bd_wrapper.xsa
TRACE::2024-01-05.21:45:26::SCWPlatform::DSA absoulate path /home/dolu/Documents/GitHub/Thesis/dhrystonevitisworkspace/Linux_bd_wrapper/hw/Linux_bd_wrapper.xsa
TRACE::2024-01-05.21:45:26::SCWPlatform::DSA directory /home/dolu/Documents/GitHub/Thesis/dhrystonevitisworkspace/Linux_bd_wrapper/hw
TRACE::2024-01-05.21:45:26::SCWPlatform:: Platform Path /home/dolu/Documents/GitHub/Thesis/dhrystonevitisworkspace/Linux_bd_wrapper/hw/Linux_bd_wrapper.xsa
TRACE::2024-01-05.21:45:26::SCWPlatform:: Unique name xilinx:nexys-a7-100t::0.0
TRACE::2024-01-05.21:45:26::SCWPlatform::Trying to set the existing hwdb with name Linux_bd_wrapper_0
TRACE::2024-01-05.21:45:26::SCWPlatform::Opened existing hwdb Linux_bd_wrapper_0
TRACE::2024-01-05.21:45:26::SCWPlatform::Found the Hw Db part of the input DSA
TRACE::2024-01-05.21:45:26::SCWMssOS::Checking the sw design at  /home/dolu/Documents/GitHub/Thesis/dhrystonevitisworkspace/Linux_bd_wrapper/microblaze_0/standalone_microblaze_0/bsp/system.mss
TRACE::2024-01-05.21:45:26::SCWMssOS::DEBUG:  swdes dump  /home/dolu/Documents/GitHub/Thesis/dhrystonevitisworkspace/Linux_bd_wrapper/microblaze_0/standalone_microblaze_0/bsp/system.mss|system||

TRACE::2024-01-05.21:45:26::SCWMssOS::Sw design exists and opened at  /home/dolu/Documents/GitHub/Thesis/dhrystonevitisworkspace/Linux_bd_wrapper/microblaze_0/standalone_microblaze_0/bsp/system.mss
TRACE::2024-01-05.21:45:26::SCWPlatform::Trying to open the hw design at /home/dolu/Documents/GitHub/Thesis/dhrystonevitisworkspace/Linux_bd_wrapper/hw/Linux_bd_wrapper.xsa
TRACE::2024-01-05.21:45:26::SCWPlatform::DSA given /home/dolu/Documents/GitHub/Thesis/dhrystonevitisworkspace/Linux_bd_wrapper/hw/Linux_bd_wrapper.xsa
TRACE::2024-01-05.21:45:26::SCWPlatform::DSA absoulate path /home/dolu/Documents/GitHub/Thesis/dhrystonevitisworkspace/Linux_bd_wrapper/hw/Linux_bd_wrapper.xsa
TRACE::2024-01-05.21:45:26::SCWPlatform::DSA directory /home/dolu/Documents/GitHub/Thesis/dhrystonevitisworkspace/Linux_bd_wrapper/hw
TRACE::2024-01-05.21:45:26::SCWPlatform:: Platform Path /home/dolu/Documents/GitHub/Thesis/dhrystonevitisworkspace/Linux_bd_wrapper/hw/Linux_bd_wrapper.xsa
TRACE::2024-01-05.21:45:26::SCWPlatform:: Unique name xilinx:nexys-a7-100t::0.0
TRACE::2024-01-05.21:45:26::SCWPlatform::Trying to set the existing hwdb with name Linux_bd_wrapper_0
TRACE::2024-01-05.21:45:26::SCWPlatform::Opened existing hwdb Linux_bd_wrapper_0
TRACE::2024-01-05.21:45:26::SCWPlatform::Found the Hw Db part of the input DSA
TRACE::2024-01-05.21:45:26::SCWMssOS::Checking the sw design at  /home/dolu/Documents/GitHub/Thesis/dhrystonevitisworkspace/Linux_bd_wrapper/microblaze_0/standalone_microblaze_0/bsp/system.mss
TRACE::2024-01-05.21:45:26::SCWMssOS::DEBUG:  swdes dump  /home/dolu/Documents/GitHub/Thesis/dhrystonevitisworkspace/Linux_bd_wrapper/microblaze_0/standalone_microblaze_0/bsp/system.mss|system||

TRACE::2024-01-05.21:45:26::SCWMssOS::Sw design exists and opened at  /home/dolu/Documents/GitHub/Thesis/dhrystonevitisworkspace/Linux_bd_wrapper/microblaze_0/standalone_microblaze_0/bsp/system.mss
TRACE::2024-01-05.21:45:26::SCWPlatform::Trying to open the hw design at /home/dolu/Documents/GitHub/Thesis/dhrystonevitisworkspace/Linux_bd_wrapper/hw/Linux_bd_wrapper.xsa
TRACE::2024-01-05.21:45:26::SCWPlatform::DSA given /home/dolu/Documents/GitHub/Thesis/dhrystonevitisworkspace/Linux_bd_wrapper/hw/Linux_bd_wrapper.xsa
TRACE::2024-01-05.21:45:26::SCWPlatform::DSA absoulate path /home/dolu/Documents/GitHub/Thesis/dhrystonevitisworkspace/Linux_bd_wrapper/hw/Linux_bd_wrapper.xsa
TRACE::2024-01-05.21:45:26::SCWPlatform::DSA directory /home/dolu/Documents/GitHub/Thesis/dhrystonevitisworkspace/Linux_bd_wrapper/hw
TRACE::2024-01-05.21:45:26::SCWPlatform:: Platform Path /home/dolu/Documents/GitHub/Thesis/dhrystonevitisworkspace/Linux_bd_wrapper/hw/Linux_bd_wrapper.xsa
TRACE::2024-01-05.21:45:26::SCWPlatform:: Unique name xilinx:nexys-a7-100t::0.0
TRACE::2024-01-05.21:45:26::SCWPlatform::Trying to set the existing hwdb with name Linux_bd_wrapper_0
TRACE::2024-01-05.21:45:26::SCWPlatform::Opened existing hwdb Linux_bd_wrapper_0
TRACE::2024-01-05.21:45:26::SCWPlatform::Found the Hw Db part of the input DSA
TRACE::2024-01-05.21:45:26::SCWMssOS::Checking the sw design at  /home/dolu/Documents/GitHub/Thesis/dhrystonevitisworkspace/Linux_bd_wrapper/microblaze_0/standalone_microblaze_0/bsp/system.mss
TRACE::2024-01-05.21:45:26::SCWMssOS::DEBUG:  swdes dump  /home/dolu/Documents/GitHub/Thesis/dhrystonevitisworkspace/Linux_bd_wrapper/microblaze_0/standalone_microblaze_0/bsp/system.mss|system||

TRACE::2024-01-05.21:45:26::SCWMssOS::Sw design exists and opened at  /home/dolu/Documents/GitHub/Thesis/dhrystonevitisworkspace/Linux_bd_wrapper/microblaze_0/standalone_microblaze_0/bsp/system.mss
TRACE::2024-01-05.21:45:26::SCWWriter::formatted JSON is {
	"platformName":	"Linux_bd_wrapper",
	"sprVersion":	"2.0",
	"mode":	"gui",
	"dsaType":	"Fixed",
	"platformDesc":	"Linux_bd_wrapper",
	"platHandOff":	"/home/dolu/Documents/GitHub/Linux_Microblaze_V1.0/Linux_bd_wrapper.xsa",
	"platIntHandOff":	"<platformDir>/hw/Linux_bd_wrapper.xsa",
	"deviceType":	"FPGA",
	"platIsPrebuiltAutogen":	"false",
	"platIsNoBootBsp":	"false",
	"hasFsblMakeHasChanges":	"false",
	"hasPmufwMakeHasChanges":	"false",
	"platPreBuiltFlag":	false,
	"platformSamplesDir":	"",
	"platActiveSys":	"Linux_bd_wrapper",
	"systems":	[{
			"systemName":	"Linux_bd_wrapper",
			"systemDesc":	"Linux_bd_wrapper",
			"sysIsBootAutoGen":	"true",
			"systemDispName":	"Linux_bd_wrapper",
			"sysActiveDom":	"standalone_microblaze_0",
			"sysDefaultDom":	"standalone_microblaze_0",
			"domains":	[{
					"domainName":	"standalone_microblaze_0",
					"domainDispName":	"standalone_microblaze_0",
					"domainDesc":	"standalone_microblaze_0",
					"processors":	"microblaze_0",
					"os":	"standalone",
					"sdxOs":	"standalone",
					"debugEnable":	"False",
					"domRuntimes":	["cpp"],
					"swRepo":	"",
					"mssOsVer":	"8.0",
					"mssFile":	"",
					"md5Digest":	"cee62f4eb8b28fbd8279c631cf3fa85c",
					"compatibleApp":	"dhrystone",
					"domType":	"mssDomain",
					"arch":	"32-bit",
					"appSettings":	{
						"appCompilerFlags":	"",
						"appLinkerFlags":	""
					},
					"addedLibs":	[],
					"libOptions":	{
						"libsContainingOptions":	[]
					},
					"prebuiltLibs":	{
						"prebuiltIncPath":	[],
						"prebuiltLibPath":	[]
					},
					"isolation":	{
					}
				}]
		}]
}
LOG::2024-01-05.21:45:26::SCWPlatform::Started generating the artifacts platform Linux_bd_wrapper
TRACE::2024-01-05.21:45:26::SCWPlatform::Sanity checking of platform is completed
LOG::2024-01-05.21:45:26::SCWPlatform::Started generating the artifacts for system configuration Linux_bd_wrapper
LOG::2024-01-05.21:45:26::SCWSystem::Started Processing the domain standalone_microblaze_0
TRACE::2024-01-05.21:45:26::SCWDomain::Generating domain artifcats
TRACE::2024-01-05.21:45:26::SCWMssOS::Generating standalone artifcats
TRACE::2024-01-05.21:45:26::SCWMssOS:: Copying the user libraries. 
TRACE::2024-01-05.21:45:26::SCWPlatform::Trying to open the hw design at /home/dolu/Documents/GitHub/Thesis/dhrystonevitisworkspace/Linux_bd_wrapper/hw/Linux_bd_wrapper.xsa
TRACE::2024-01-05.21:45:26::SCWPlatform::DSA given /home/dolu/Documents/GitHub/Thesis/dhrystonevitisworkspace/Linux_bd_wrapper/hw/Linux_bd_wrapper.xsa
TRACE::2024-01-05.21:45:26::SCWPlatform::DSA absoulate path /home/dolu/Documents/GitHub/Thesis/dhrystonevitisworkspace/Linux_bd_wrapper/hw/Linux_bd_wrapper.xsa
TRACE::2024-01-05.21:45:26::SCWPlatform::DSA directory /home/dolu/Documents/GitHub/Thesis/dhrystonevitisworkspace/Linux_bd_wrapper/hw
TRACE::2024-01-05.21:45:26::SCWPlatform:: Platform Path /home/dolu/Documents/GitHub/Thesis/dhrystonevitisworkspace/Linux_bd_wrapper/hw/Linux_bd_wrapper.xsa
TRACE::2024-01-05.21:45:26::SCWPlatform:: Unique name xilinx:nexys-a7-100t::0.0
TRACE::2024-01-05.21:45:26::SCWPlatform::Trying to set the existing hwdb with name Linux_bd_wrapper_0
TRACE::2024-01-05.21:45:26::SCWPlatform::Opened existing hwdb Linux_bd_wrapper_0
TRACE::2024-01-05.21:45:26::SCWPlatform::Found the Hw Db part of the input DSA
TRACE::2024-01-05.21:45:26::SCWMssOS::Checking the sw design at  /home/dolu/Documents/GitHub/Thesis/dhrystonevitisworkspace/Linux_bd_wrapper/microblaze_0/standalone_microblaze_0/bsp/system.mss
TRACE::2024-01-05.21:45:26::SCWMssOS::DEBUG:  swdes dump  /home/dolu/Documents/GitHub/Thesis/dhrystonevitisworkspace/Linux_bd_wrapper/microblaze_0/standalone_microblaze_0/bsp/system.mss|system||

TRACE::2024-01-05.21:45:26::SCWMssOS::Sw design exists and opened at  /home/dolu/Documents/GitHub/Thesis/dhrystonevitisworkspace/Linux_bd_wrapper/microblaze_0/standalone_microblaze_0/bsp/system.mss
TRACE::2024-01-05.21:45:26::SCWMssOS::Completed writing the mss file at /home/dolu/Documents/GitHub/Thesis/dhrystonevitisworkspace/Linux_bd_wrapper/microblaze_0/standalone_microblaze_0/bsp
TRACE::2024-01-05.21:45:26::SCWMssOS::Mss edits present, copying mssfile into export location /home/dolu/Documents/GitHub/Thesis/dhrystonevitisworkspace/Linux_bd_wrapper/microblaze_0/standalone_microblaze_0/bsp/system.mss
TRACE::2024-01-05.21:45:26::SCWMssOS::bsp generated is upto date with the mss file. Skipping bsp generation.
TRACE::2024-01-05.21:45:26::SCWMssOS::BSP is already built. skipping the bsp build ... 
TRACE::2024-01-05.21:45:26::SCWDomain::Building the domain as part of full build :  standalone_microblaze_0
TRACE::2024-01-05.21:45:26::SCWMssOS::skipping the bsp build ... 
TRACE::2024-01-05.21:45:26::SCWMssOS::Copying to export directory.
TRACE::2024-01-05.21:45:26::SCWMssOS:: Checking if to create the Supporting Applications
TRACE::2024-01-05.21:45:26::SCWMssOS:: No Linux domain exists, trying to generate FSBL 
LOG::2024-01-05.21:45:26::SCWSystem::Completed Processing the domain standalone_microblaze_0
LOG::2024-01-05.21:45:26::SCWSystem::Completed Processing the sysconfig Linux_bd_wrapper
LOG::2024-01-05.21:45:26::SCWPlatform::Completed generating the artifacts for system configuration Linux_bd_wrapper
TRACE::2024-01-05.21:45:26::SCWPlatform::Started preparing the platform 
TRACE::2024-01-05.21:45:26::SCWSystem::Writing the bif file for system config Linux_bd_wrapper
TRACE::2024-01-05.21:45:26::SCWSystem::dir created 
TRACE::2024-01-05.21:45:26::SCWSystem::Writing the bif 
TRACE::2024-01-05.21:45:26::SCWPlatform::Started writing the spfm file 
TRACE::2024-01-05.21:45:26::SCWPlatform::Started writing the xpfm file 
TRACE::2024-01-05.21:45:26::SCWPlatform::Completed generating the platform
TRACE::2024-01-05.21:45:26::SCWMssOS::Saving the mss changes /home/dolu/Documents/GitHub/Thesis/dhrystonevitisworkspace/Linux_bd_wrapper/microblaze_0/standalone_microblaze_0/bsp/system.mss
TRACE::2024-01-05.21:45:26::SCWMssOS::Found a swdesign opened with the mssfile.
TRACE::2024-01-05.21:45:26::SCWMssOS::Completed writemss as part of save.
TRACE::2024-01-05.21:45:26::SCWMssOS::Commit changes completed.
TRACE::2024-01-05.21:45:26::SCWPlatform::Trying to open the hw design at /home/dolu/Documents/GitHub/Thesis/dhrystonevitisworkspace/Linux_bd_wrapper/hw/Linux_bd_wrapper.xsa
TRACE::2024-01-05.21:45:26::SCWPlatform::DSA given /home/dolu/Documents/GitHub/Thesis/dhrystonevitisworkspace/Linux_bd_wrapper/hw/Linux_bd_wrapper.xsa
TRACE::2024-01-05.21:45:26::SCWPlatform::DSA absoulate path /home/dolu/Documents/GitHub/Thesis/dhrystonevitisworkspace/Linux_bd_wrapper/hw/Linux_bd_wrapper.xsa
TRACE::2024-01-05.21:45:26::SCWPlatform::DSA directory /home/dolu/Documents/GitHub/Thesis/dhrystonevitisworkspace/Linux_bd_wrapper/hw
TRACE::2024-01-05.21:45:26::SCWPlatform:: Platform Path /home/dolu/Documents/GitHub/Thesis/dhrystonevitisworkspace/Linux_bd_wrapper/hw/Linux_bd_wrapper.xsa
TRACE::2024-01-05.21:45:26::SCWPlatform:: Unique name xilinx:nexys-a7-100t::0.0
TRACE::2024-01-05.21:45:26::SCWPlatform::Trying to set the existing hwdb with name Linux_bd_wrapper_0
TRACE::2024-01-05.21:45:26::SCWPlatform::Opened existing hwdb Linux_bd_wrapper_0
TRACE::2024-01-05.21:45:26::SCWPlatform::Found the Hw Db part of the input DSA
TRACE::2024-01-05.21:45:26::SCWMssOS::Checking the sw design at  /home/dolu/Documents/GitHub/Thesis/dhrystonevitisworkspace/Linux_bd_wrapper/microblaze_0/standalone_microblaze_0/bsp/system.mss
TRACE::2024-01-05.21:45:26::SCWMssOS::DEBUG:  swdes dump  /home/dolu/Documents/GitHub/Thesis/dhrystonevitisworkspace/Linux_bd_wrapper/microblaze_0/standalone_microblaze_0/bsp/system.mss|system||

TRACE::2024-01-05.21:45:26::SCWMssOS::Sw design exists and opened at  /home/dolu/Documents/GitHub/Thesis/dhrystonevitisworkspace/Linux_bd_wrapper/microblaze_0/standalone_microblaze_0/bsp/system.mss
TRACE::2024-01-05.21:45:26::SCWPlatform::Trying to open the hw design at /home/dolu/Documents/GitHub/Thesis/dhrystonevitisworkspace/Linux_bd_wrapper/hw/Linux_bd_wrapper.xsa
TRACE::2024-01-05.21:45:26::SCWPlatform::DSA given /home/dolu/Documents/GitHub/Thesis/dhrystonevitisworkspace/Linux_bd_wrapper/hw/Linux_bd_wrapper.xsa
TRACE::2024-01-05.21:45:26::SCWPlatform::DSA absoulate path /home/dolu/Documents/GitHub/Thesis/dhrystonevitisworkspace/Linux_bd_wrapper/hw/Linux_bd_wrapper.xsa
TRACE::2024-01-05.21:45:26::SCWPlatform::DSA directory /home/dolu/Documents/GitHub/Thesis/dhrystonevitisworkspace/Linux_bd_wrapper/hw
TRACE::2024-01-05.21:45:26::SCWPlatform:: Platform Path /home/dolu/Documents/GitHub/Thesis/dhrystonevitisworkspace/Linux_bd_wrapper/hw/Linux_bd_wrapper.xsa
TRACE::2024-01-05.21:45:26::SCWPlatform:: Unique name xilinx:nexys-a7-100t::0.0
TRACE::2024-01-05.21:45:26::SCWPlatform::Trying to set the existing hwdb with name Linux_bd_wrapper_0
TRACE::2024-01-05.21:45:26::SCWPlatform::Opened existing hwdb Linux_bd_wrapper_0
TRACE::2024-01-05.21:45:26::SCWPlatform::Found the Hw Db part of the input DSA
TRACE::2024-01-05.21:45:26::SCWMssOS::Checking the sw design at  /home/dolu/Documents/GitHub/Thesis/dhrystonevitisworkspace/Linux_bd_wrapper/microblaze_0/standalone_microblaze_0/bsp/system.mss
TRACE::2024-01-05.21:45:26::SCWMssOS::DEBUG:  swdes dump  /home/dolu/Documents/GitHub/Thesis/dhrystonevitisworkspace/Linux_bd_wrapper/microblaze_0/standalone_microblaze_0/bsp/system.mss|system||

TRACE::2024-01-05.21:45:26::SCWMssOS::Sw design exists and opened at  /home/dolu/Documents/GitHub/Thesis/dhrystonevitisworkspace/Linux_bd_wrapper/microblaze_0/standalone_microblaze_0/bsp/system.mss
TRACE::2024-01-05.21:45:26::SCWPlatform::Trying to open the hw design at /home/dolu/Documents/GitHub/Thesis/dhrystonevitisworkspace/Linux_bd_wrapper/hw/Linux_bd_wrapper.xsa
TRACE::2024-01-05.21:45:26::SCWPlatform::DSA given /home/dolu/Documents/GitHub/Thesis/dhrystonevitisworkspace/Linux_bd_wrapper/hw/Linux_bd_wrapper.xsa
TRACE::2024-01-05.21:45:26::SCWPlatform::DSA absoulate path /home/dolu/Documents/GitHub/Thesis/dhrystonevitisworkspace/Linux_bd_wrapper/hw/Linux_bd_wrapper.xsa
TRACE::2024-01-05.21:45:26::SCWPlatform::DSA directory /home/dolu/Documents/GitHub/Thesis/dhrystonevitisworkspace/Linux_bd_wrapper/hw
TRACE::2024-01-05.21:45:26::SCWPlatform:: Platform Path /home/dolu/Documents/GitHub/Thesis/dhrystonevitisworkspace/Linux_bd_wrapper/hw/Linux_bd_wrapper.xsa
TRACE::2024-01-05.21:45:26::SCWPlatform:: Unique name xilinx:nexys-a7-100t::0.0
TRACE::2024-01-05.21:45:26::SCWPlatform::Trying to set the existing hwdb with name Linux_bd_wrapper_0
TRACE::2024-01-05.21:45:26::SCWPlatform::Opened existing hwdb Linux_bd_wrapper_0
TRACE::2024-01-05.21:45:26::SCWPlatform::Found the Hw Db part of the input DSA
TRACE::2024-01-05.21:45:26::SCWMssOS::Checking the sw design at  /home/dolu/Documents/GitHub/Thesis/dhrystonevitisworkspace/Linux_bd_wrapper/microblaze_0/standalone_microblaze_0/bsp/system.mss
TRACE::2024-01-05.21:45:26::SCWMssOS::DEBUG:  swdes dump  /home/dolu/Documents/GitHub/Thesis/dhrystonevitisworkspace/Linux_bd_wrapper/microblaze_0/standalone_microblaze_0/bsp/system.mss|system||

TRACE::2024-01-05.21:45:26::SCWMssOS::Sw design exists and opened at  /home/dolu/Documents/GitHub/Thesis/dhrystonevitisworkspace/Linux_bd_wrapper/microblaze_0/standalone_microblaze_0/bsp/system.mss
TRACE::2024-01-05.21:45:26::SCWWriter::formatted JSON is {
	"platformName":	"Linux_bd_wrapper",
	"sprVersion":	"2.0",
	"mode":	"gui",
	"dsaType":	"Fixed",
	"platformDesc":	"Linux_bd_wrapper",
	"platHandOff":	"/home/dolu/Documents/GitHub/Linux_Microblaze_V1.0/Linux_bd_wrapper.xsa",
	"platIntHandOff":	"<platformDir>/hw/Linux_bd_wrapper.xsa",
	"deviceType":	"FPGA",
	"platIsPrebuiltAutogen":	"false",
	"platIsNoBootBsp":	"false",
	"hasFsblMakeHasChanges":	"false",
	"hasPmufwMakeHasChanges":	"false",
	"platPreBuiltFlag":	false,
	"platformSamplesDir":	"",
	"platActiveSys":	"Linux_bd_wrapper",
	"systems":	[{
			"systemName":	"Linux_bd_wrapper",
			"systemDesc":	"Linux_bd_wrapper",
			"sysIsBootAutoGen":	"true",
			"systemDispName":	"Linux_bd_wrapper",
			"sysActiveDom":	"standalone_microblaze_0",
			"sysDefaultDom":	"standalone_microblaze_0",
			"domains":	[{
					"domainName":	"standalone_microblaze_0",
					"domainDispName":	"standalone_microblaze_0",
					"domainDesc":	"standalone_microblaze_0",
					"processors":	"microblaze_0",
					"os":	"standalone",
					"sdxOs":	"standalone",
					"debugEnable":	"False",
					"domRuntimes":	["cpp"],
					"swRepo":	"",
					"mssOsVer":	"8.0",
					"mssFile":	"",
					"md5Digest":	"cee62f4eb8b28fbd8279c631cf3fa85c",
					"compatibleApp":	"dhrystone",
					"domType":	"mssDomain",
					"arch":	"32-bit",
					"appSettings":	{
						"appCompilerFlags":	"",
						"appLinkerFlags":	""
					},
					"addedLibs":	[],
					"libOptions":	{
						"libsContainingOptions":	[]
					},
					"prebuiltLibs":	{
						"prebuiltIncPath":	[],
						"prebuiltLibPath":	[]
					},
					"isolation":	{
					}
				}]
		}]
}
KEYINFO::2024-01-05.21:45:26::SCWPlatform::updated the xpfm file.
