20:50:01 DEBUG : Logs will be stored at '/home/dolu/Documents/GitHub/Thesis/Vitis_workspace/IDE.log'.
20:50:03 INFO  : Launching XSCT server: xsct -n  -interactive /home/dolu/Documents/GitHub/Thesis/Vitis_workspace/temp_xsdb_launch_script.tcl
20:50:03 INFO  : Platform repository initialization has completed.
20:50:04 INFO  : Registering command handlers for Vitis TCF services
20:50:08 INFO  : XSCT server has started successfully.
20:50:08 INFO  : Successfully done setting XSCT server connection channel  
20:50:08 INFO  : plnx-install-location is set to ''
20:50:09 INFO  : Successfully done setting workspace for the tool. 
20:50:09 INFO  : Successfully done query RDI_DATADIR 
21:08:24 INFO  : Result from executing command 'getProjects': Virtex_wrapper
21:08:24 INFO  : Result from executing command 'getPlatforms': 
21:08:24 WARN  : An unexpected exception occurred in the module 'platform project logging'
21:08:24 INFO  : Platform 'Virtex_wrapper' is added to custom repositories.
21:08:30 INFO  : Platform 'Virtex_wrapper' is added to custom repositories.
21:09:29 INFO  : Result from executing command 'getProjects': Virtex_wrapper
21:09:29 INFO  : Result from executing command 'getPlatforms': Virtex_wrapper|/home/dolu/Documents/GitHub/Thesis/Vitis_workspace/Virtex_wrapper/export/Virtex_wrapper/Virtex_wrapper.xpfm
21:09:33 INFO  : Checking for BSP changes to sync application flags for project 'vc707test'...
21:09:36 INFO  : Checking for BSP changes to sync application flags for project 'vc707test'...
21:09:39 INFO  : Checking for BSP changes to sync application flags for project 'vc707test'...
21:09:42 INFO  : Checking for BSP changes to sync application flags for project 'vc707test'...
21:11:28 INFO  : Connected to target on host '127.0.0.1' and port '3121'.
21:11:28 INFO  : Jtag cable 'Digilent JTAG-SMT1 210203A257D9A' is selected.
21:11:28 INFO  : 'jtag frequency' command is executed.
21:11:29 INFO  : 'targets -set -filter {jtag_cable_name =~ "Digilent JTAG-SMT1 210203A257D9A" && level==0 && jtag_device_ctx=="jsn-JTAG-SMT1-210203A257D9A-33687093-0"}' command is executed.
21:11:40 INFO  : Device configured successfully with "/home/dolu/Documents/GitHub/Thesis/Vitis_workspace/vc707test/_ide/bitstream/Virtex_wrapper.bit"
21:11:40 INFO  : Context for processor 'microblaze_0' is selected.
21:11:40 INFO  : Hardware design and registers information is loaded from '/home/dolu/Documents/GitHub/Thesis/Vitis_workspace/Virtex_wrapper/export/Virtex_wrapper/hw/Virtex_wrapper.xsa'.
21:11:40 INFO  : 'configparams mdm-detect-bscan-mask 2' command is executed.
21:11:40 INFO  : Context for processor 'microblaze_0' is selected.
21:11:40 INFO  : System reset is completed.
21:11:43 INFO  : 'after 3000' command is executed.
21:11:43 INFO  : Context for processor 'microblaze_0' is selected.
21:11:43 INFO  : The application '/home/dolu/Documents/GitHub/Thesis/Vitis_workspace/vc707test/Debug/vc707test.elf' is downloaded to processor 'microblaze_0'.
21:11:43 INFO  : ----------------XSDB Script----------------
connect -url tcp:127.0.0.1:3121
targets -set -filter {jtag_cable_name =~ "Digilent JTAG-SMT1 210203A257D9A" && level==0 && jtag_device_ctx=="jsn-JTAG-SMT1-210203A257D9A-33687093-0"}
fpga -file /home/dolu/Documents/GitHub/Thesis/Vitis_workspace/vc707test/_ide/bitstream/Virtex_wrapper.bit
targets -set -nocase -filter {name =~ "*microblaze*#0" && bscan=="USER2" }
loadhw -hw /home/dolu/Documents/GitHub/Thesis/Vitis_workspace/Virtex_wrapper/export/Virtex_wrapper/hw/Virtex_wrapper.xsa -regs
configparams mdm-detect-bscan-mask 2
targets -set -nocase -filter {name =~ "*microblaze*#0" && bscan=="USER2" }
rst -system
after 3000
targets -set -nocase -filter {name =~ "*microblaze*#0" && bscan=="USER2" }
dow /home/dolu/Documents/GitHub/Thesis/Vitis_workspace/vc707test/Debug/vc707test.elf
----------------End of Script----------------

21:11:43 INFO  : Context for processor 'microblaze_0' is selected.
21:11:43 INFO  : 'con' command is executed.
21:11:43 INFO  : ----------------XSDB Script (After Launch)----------------
targets -set -nocase -filter {name =~ "*microblaze*#0" && bscan=="USER2" }
con
----------------End of Script----------------

21:11:43 INFO  : Launch script is exported to file '/home/dolu/Documents/GitHub/Thesis/Vitis_workspace/vc707test_system/_ide/scripts/debugger_vc707test-default.tcl'
21:25:36 INFO  : Checking for BSP changes to sync application flags for project 'vc707test'...
21:25:52 INFO  : Disconnected from the channel tcfchan#2.
21:25:53 INFO  : Connected to target on host '127.0.0.1' and port '3121'.
21:26:03 INFO  : ----------------XSDB Script----------------
connect -url tcp:127.0.0.1:3121
----------------End of Script----------------

21:26:03 ERROR : Could not find FPGA device on the board for connection 'Local'.


Troubleshooting hints:
1. Check whether board is connected to system properly.
2. In case of zynq board, check whether Digilent/Xilinx cable switch settings are correct.
3. If you are using Xilinx Platform Cable USB, ensure that status LED is green.
21:26:14 INFO  : Connected to target on host '127.0.0.1' and port '3121'.
21:26:14 INFO  : Jtag cable 'Digilent JTAG-SMT1 210203A257D9A' is selected.
21:26:14 INFO  : 'jtag frequency' command is executed.
21:26:15 INFO  : 'targets -set -filter {jtag_cable_name =~ "Digilent JTAG-SMT1 210203A257D9A" && level==0 && jtag_device_ctx=="jsn-JTAG-SMT1-210203A257D9A-33687093-0"}' command is executed.
21:26:26 INFO  : Device configured successfully with "/home/dolu/Documents/GitHub/Thesis/Vitis_workspace/vc707test/_ide/bitstream/Virtex_wrapper.bit"
21:26:26 INFO  : Context for processor 'microblaze_0' is selected.
21:26:26 INFO  : Hardware design and registers information is loaded from '/home/dolu/Documents/GitHub/Thesis/Vitis_workspace/Virtex_wrapper/export/Virtex_wrapper/hw/Virtex_wrapper.xsa'.
21:26:26 INFO  : 'configparams mdm-detect-bscan-mask 2' command is executed.
21:26:26 INFO  : Context for processor 'microblaze_0' is selected.
21:26:26 INFO  : System reset is completed.
21:26:29 INFO  : 'after 3000' command is executed.
21:26:29 INFO  : Context for processor 'microblaze_0' is selected.
21:26:29 INFO  : The application '/home/dolu/Documents/GitHub/Thesis/Vitis_workspace/vc707test/Debug/vc707test.elf' is downloaded to processor 'microblaze_0'.
21:26:29 INFO  : ----------------XSDB Script----------------
connect -url tcp:127.0.0.1:3121
targets -set -filter {jtag_cable_name =~ "Digilent JTAG-SMT1 210203A257D9A" && level==0 && jtag_device_ctx=="jsn-JTAG-SMT1-210203A257D9A-33687093-0"}
fpga -file /home/dolu/Documents/GitHub/Thesis/Vitis_workspace/vc707test/_ide/bitstream/Virtex_wrapper.bit
targets -set -nocase -filter {name =~ "*microblaze*#0" && bscan=="USER2" }
loadhw -hw /home/dolu/Documents/GitHub/Thesis/Vitis_workspace/Virtex_wrapper/export/Virtex_wrapper/hw/Virtex_wrapper.xsa -regs
configparams mdm-detect-bscan-mask 2
targets -set -nocase -filter {name =~ "*microblaze*#0" && bscan=="USER2" }
rst -system
after 3000
targets -set -nocase -filter {name =~ "*microblaze*#0" && bscan=="USER2" }
dow /home/dolu/Documents/GitHub/Thesis/Vitis_workspace/vc707test/Debug/vc707test.elf
----------------End of Script----------------

21:26:29 INFO  : Context for processor 'microblaze_0' is selected.
21:26:29 INFO  : 'con' command is executed.
21:26:29 INFO  : ----------------XSDB Script (After Launch)----------------
targets -set -nocase -filter {name =~ "*microblaze*#0" && bscan=="USER2" }
con
----------------End of Script----------------

21:26:29 INFO  : Launch script is exported to file '/home/dolu/Documents/GitHub/Thesis/Vitis_workspace/vc707test_system/_ide/scripts/debugger_vc707test-default.tcl'
21:29:51 INFO  : Checking for BSP changes to sync application flags for project 'vc707test'...
21:30:02 INFO  : Disconnected from the channel tcfchan#3.
21:30:03 INFO  : Connected to target on host '127.0.0.1' and port '3121'.
21:30:12 INFO  : ----------------XSDB Script----------------
connect -url tcp:127.0.0.1:3121
----------------End of Script----------------

21:30:12 ERROR : Could not find FPGA device on the board for connection 'Local'.


Troubleshooting hints:
1. Check whether board is connected to system properly.
2. In case of zynq board, check whether Digilent/Xilinx cable switch settings are correct.
3. If you are using Xilinx Platform Cable USB, ensure that status LED is green.
21:30:19 INFO  : Connected to target on host '127.0.0.1' and port '3121'.
21:30:20 INFO  : Jtag cable 'Digilent JTAG-SMT1 210203A257D9A' is selected.
21:30:20 INFO  : 'jtag frequency' command is executed.
21:30:20 INFO  : 'targets -set -filter {jtag_cable_name =~ "Digilent JTAG-SMT1 210203A257D9A" && level==0 && jtag_device_ctx=="jsn-JTAG-SMT1-210203A257D9A-33687093-0"}' command is executed.
21:30:31 INFO  : Device configured successfully with "/home/dolu/Documents/GitHub/Thesis/Vitis_workspace/vc707test/_ide/bitstream/Virtex_wrapper.bit"
21:30:31 INFO  : Context for processor 'microblaze_0' is selected.
21:30:31 INFO  : Hardware design and registers information is loaded from '/home/dolu/Documents/GitHub/Thesis/Vitis_workspace/Virtex_wrapper/export/Virtex_wrapper/hw/Virtex_wrapper.xsa'.
21:30:31 INFO  : 'configparams mdm-detect-bscan-mask 2' command is executed.
21:30:31 INFO  : Context for processor 'microblaze_0' is selected.
21:30:31 INFO  : System reset is completed.
21:30:34 INFO  : 'after 3000' command is executed.
21:30:34 INFO  : Context for processor 'microblaze_0' is selected.
21:30:34 INFO  : The application '/home/dolu/Documents/GitHub/Thesis/Vitis_workspace/vc707test/Debug/vc707test.elf' is downloaded to processor 'microblaze_0'.
21:30:34 INFO  : ----------------XSDB Script----------------
connect -url tcp:127.0.0.1:3121
targets -set -filter {jtag_cable_name =~ "Digilent JTAG-SMT1 210203A257D9A" && level==0 && jtag_device_ctx=="jsn-JTAG-SMT1-210203A257D9A-33687093-0"}
fpga -file /home/dolu/Documents/GitHub/Thesis/Vitis_workspace/vc707test/_ide/bitstream/Virtex_wrapper.bit
targets -set -nocase -filter {name =~ "*microblaze*#0" && bscan=="USER2" }
loadhw -hw /home/dolu/Documents/GitHub/Thesis/Vitis_workspace/Virtex_wrapper/export/Virtex_wrapper/hw/Virtex_wrapper.xsa -regs
configparams mdm-detect-bscan-mask 2
targets -set -nocase -filter {name =~ "*microblaze*#0" && bscan=="USER2" }
rst -system
after 3000
targets -set -nocase -filter {name =~ "*microblaze*#0" && bscan=="USER2" }
dow /home/dolu/Documents/GitHub/Thesis/Vitis_workspace/vc707test/Debug/vc707test.elf
----------------End of Script----------------

21:30:34 INFO  : Context for processor 'microblaze_0' is selected.
21:30:34 INFO  : 'con' command is executed.
21:30:34 INFO  : ----------------XSDB Script (After Launch)----------------
targets -set -nocase -filter {name =~ "*microblaze*#0" && bscan=="USER2" }
con
----------------End of Script----------------

21:30:34 INFO  : Launch script is exported to file '/home/dolu/Documents/GitHub/Thesis/Vitis_workspace/vc707test_system/_ide/scripts/debugger_vc707test-default.tcl'
21:33:15 INFO  : Checking for BSP changes to sync application flags for project 'vc707test'...
21:33:26 INFO  : Disconnected from the channel tcfchan#4.
21:33:27 INFO  : Connected to target on host '127.0.0.1' and port '3121'.
21:33:27 INFO  : Jtag cable 'Digilent JTAG-SMT1 210203A257D9A' is selected.
21:33:27 INFO  : 'jtag frequency' command is executed.
21:33:27 INFO  : 'targets -set -filter {jtag_cable_name =~ "Digilent JTAG-SMT1 210203A257D9A" && level==0 && jtag_device_ctx=="jsn-JTAG-SMT1-210203A257D9A-33687093-0"}' command is executed.
21:33:39 INFO  : Device configured successfully with "/home/dolu/Documents/GitHub/Thesis/Vitis_workspace/vc707test/_ide/bitstream/Virtex_wrapper.bit"
21:33:39 INFO  : Context for processor 'microblaze_0' is selected.
21:33:39 INFO  : Hardware design and registers information is loaded from '/home/dolu/Documents/GitHub/Thesis/Vitis_workspace/Virtex_wrapper/export/Virtex_wrapper/hw/Virtex_wrapper.xsa'.
21:33:39 INFO  : 'configparams mdm-detect-bscan-mask 2' command is executed.
21:33:39 INFO  : Context for processor 'microblaze_0' is selected.
21:33:39 INFO  : System reset is completed.
21:33:42 INFO  : 'after 3000' command is executed.
21:33:42 INFO  : Context for processor 'microblaze_0' is selected.
21:33:42 INFO  : The application '/home/dolu/Documents/GitHub/Thesis/Vitis_workspace/vc707test/Debug/vc707test.elf' is downloaded to processor 'microblaze_0'.
21:33:42 INFO  : ----------------XSDB Script----------------
connect -url tcp:127.0.0.1:3121
targets -set -filter {jtag_cable_name =~ "Digilent JTAG-SMT1 210203A257D9A" && level==0 && jtag_device_ctx=="jsn-JTAG-SMT1-210203A257D9A-33687093-0"}
fpga -file /home/dolu/Documents/GitHub/Thesis/Vitis_workspace/vc707test/_ide/bitstream/Virtex_wrapper.bit
targets -set -nocase -filter {name =~ "*microblaze*#0" && bscan=="USER2" }
loadhw -hw /home/dolu/Documents/GitHub/Thesis/Vitis_workspace/Virtex_wrapper/export/Virtex_wrapper/hw/Virtex_wrapper.xsa -regs
configparams mdm-detect-bscan-mask 2
targets -set -nocase -filter {name =~ "*microblaze*#0" && bscan=="USER2" }
rst -system
after 3000
targets -set -nocase -filter {name =~ "*microblaze*#0" && bscan=="USER2" }
dow /home/dolu/Documents/GitHub/Thesis/Vitis_workspace/vc707test/Debug/vc707test.elf
----------------End of Script----------------

21:33:42 INFO  : Context for processor 'microblaze_0' is selected.
21:33:42 INFO  : 'con' command is executed.
21:33:42 INFO  : ----------------XSDB Script (After Launch)----------------
targets -set -nocase -filter {name =~ "*microblaze*#0" && bscan=="USER2" }
con
----------------End of Script----------------

21:33:42 INFO  : Launch script is exported to file '/home/dolu/Documents/GitHub/Thesis/Vitis_workspace/vc707test_system/_ide/scripts/debugger_vc707test-default.tcl'
21:38:44 INFO  : Disconnected from the channel tcfchan#5.
21:38:45 INFO  : Connected to target on host '127.0.0.1' and port '3121'.
21:38:45 INFO  : Jtag cable 'Digilent JTAG-SMT1 210203A257D9A' is selected.
21:38:45 INFO  : 'jtag frequency' command is executed.
21:38:45 INFO  : 'targets -set -filter {jtag_cable_name =~ "Digilent JTAG-SMT1 210203A257D9A" && level==0 && jtag_device_ctx=="jsn-JTAG-SMT1-210203A257D9A-33687093-0"}' command is executed.
21:38:57 INFO  : Device configured successfully with "/home/dolu/Documents/GitHub/Thesis/Vitis_workspace/vc707test/_ide/bitstream/Virtex_wrapper.bit"
21:38:57 INFO  : Context for processor 'microblaze_0' is selected.
21:38:57 INFO  : Hardware design and registers information is loaded from '/home/dolu/Documents/GitHub/Thesis/Vitis_workspace/Virtex_wrapper/export/Virtex_wrapper/hw/Virtex_wrapper.xsa'.
21:38:57 INFO  : 'configparams mdm-detect-bscan-mask 2' command is executed.
21:38:57 INFO  : Context for processor 'microblaze_0' is selected.
21:38:57 INFO  : System reset is completed.
21:39:00 INFO  : 'after 3000' command is executed.
21:39:00 INFO  : Context for processor 'microblaze_0' is selected.
21:39:00 INFO  : The application '/home/dolu/Documents/GitHub/Thesis/Vitis_workspace/vc707test/Debug/vc707test.elf' is downloaded to processor 'microblaze_0'.
21:39:00 INFO  : ----------------XSDB Script----------------
connect -url tcp:127.0.0.1:3121
targets -set -filter {jtag_cable_name =~ "Digilent JTAG-SMT1 210203A257D9A" && level==0 && jtag_device_ctx=="jsn-JTAG-SMT1-210203A257D9A-33687093-0"}
fpga -file /home/dolu/Documents/GitHub/Thesis/Vitis_workspace/vc707test/_ide/bitstream/Virtex_wrapper.bit
targets -set -nocase -filter {name =~ "*microblaze*#0" && bscan=="USER2" }
loadhw -hw /home/dolu/Documents/GitHub/Thesis/Vitis_workspace/Virtex_wrapper/export/Virtex_wrapper/hw/Virtex_wrapper.xsa -regs
configparams mdm-detect-bscan-mask 2
targets -set -nocase -filter {name =~ "*microblaze*#0" && bscan=="USER2" }
rst -system
after 3000
targets -set -nocase -filter {name =~ "*microblaze*#0" && bscan=="USER2" }
dow /home/dolu/Documents/GitHub/Thesis/Vitis_workspace/vc707test/Debug/vc707test.elf
----------------End of Script----------------

21:39:00 INFO  : Context for processor 'microblaze_0' is selected.
21:39:00 INFO  : 'con' command is executed.
21:39:00 INFO  : ----------------XSDB Script (After Launch)----------------
targets -set -nocase -filter {name =~ "*microblaze*#0" && bscan=="USER2" }
con
----------------End of Script----------------

21:39:00 INFO  : Launch script is exported to file '/home/dolu/Documents/GitHub/Thesis/Vitis_workspace/vc707test_system/_ide/scripts/debugger_vc707test-default.tcl'
03:22:16 INFO  : Disconnected from the channel tcfchan#6.
21:41:33 DEBUG : Logs will be stored at '/home/dolu/Documents/GitHub/Thesis/Vitis_workspace/IDE.log'.
21:41:34 INFO  : Launching XSCT server: xsct -n  -interactive /home/dolu/Documents/GitHub/Thesis/Vitis_workspace/temp_xsdb_launch_script.tcl
21:41:35 INFO  : Platform repository initialization has completed.
21:41:36 INFO  : Registering command handlers for Vitis TCF services
21:41:37 INFO  : XSCT server has started successfully.
21:41:37 INFO  : plnx-install-location is set to ''
21:41:37 INFO  : Successfully done setting XSCT server connection channel  
21:41:37 INFO  : Successfully done query RDI_DATADIR 
21:41:37 INFO  : Successfully done setting workspace for the tool. 
