TRACE::2023-12-30.21:08:22::SCWPlatform::Trying to open the hw design at /home/dolu/Documents/GitHub/Thesis/Vitis_workspace/Virtex_wrapper/hw/Virtex_wrapper.xsa
TRACE::2023-12-30.21:08:22::SCWPlatform::DSA given /home/dolu/Documents/GitHub/Thesis/Vitis_workspace/Virtex_wrapper/hw/Virtex_wrapper.xsa
TRACE::2023-12-30.21:08:22::SCWPlatform::DSA absoulate path /home/dolu/Documents/GitHub/Thesis/Vitis_workspace/Virtex_wrapper/hw/Virtex_wrapper.xsa
TRACE::2023-12-30.21:08:22::SCWPlatform::DSA directory /home/dolu/Documents/GitHub/Thesis/Vitis_workspace/Virtex_wrapper/hw
TRACE::2023-12-30.21:08:22::SCWPlatform:: Platform Path /home/dolu/Documents/GitHub/Thesis/Vitis_workspace/Virtex_wrapper/hw/Virtex_wrapper.xsa
TRACE::2023-12-30.21:08:22::SCWPlatform:: Unique name xilinx:vc707::0.0
TRACE::2023-12-30.21:08:22::SCWPlatform::Do not have an existing db opened. 
TRACE::2023-12-30.21:08:23::SCWPlatform::Opened new HwDB with name Virtex_wrapper_0
TRACE::2023-12-30.21:08:23::SCWWriter::formatted JSON is {
	"platformName":	"Virtex_wrapper",
	"sprVersion":	"2.0",
	"mode":	"gui",
	"dsaType":	"Fixed",
	"platformDesc":	"Virtex_wrapper",
	"platHandOff":	"/home/dolu/Documents/GitHub/Thesis/VC707test/Virtex_wrapper.xsa",
	"platIntHandOff":	"<platformDir>/hw/Virtex_wrapper.xsa",
	"deviceType":	"FPGA",
	"platIsPrebuiltAutogen":	"false",
	"platIsNoBootBsp":	"false",
	"hasFsblMakeHasChanges":	"false",
	"hasPmufwMakeHasChanges":	"false",
	"platPreBuiltFlag":	false,
	"platformSamplesDir":	""
}
TRACE::2023-12-30.21:08:23::SCWWriter::formatted JSON is {
	"platformName":	"Virtex_wrapper",
	"sprVersion":	"2.0",
	"mode":	"gui",
	"dsaType":	"Fixed",
	"platformDesc":	"Virtex_wrapper",
	"platHandOff":	"/home/dolu/Documents/GitHub/Thesis/VC707test/Virtex_wrapper.xsa",
	"platIntHandOff":	"<platformDir>/hw/Virtex_wrapper.xsa",
	"deviceType":	"FPGA",
	"platIsPrebuiltAutogen":	"false",
	"platIsNoBootBsp":	"false",
	"hasFsblMakeHasChanges":	"false",
	"hasPmufwMakeHasChanges":	"false",
	"platPreBuiltFlag":	false,
	"platformSamplesDir":	"",
	"platActiveSys":	"Virtex_wrapper",
	"systems":	[{
			"systemName":	"Virtex_wrapper",
			"systemDesc":	"Virtex_wrapper",
			"sysIsBootAutoGen":	"true",
			"systemDispName":	"Virtex_wrapper"
		}]
}
TRACE::2023-12-30.21:08:23::SCWPlatform::Boot application domains not present, creating them
TRACE::2023-12-30.21:08:23::SCWPlatform::Pure FPGA device, no boot application will be created.
TRACE::2023-12-30.21:08:23::SCWWriter::formatted JSON is {
	"platformName":	"Virtex_wrapper",
	"sprVersion":	"2.0",
	"mode":	"gui",
	"dsaType":	"Fixed",
	"platformDesc":	"Virtex_wrapper",
	"platHandOff":	"/home/dolu/Documents/GitHub/Thesis/VC707test/Virtex_wrapper.xsa",
	"platIntHandOff":	"<platformDir>/hw/Virtex_wrapper.xsa",
	"deviceType":	"FPGA",
	"platIsPrebuiltAutogen":	"false",
	"platIsNoBootBsp":	"false",
	"hasFsblMakeHasChanges":	"false",
	"hasPmufwMakeHasChanges":	"false",
	"platPreBuiltFlag":	false,
	"platformSamplesDir":	"",
	"platActiveSys":	"Virtex_wrapper",
	"systems":	[{
			"systemName":	"Virtex_wrapper",
			"systemDesc":	"Virtex_wrapper",
			"sysIsBootAutoGen":	"true",
			"systemDispName":	"Virtex_wrapper"
		}]
}
TRACE::2023-12-30.21:08:23::SCWWriter::formatted JSON is {
	"platformName":	"Virtex_wrapper",
	"sprVersion":	"2.0",
	"mode":	"gui",
	"dsaType":	"Fixed",
	"platformDesc":	"Virtex_wrapper",
	"platHandOff":	"/home/dolu/Documents/GitHub/Thesis/VC707test/Virtex_wrapper.xsa",
	"platIntHandOff":	"<platformDir>/hw/Virtex_wrapper.xsa",
	"deviceType":	"FPGA",
	"platIsPrebuiltAutogen":	"false",
	"platIsNoBootBsp":	"false",
	"hasFsblMakeHasChanges":	"false",
	"hasPmufwMakeHasChanges":	"false",
	"platPreBuiltFlag":	false,
	"platformSamplesDir":	"",
	"platActiveSys":	"Virtex_wrapper",
	"systems":	[{
			"systemName":	"Virtex_wrapper",
			"systemDesc":	"Virtex_wrapper",
			"sysIsBootAutoGen":	"true",
			"systemDispName":	"Virtex_wrapper"
		}]
}
TRACE::2023-12-30.21:08:23::SCWPlatform::Trying to open the hw design at /home/dolu/Documents/GitHub/Thesis/Vitis_workspace/Virtex_wrapper/hw/Virtex_wrapper.xsa
TRACE::2023-12-30.21:08:23::SCWPlatform::DSA given /home/dolu/Documents/GitHub/Thesis/Vitis_workspace/Virtex_wrapper/hw/Virtex_wrapper.xsa
TRACE::2023-12-30.21:08:23::SCWPlatform::DSA absoulate path /home/dolu/Documents/GitHub/Thesis/Vitis_workspace/Virtex_wrapper/hw/Virtex_wrapper.xsa
TRACE::2023-12-30.21:08:23::SCWPlatform::DSA directory /home/dolu/Documents/GitHub/Thesis/Vitis_workspace/Virtex_wrapper/hw
TRACE::2023-12-30.21:08:23::SCWPlatform:: Platform Path /home/dolu/Documents/GitHub/Thesis/Vitis_workspace/Virtex_wrapper/hw/Virtex_wrapper.xsa
TRACE::2023-12-30.21:08:23::SCWPlatform:: Unique name xilinx:vc707::0.0
TRACE::2023-12-30.21:08:23::SCWPlatform::Trying to set the existing hwdb with name Virtex_wrapper_0
TRACE::2023-12-30.21:08:23::SCWPlatform::Opened existing hwdb Virtex_wrapper_0
TRACE::2023-12-30.21:08:23::SCWPlatform::Found the Hw Db part of the input DSA
TRACE::2023-12-30.21:08:23::SCWPlatform::Trying to open the hw design at /home/dolu/Documents/GitHub/Thesis/Vitis_workspace/Virtex_wrapper/hw/Virtex_wrapper.xsa
TRACE::2023-12-30.21:08:23::SCWPlatform::DSA given /home/dolu/Documents/GitHub/Thesis/Vitis_workspace/Virtex_wrapper/hw/Virtex_wrapper.xsa
TRACE::2023-12-30.21:08:23::SCWPlatform::DSA absoulate path /home/dolu/Documents/GitHub/Thesis/Vitis_workspace/Virtex_wrapper/hw/Virtex_wrapper.xsa
TRACE::2023-12-30.21:08:23::SCWPlatform::DSA directory /home/dolu/Documents/GitHub/Thesis/Vitis_workspace/Virtex_wrapper/hw
TRACE::2023-12-30.21:08:23::SCWPlatform:: Platform Path /home/dolu/Documents/GitHub/Thesis/Vitis_workspace/Virtex_wrapper/hw/Virtex_wrapper.xsa
TRACE::2023-12-30.21:08:23::SCWPlatform:: Unique name xilinx:vc707::0.0
TRACE::2023-12-30.21:08:23::SCWPlatform::Trying to set the existing hwdb with name Virtex_wrapper_0
TRACE::2023-12-30.21:08:23::SCWPlatform::Opened existing hwdb Virtex_wrapper_0
TRACE::2023-12-30.21:08:23::SCWPlatform::Found the Hw Db part of the input DSA
TRACE::2023-12-30.21:08:23::SCWDomain::checking for install qemu data   : 
TRACE::2023-12-30.21:08:23::SCWPlatform::Trying to open the hw design at /home/dolu/Documents/GitHub/Thesis/Vitis_workspace/Virtex_wrapper/hw/Virtex_wrapper.xsa
TRACE::2023-12-30.21:08:23::SCWPlatform::DSA given /home/dolu/Documents/GitHub/Thesis/Vitis_workspace/Virtex_wrapper/hw/Virtex_wrapper.xsa
TRACE::2023-12-30.21:08:23::SCWPlatform::DSA absoulate path /home/dolu/Documents/GitHub/Thesis/Vitis_workspace/Virtex_wrapper/hw/Virtex_wrapper.xsa
TRACE::2023-12-30.21:08:23::SCWPlatform::DSA directory /home/dolu/Documents/GitHub/Thesis/Vitis_workspace/Virtex_wrapper/hw
TRACE::2023-12-30.21:08:23::SCWPlatform:: Platform Path /home/dolu/Documents/GitHub/Thesis/Vitis_workspace/Virtex_wrapper/hw/Virtex_wrapper.xsa
TRACE::2023-12-30.21:08:23::SCWPlatform:: Unique name xilinx:vc707::0.0
TRACE::2023-12-30.21:08:23::SCWPlatform::Trying to set the existing hwdb with name Virtex_wrapper_0
TRACE::2023-12-30.21:08:23::SCWPlatform::Opened existing hwdb Virtex_wrapper_0
TRACE::2023-12-30.21:08:23::SCWPlatform::Found the Hw Db part of the input DSA
TRACE::2023-12-30.21:08:23::SCWPlatform::Trying to open the hw design at /home/dolu/Documents/GitHub/Thesis/Vitis_workspace/Virtex_wrapper/hw/Virtex_wrapper.xsa
TRACE::2023-12-30.21:08:23::SCWPlatform::DSA given /home/dolu/Documents/GitHub/Thesis/Vitis_workspace/Virtex_wrapper/hw/Virtex_wrapper.xsa
TRACE::2023-12-30.21:08:23::SCWPlatform::DSA absoulate path /home/dolu/Documents/GitHub/Thesis/Vitis_workspace/Virtex_wrapper/hw/Virtex_wrapper.xsa
TRACE::2023-12-30.21:08:23::SCWPlatform::DSA directory /home/dolu/Documents/GitHub/Thesis/Vitis_workspace/Virtex_wrapper/hw
TRACE::2023-12-30.21:08:23::SCWPlatform:: Platform Path /home/dolu/Documents/GitHub/Thesis/Vitis_workspace/Virtex_wrapper/hw/Virtex_wrapper.xsa
TRACE::2023-12-30.21:08:23::SCWPlatform:: Unique name xilinx:vc707::0.0
TRACE::2023-12-30.21:08:23::SCWPlatform::Trying to set the existing hwdb with name Virtex_wrapper_0
TRACE::2023-12-30.21:08:23::SCWPlatform::Opened existing hwdb Virtex_wrapper_0
TRACE::2023-12-30.21:08:23::SCWPlatform::Found the Hw Db part of the input DSA
TRACE::2023-12-30.21:08:23::SCWPlatform::Trying to open the hw design at /home/dolu/Documents/GitHub/Thesis/Vitis_workspace/Virtex_wrapper/hw/Virtex_wrapper.xsa
TRACE::2023-12-30.21:08:23::SCWPlatform::DSA given /home/dolu/Documents/GitHub/Thesis/Vitis_workspace/Virtex_wrapper/hw/Virtex_wrapper.xsa
TRACE::2023-12-30.21:08:23::SCWPlatform::DSA absoulate path /home/dolu/Documents/GitHub/Thesis/Vitis_workspace/Virtex_wrapper/hw/Virtex_wrapper.xsa
TRACE::2023-12-30.21:08:23::SCWPlatform::DSA directory /home/dolu/Documents/GitHub/Thesis/Vitis_workspace/Virtex_wrapper/hw
TRACE::2023-12-30.21:08:23::SCWPlatform:: Platform Path /home/dolu/Documents/GitHub/Thesis/Vitis_workspace/Virtex_wrapper/hw/Virtex_wrapper.xsa
TRACE::2023-12-30.21:08:23::SCWPlatform:: Unique name xilinx:vc707::0.0
TRACE::2023-12-30.21:08:23::SCWPlatform::Trying to set the existing hwdb with name Virtex_wrapper_0
TRACE::2023-12-30.21:08:23::SCWPlatform::Opened existing hwdb Virtex_wrapper_0
TRACE::2023-12-30.21:08:23::SCWPlatform::Found the Hw Db part of the input DSA
TRACE::2023-12-30.21:08:23::SCWMssOS::Checking the sw design at  /home/dolu/Documents/GitHub/Thesis/Vitis_workspace/Virtex_wrapper/microblaze_0/standalone_microblaze_0/bsp/system.mss
TRACE::2023-12-30.21:08:23::SCWMssOS::DEBUG:  swdes dump  
TRACE::2023-12-30.21:08:23::SCWMssOS::No sw design opened at  /home/dolu/Documents/GitHub/Thesis/Vitis_workspace/Virtex_wrapper/microblaze_0/standalone_microblaze_0/bsp/system.mss
TRACE::2023-12-30.21:08:23::SCWMssOS::mss does not exists at /home/dolu/Documents/GitHub/Thesis/Vitis_workspace/Virtex_wrapper/microblaze_0/standalone_microblaze_0/bsp/system.mss
TRACE::2023-12-30.21:08:23::SCWMssOS::Creating sw design at  /home/dolu/Documents/GitHub/Thesis/Vitis_workspace/Virtex_wrapper/microblaze_0/standalone_microblaze_0/bsp/system.mss
TRACE::2023-12-30.21:08:23::SCWMssOS::Adding the swdes entry, created swdb /home/dolu/Documents/GitHub/Thesis/Vitis_workspace/Virtex_wrapper/microblaze_0/standalone_microblaze_0/bsp/system.mss with des name /home/dolu/Documents/GitHub/Thesis/Vitis_workspace/Virtex_wrapper/microblaze_0/standalone_microblaze_0/bsp/system.mss
TRACE::2023-12-30.21:08:23::SCWMssOS::updating the scw layer changes to swdes at   /home/dolu/Documents/GitHub/Thesis/Vitis_workspace/Virtex_wrapper/microblaze_0/standalone_microblaze_0/bsp/system.mss
TRACE::2023-12-30.21:08:23::SCWMssOS::Writing mss at /home/dolu/Documents/GitHub/Thesis/Vitis_workspace/Virtex_wrapper/microblaze_0/standalone_microblaze_0/bsp/system.mss
TRACE::2023-12-30.21:08:23::SCWMssOS::Completed writing the mss file at /home/dolu/Documents/GitHub/Thesis/Vitis_workspace/Virtex_wrapper/microblaze_0/standalone_microblaze_0/bsp
TRACE::2023-12-30.21:08:23::SCWMssOS::Picking up changes from newly written mss file into SCW Layer. 
TRACE::2023-12-30.21:08:23::SCWMssOS::Updated the changes from newly written mss file into SCW Layer. 
TRACE::2023-12-30.21:08:23::SCWMssOS::Completed writing the mss file at /home/dolu/Documents/GitHub/Thesis/Vitis_workspace/Virtex_wrapper/microblaze_0/standalone_microblaze_0/bsp
TRACE::2023-12-30.21:08:23::SCWMssOS::Forcing BSP Sources regeneration.
TRACE::2023-12-30.21:08:24::SCWMssOS::Saving the mss changes /home/dolu/Documents/GitHub/Thesis/Vitis_workspace/Virtex_wrapper/microblaze_0/standalone_microblaze_0/bsp/system.mss
TRACE::2023-12-30.21:08:24::SCWMssOS::Adding the swdes entry, mss present, able to open swdb /home/dolu/Documents/GitHub/Thesis/Vitis_workspace/Virtex_wrapper/microblaze_0/standalone_microblaze_0/bsp/system.mss with des name system
TRACE::2023-12-30.21:08:24::SCWMssOS::Writing the mss file completed /home/dolu/Documents/GitHub/Thesis/Vitis_workspace/Virtex_wrapper/microblaze_0/standalone_microblaze_0/bsp/system.mss
TRACE::2023-12-30.21:08:24::SCWMssOS::Commit changes completed.
TRACE::2023-12-30.21:08:24::SCWPlatform::Trying to open the hw design at /home/dolu/Documents/GitHub/Thesis/Vitis_workspace/Virtex_wrapper/hw/Virtex_wrapper.xsa
TRACE::2023-12-30.21:08:24::SCWPlatform::DSA given /home/dolu/Documents/GitHub/Thesis/Vitis_workspace/Virtex_wrapper/hw/Virtex_wrapper.xsa
TRACE::2023-12-30.21:08:24::SCWPlatform::DSA absoulate path /home/dolu/Documents/GitHub/Thesis/Vitis_workspace/Virtex_wrapper/hw/Virtex_wrapper.xsa
TRACE::2023-12-30.21:08:24::SCWPlatform::DSA directory /home/dolu/Documents/GitHub/Thesis/Vitis_workspace/Virtex_wrapper/hw
TRACE::2023-12-30.21:08:24::SCWPlatform:: Platform Path /home/dolu/Documents/GitHub/Thesis/Vitis_workspace/Virtex_wrapper/hw/Virtex_wrapper.xsa
TRACE::2023-12-30.21:08:24::SCWPlatform:: Unique name xilinx:vc707::0.0
TRACE::2023-12-30.21:08:24::SCWPlatform::Trying to set the existing hwdb with name Virtex_wrapper_0
TRACE::2023-12-30.21:08:24::SCWPlatform::Opened existing hwdb Virtex_wrapper_0
TRACE::2023-12-30.21:08:24::SCWPlatform::Found the Hw Db part of the input DSA
TRACE::2023-12-30.21:08:24::SCWMssOS::Checking the sw design at  /home/dolu/Documents/GitHub/Thesis/Vitis_workspace/Virtex_wrapper/microblaze_0/standalone_microblaze_0/bsp/system.mss
TRACE::2023-12-30.21:08:24::SCWMssOS::DEBUG:  swdes dump  /home/dolu/Documents/GitHub/Thesis/Vitis_workspace/Virtex_wrapper/microblaze_0/standalone_microblaze_0/bsp/system.mss|system||

TRACE::2023-12-30.21:08:24::SCWMssOS::Sw design exists and opened at  /home/dolu/Documents/GitHub/Thesis/Vitis_workspace/Virtex_wrapper/microblaze_0/standalone_microblaze_0/bsp/system.mss
TRACE::2023-12-30.21:08:24::SCWPlatform::Trying to open the hw design at /home/dolu/Documents/GitHub/Thesis/Vitis_workspace/Virtex_wrapper/hw/Virtex_wrapper.xsa
TRACE::2023-12-30.21:08:24::SCWPlatform::DSA given /home/dolu/Documents/GitHub/Thesis/Vitis_workspace/Virtex_wrapper/hw/Virtex_wrapper.xsa
TRACE::2023-12-30.21:08:24::SCWPlatform::DSA absoulate path /home/dolu/Documents/GitHub/Thesis/Vitis_workspace/Virtex_wrapper/hw/Virtex_wrapper.xsa
TRACE::2023-12-30.21:08:24::SCWPlatform::DSA directory /home/dolu/Documents/GitHub/Thesis/Vitis_workspace/Virtex_wrapper/hw
TRACE::2023-12-30.21:08:24::SCWPlatform:: Platform Path /home/dolu/Documents/GitHub/Thesis/Vitis_workspace/Virtex_wrapper/hw/Virtex_wrapper.xsa
TRACE::2023-12-30.21:08:24::SCWPlatform:: Unique name xilinx:vc707::0.0
TRACE::2023-12-30.21:08:24::SCWPlatform::Trying to set the existing hwdb with name Virtex_wrapper_0
TRACE::2023-12-30.21:08:24::SCWPlatform::Opened existing hwdb Virtex_wrapper_0
TRACE::2023-12-30.21:08:24::SCWPlatform::Found the Hw Db part of the input DSA
TRACE::2023-12-30.21:08:24::SCWMssOS::Checking the sw design at  /home/dolu/Documents/GitHub/Thesis/Vitis_workspace/Virtex_wrapper/microblaze_0/standalone_microblaze_0/bsp/system.mss
TRACE::2023-12-30.21:08:24::SCWMssOS::DEBUG:  swdes dump  /home/dolu/Documents/GitHub/Thesis/Vitis_workspace/Virtex_wrapper/microblaze_0/standalone_microblaze_0/bsp/system.mss|system||

TRACE::2023-12-30.21:08:24::SCWMssOS::Sw design exists and opened at  /home/dolu/Documents/GitHub/Thesis/Vitis_workspace/Virtex_wrapper/microblaze_0/standalone_microblaze_0/bsp/system.mss
TRACE::2023-12-30.21:08:24::SCWPlatform::Trying to open the hw design at /home/dolu/Documents/GitHub/Thesis/Vitis_workspace/Virtex_wrapper/hw/Virtex_wrapper.xsa
TRACE::2023-12-30.21:08:24::SCWPlatform::DSA given /home/dolu/Documents/GitHub/Thesis/Vitis_workspace/Virtex_wrapper/hw/Virtex_wrapper.xsa
TRACE::2023-12-30.21:08:24::SCWPlatform::DSA absoulate path /home/dolu/Documents/GitHub/Thesis/Vitis_workspace/Virtex_wrapper/hw/Virtex_wrapper.xsa
TRACE::2023-12-30.21:08:24::SCWPlatform::DSA directory /home/dolu/Documents/GitHub/Thesis/Vitis_workspace/Virtex_wrapper/hw
TRACE::2023-12-30.21:08:24::SCWPlatform:: Platform Path /home/dolu/Documents/GitHub/Thesis/Vitis_workspace/Virtex_wrapper/hw/Virtex_wrapper.xsa
TRACE::2023-12-30.21:08:24::SCWPlatform:: Unique name xilinx:vc707::0.0
TRACE::2023-12-30.21:08:24::SCWPlatform::Trying to set the existing hwdb with name Virtex_wrapper_0
TRACE::2023-12-30.21:08:24::SCWPlatform::Opened existing hwdb Virtex_wrapper_0
TRACE::2023-12-30.21:08:24::SCWPlatform::Found the Hw Db part of the input DSA
TRACE::2023-12-30.21:08:24::SCWMssOS::Checking the sw design at  /home/dolu/Documents/GitHub/Thesis/Vitis_workspace/Virtex_wrapper/microblaze_0/standalone_microblaze_0/bsp/system.mss
TRACE::2023-12-30.21:08:24::SCWMssOS::DEBUG:  swdes dump  /home/dolu/Documents/GitHub/Thesis/Vitis_workspace/Virtex_wrapper/microblaze_0/standalone_microblaze_0/bsp/system.mss|system||

TRACE::2023-12-30.21:08:24::SCWMssOS::Sw design exists and opened at  /home/dolu/Documents/GitHub/Thesis/Vitis_workspace/Virtex_wrapper/microblaze_0/standalone_microblaze_0/bsp/system.mss
TRACE::2023-12-30.21:08:24::SCWWriter::formatted JSON is {
	"platformName":	"Virtex_wrapper",
	"sprVersion":	"2.0",
	"mode":	"gui",
	"dsaType":	"Fixed",
	"platformDesc":	"Virtex_wrapper",
	"platHandOff":	"/home/dolu/Documents/GitHub/Thesis/VC707test/Virtex_wrapper.xsa",
	"platIntHandOff":	"<platformDir>/hw/Virtex_wrapper.xsa",
	"deviceType":	"FPGA",
	"platIsPrebuiltAutogen":	"false",
	"platIsNoBootBsp":	"false",
	"hasFsblMakeHasChanges":	"false",
	"hasPmufwMakeHasChanges":	"false",
	"platPreBuiltFlag":	false,
	"platformSamplesDir":	"",
	"platActiveSys":	"Virtex_wrapper",
	"systems":	[{
			"systemName":	"Virtex_wrapper",
			"systemDesc":	"Virtex_wrapper",
			"sysIsBootAutoGen":	"true",
			"systemDispName":	"Virtex_wrapper",
			"sysActiveDom":	"standalone_microblaze_0",
			"sysDefaultDom":	"standalone_microblaze_0",
			"domains":	[{
					"domainName":	"standalone_microblaze_0",
					"domainDispName":	"standalone_microblaze_0",
					"domainDesc":	"standalone_microblaze_0",
					"processors":	"microblaze_0",
					"os":	"standalone",
					"sdxOs":	"standalone",
					"debugEnable":	"False",
					"domRuntimes":	["cpp"],
					"swRepo":	"",
					"mssOsVer":	"8.0",
					"mssFile":	"",
					"md5Digest":	"c0e8b8e7149a117497412f848759d7af",
					"compatibleApp":	"hello_world",
					"domType":	"mssDomain",
					"arch":	"32-bit",
					"appSettings":	{
						"appCompilerFlags":	"",
						"appLinkerFlags":	""
					},
					"addedLibs":	[],
					"libOptions":	{
						"libsContainingOptions":	[]
					},
					"prebuiltLibs":	{
						"prebuiltIncPath":	[],
						"prebuiltLibPath":	[]
					},
					"isolation":	{
					}
				}]
		}]
}
LOG::2023-12-30.21:08:24::SCWPlatform::Started generating the artifacts platform Virtex_wrapper
TRACE::2023-12-30.21:08:24::SCWPlatform::Sanity checking of platform is completed
LOG::2023-12-30.21:08:24::SCWPlatform::Started generating the artifacts for system configuration Virtex_wrapper
LOG::2023-12-30.21:08:24::SCWSystem::Checking the domain standalone_microblaze_0
LOG::2023-12-30.21:08:24::SCWSystem::Not a boot domain 
LOG::2023-12-30.21:08:24::SCWSystem::Started Processing the domain standalone_microblaze_0
TRACE::2023-12-30.21:08:24::SCWDomain::Generating domain artifcats
TRACE::2023-12-30.21:08:24::SCWMssOS::Generating standalone artifcats
TRACE::2023-12-30.21:08:24::SCWMssOS:: Copying the user libraries. 
TRACE::2023-12-30.21:08:24::SCWPlatform::Trying to open the hw design at /home/dolu/Documents/GitHub/Thesis/Vitis_workspace/Virtex_wrapper/hw/Virtex_wrapper.xsa
TRACE::2023-12-30.21:08:24::SCWPlatform::DSA given /home/dolu/Documents/GitHub/Thesis/Vitis_workspace/Virtex_wrapper/hw/Virtex_wrapper.xsa
TRACE::2023-12-30.21:08:24::SCWPlatform::DSA absoulate path /home/dolu/Documents/GitHub/Thesis/Vitis_workspace/Virtex_wrapper/hw/Virtex_wrapper.xsa
TRACE::2023-12-30.21:08:24::SCWPlatform::DSA directory /home/dolu/Documents/GitHub/Thesis/Vitis_workspace/Virtex_wrapper/hw
TRACE::2023-12-30.21:08:24::SCWPlatform:: Platform Path /home/dolu/Documents/GitHub/Thesis/Vitis_workspace/Virtex_wrapper/hw/Virtex_wrapper.xsa
TRACE::2023-12-30.21:08:24::SCWPlatform:: Unique name xilinx:vc707::0.0
TRACE::2023-12-30.21:08:24::SCWPlatform::Trying to set the existing hwdb with name Virtex_wrapper_0
TRACE::2023-12-30.21:08:24::SCWPlatform::Opened existing hwdb Virtex_wrapper_0
TRACE::2023-12-30.21:08:24::SCWPlatform::Found the Hw Db part of the input DSA
TRACE::2023-12-30.21:08:24::SCWMssOS::Checking the sw design at  /home/dolu/Documents/GitHub/Thesis/Vitis_workspace/Virtex_wrapper/microblaze_0/standalone_microblaze_0/bsp/system.mss
TRACE::2023-12-30.21:08:24::SCWMssOS::DEBUG:  swdes dump  /home/dolu/Documents/GitHub/Thesis/Vitis_workspace/Virtex_wrapper/microblaze_0/standalone_microblaze_0/bsp/system.mss|system||

TRACE::2023-12-30.21:08:24::SCWMssOS::Sw design exists and opened at  /home/dolu/Documents/GitHub/Thesis/Vitis_workspace/Virtex_wrapper/microblaze_0/standalone_microblaze_0/bsp/system.mss
TRACE::2023-12-30.21:08:24::SCWMssOS::Completed writing the mss file at /home/dolu/Documents/GitHub/Thesis/Vitis_workspace/Virtex_wrapper/microblaze_0/standalone_microblaze_0/bsp
TRACE::2023-12-30.21:08:24::SCWMssOS::Mss edits present, copying mssfile into export location /home/dolu/Documents/GitHub/Thesis/Vitis_workspace/Virtex_wrapper/microblaze_0/standalone_microblaze_0/bsp/system.mss
TRACE::2023-12-30.21:08:24::SCWMssOS::bsp generated is upto date with the mss file. Skipping bsp generation.
TRACE::2023-12-30.21:08:24::SCWMssOS::BSP is already built. skipping the bsp build ... 
TRACE::2023-12-30.21:08:24::SCWDomain::Skipping the build for domain :  standalone_microblaze_0
TRACE::2023-12-30.21:08:24::SCWMssOS::skipping the bsp build ... 
TRACE::2023-12-30.21:08:24::SCWMssOS::Copying to export directory.
TRACE::2023-12-30.21:08:24::SCWMssOS:: Checking if to create the Supporting Applications
TRACE::2023-12-30.21:08:24::SCWMssOS:: No Linux domain exists, trying to generate FSBL 
LOG::2023-12-30.21:08:24::SCWSystem::Completed Processing the domain standalone_microblaze_0
LOG::2023-12-30.21:08:24::SCWSystem::Completed Processing the sysconfig Virtex_wrapper
LOG::2023-12-30.21:08:24::SCWPlatform::Completed generating the artifacts for system configuration Virtex_wrapper
TRACE::2023-12-30.21:08:24::SCWPlatform::Started preparing the platform 
TRACE::2023-12-30.21:08:24::SCWSystem::Writing the bif file for system config Virtex_wrapper
TRACE::2023-12-30.21:08:24::SCWSystem::dir created 
TRACE::2023-12-30.21:08:24::SCWSystem::Writing the bif 
TRACE::2023-12-30.21:08:24::SCWPlatform::Started writing the spfm file 
TRACE::2023-12-30.21:08:24::SCWPlatform::Started writing the xpfm file 
TRACE::2023-12-30.21:08:24::SCWPlatform::Completed generating the platform
TRACE::2023-12-30.21:08:24::SCWMssOS::Saving the mss changes /home/dolu/Documents/GitHub/Thesis/Vitis_workspace/Virtex_wrapper/microblaze_0/standalone_microblaze_0/bsp/system.mss
TRACE::2023-12-30.21:08:24::SCWMssOS::Found a swdesign opened with the mssfile.
TRACE::2023-12-30.21:08:24::SCWMssOS::Completed writemss as part of save.
TRACE::2023-12-30.21:08:24::SCWMssOS::Commit changes completed.
TRACE::2023-12-30.21:08:24::SCWPlatform::Trying to open the hw design at /home/dolu/Documents/GitHub/Thesis/Vitis_workspace/Virtex_wrapper/hw/Virtex_wrapper.xsa
TRACE::2023-12-30.21:08:24::SCWPlatform::DSA given /home/dolu/Documents/GitHub/Thesis/Vitis_workspace/Virtex_wrapper/hw/Virtex_wrapper.xsa
TRACE::2023-12-30.21:08:24::SCWPlatform::DSA absoulate path /home/dolu/Documents/GitHub/Thesis/Vitis_workspace/Virtex_wrapper/hw/Virtex_wrapper.xsa
TRACE::2023-12-30.21:08:24::SCWPlatform::DSA directory /home/dolu/Documents/GitHub/Thesis/Vitis_workspace/Virtex_wrapper/hw
TRACE::2023-12-30.21:08:24::SCWPlatform:: Platform Path /home/dolu/Documents/GitHub/Thesis/Vitis_workspace/Virtex_wrapper/hw/Virtex_wrapper.xsa
TRACE::2023-12-30.21:08:24::SCWPlatform:: Unique name xilinx:vc707::0.0
TRACE::2023-12-30.21:08:24::SCWPlatform::Trying to set the existing hwdb with name Virtex_wrapper_0
TRACE::2023-12-30.21:08:24::SCWPlatform::Opened existing hwdb Virtex_wrapper_0
TRACE::2023-12-30.21:08:24::SCWPlatform::Found the Hw Db part of the input DSA
TRACE::2023-12-30.21:08:24::SCWMssOS::Checking the sw design at  /home/dolu/Documents/GitHub/Thesis/Vitis_workspace/Virtex_wrapper/microblaze_0/standalone_microblaze_0/bsp/system.mss
TRACE::2023-12-30.21:08:24::SCWMssOS::DEBUG:  swdes dump  /home/dolu/Documents/GitHub/Thesis/Vitis_workspace/Virtex_wrapper/microblaze_0/standalone_microblaze_0/bsp/system.mss|system||

TRACE::2023-12-30.21:08:24::SCWMssOS::Sw design exists and opened at  /home/dolu/Documents/GitHub/Thesis/Vitis_workspace/Virtex_wrapper/microblaze_0/standalone_microblaze_0/bsp/system.mss
TRACE::2023-12-30.21:08:24::SCWPlatform::Trying to open the hw design at /home/dolu/Documents/GitHub/Thesis/Vitis_workspace/Virtex_wrapper/hw/Virtex_wrapper.xsa
TRACE::2023-12-30.21:08:24::SCWPlatform::DSA given /home/dolu/Documents/GitHub/Thesis/Vitis_workspace/Virtex_wrapper/hw/Virtex_wrapper.xsa
TRACE::2023-12-30.21:08:24::SCWPlatform::DSA absoulate path /home/dolu/Documents/GitHub/Thesis/Vitis_workspace/Virtex_wrapper/hw/Virtex_wrapper.xsa
TRACE::2023-12-30.21:08:24::SCWPlatform::DSA directory /home/dolu/Documents/GitHub/Thesis/Vitis_workspace/Virtex_wrapper/hw
TRACE::2023-12-30.21:08:24::SCWPlatform:: Platform Path /home/dolu/Documents/GitHub/Thesis/Vitis_workspace/Virtex_wrapper/hw/Virtex_wrapper.xsa
TRACE::2023-12-30.21:08:24::SCWPlatform:: Unique name xilinx:vc707::0.0
TRACE::2023-12-30.21:08:24::SCWPlatform::Trying to set the existing hwdb with name Virtex_wrapper_0
TRACE::2023-12-30.21:08:24::SCWPlatform::Opened existing hwdb Virtex_wrapper_0
TRACE::2023-12-30.21:08:24::SCWPlatform::Found the Hw Db part of the input DSA
TRACE::2023-12-30.21:08:24::SCWMssOS::Checking the sw design at  /home/dolu/Documents/GitHub/Thesis/Vitis_workspace/Virtex_wrapper/microblaze_0/standalone_microblaze_0/bsp/system.mss
TRACE::2023-12-30.21:08:24::SCWMssOS::DEBUG:  swdes dump  /home/dolu/Documents/GitHub/Thesis/Vitis_workspace/Virtex_wrapper/microblaze_0/standalone_microblaze_0/bsp/system.mss|system||

TRACE::2023-12-30.21:08:24::SCWMssOS::Sw design exists and opened at  /home/dolu/Documents/GitHub/Thesis/Vitis_workspace/Virtex_wrapper/microblaze_0/standalone_microblaze_0/bsp/system.mss
TRACE::2023-12-30.21:08:24::SCWPlatform::Trying to open the hw design at /home/dolu/Documents/GitHub/Thesis/Vitis_workspace/Virtex_wrapper/hw/Virtex_wrapper.xsa
TRACE::2023-12-30.21:08:24::SCWPlatform::DSA given /home/dolu/Documents/GitHub/Thesis/Vitis_workspace/Virtex_wrapper/hw/Virtex_wrapper.xsa
TRACE::2023-12-30.21:08:24::SCWPlatform::DSA absoulate path /home/dolu/Documents/GitHub/Thesis/Vitis_workspace/Virtex_wrapper/hw/Virtex_wrapper.xsa
TRACE::2023-12-30.21:08:24::SCWPlatform::DSA directory /home/dolu/Documents/GitHub/Thesis/Vitis_workspace/Virtex_wrapper/hw
TRACE::2023-12-30.21:08:24::SCWPlatform:: Platform Path /home/dolu/Documents/GitHub/Thesis/Vitis_workspace/Virtex_wrapper/hw/Virtex_wrapper.xsa
TRACE::2023-12-30.21:08:24::SCWPlatform:: Unique name xilinx:vc707::0.0
TRACE::2023-12-30.21:08:24::SCWPlatform::Trying to set the existing hwdb with name Virtex_wrapper_0
TRACE::2023-12-30.21:08:24::SCWPlatform::Opened existing hwdb Virtex_wrapper_0
TRACE::2023-12-30.21:08:24::SCWPlatform::Found the Hw Db part of the input DSA
TRACE::2023-12-30.21:08:24::SCWMssOS::Checking the sw design at  /home/dolu/Documents/GitHub/Thesis/Vitis_workspace/Virtex_wrapper/microblaze_0/standalone_microblaze_0/bsp/system.mss
TRACE::2023-12-30.21:08:24::SCWMssOS::DEBUG:  swdes dump  /home/dolu/Documents/GitHub/Thesis/Vitis_workspace/Virtex_wrapper/microblaze_0/standalone_microblaze_0/bsp/system.mss|system||

TRACE::2023-12-30.21:08:24::SCWMssOS::Sw design exists and opened at  /home/dolu/Documents/GitHub/Thesis/Vitis_workspace/Virtex_wrapper/microblaze_0/standalone_microblaze_0/bsp/system.mss
TRACE::2023-12-30.21:08:24::SCWWriter::formatted JSON is {
	"platformName":	"Virtex_wrapper",
	"sprVersion":	"2.0",
	"mode":	"gui",
	"dsaType":	"Fixed",
	"platformDesc":	"Virtex_wrapper",
	"platHandOff":	"/home/dolu/Documents/GitHub/Thesis/VC707test/Virtex_wrapper.xsa",
	"platIntHandOff":	"<platformDir>/hw/Virtex_wrapper.xsa",
	"deviceType":	"FPGA",
	"platIsPrebuiltAutogen":	"false",
	"platIsNoBootBsp":	"false",
	"hasFsblMakeHasChanges":	"false",
	"hasPmufwMakeHasChanges":	"false",
	"platPreBuiltFlag":	false,
	"platformSamplesDir":	"",
	"platActiveSys":	"Virtex_wrapper",
	"systems":	[{
			"systemName":	"Virtex_wrapper",
			"systemDesc":	"Virtex_wrapper",
			"sysIsBootAutoGen":	"true",
			"systemDispName":	"Virtex_wrapper",
			"sysActiveDom":	"standalone_microblaze_0",
			"sysDefaultDom":	"standalone_microblaze_0",
			"domains":	[{
					"domainName":	"standalone_microblaze_0",
					"domainDispName":	"standalone_microblaze_0",
					"domainDesc":	"standalone_microblaze_0",
					"processors":	"microblaze_0",
					"os":	"standalone",
					"sdxOs":	"standalone",
					"debugEnable":	"False",
					"domRuntimes":	["cpp"],
					"swRepo":	"",
					"mssOsVer":	"8.0",
					"mssFile":	"",
					"md5Digest":	"c0e8b8e7149a117497412f848759d7af",
					"compatibleApp":	"hello_world",
					"domType":	"mssDomain",
					"arch":	"32-bit",
					"appSettings":	{
						"appCompilerFlags":	"",
						"appLinkerFlags":	""
					},
					"addedLibs":	[],
					"libOptions":	{
						"libsContainingOptions":	[]
					},
					"prebuiltLibs":	{
						"prebuiltIncPath":	[],
						"prebuiltLibPath":	[]
					},
					"isolation":	{
					}
				}]
		}]
}
KEYINFO::2023-12-30.21:08:24::SCWPlatform::updated the xpfm file.
TRACE::2023-12-30.21:08:24::SCWPlatform::Trying to open the hw design at /home/dolu/Documents/GitHub/Thesis/Vitis_workspace/Virtex_wrapper/hw/Virtex_wrapper.xsa
TRACE::2023-12-30.21:08:24::SCWPlatform::DSA given /home/dolu/Documents/GitHub/Thesis/Vitis_workspace/Virtex_wrapper/hw/Virtex_wrapper.xsa
TRACE::2023-12-30.21:08:24::SCWPlatform::DSA absoulate path /home/dolu/Documents/GitHub/Thesis/Vitis_workspace/Virtex_wrapper/hw/Virtex_wrapper.xsa
TRACE::2023-12-30.21:08:24::SCWPlatform::DSA directory /home/dolu/Documents/GitHub/Thesis/Vitis_workspace/Virtex_wrapper/hw
TRACE::2023-12-30.21:08:24::SCWPlatform:: Platform Path /home/dolu/Documents/GitHub/Thesis/Vitis_workspace/Virtex_wrapper/hw/Virtex_wrapper.xsa
TRACE::2023-12-30.21:08:24::SCWPlatform:: Unique name xilinx:vc707::0.0
TRACE::2023-12-30.21:08:24::SCWPlatform::Trying to set the existing hwdb with name Virtex_wrapper_0
TRACE::2023-12-30.21:08:24::SCWPlatform::Opened existing hwdb Virtex_wrapper_0
TRACE::2023-12-30.21:08:24::SCWPlatform::Found the Hw Db part of the input DSA
TRACE::2023-12-30.21:08:24::SCWMssOS::Checking the sw design at  /home/dolu/Documents/GitHub/Thesis/Vitis_workspace/Virtex_wrapper/microblaze_0/standalone_microblaze_0/bsp/system.mss
TRACE::2023-12-30.21:08:24::SCWMssOS::DEBUG:  swdes dump  /home/dolu/Documents/GitHub/Thesis/Vitis_workspace/Virtex_wrapper/microblaze_0/standalone_microblaze_0/bsp/system.mss|system||

TRACE::2023-12-30.21:08:24::SCWMssOS::Sw design exists and opened at  /home/dolu/Documents/GitHub/Thesis/Vitis_workspace/Virtex_wrapper/microblaze_0/standalone_microblaze_0/bsp/system.mss
TRACE::2023-12-30.21:08:24::SCWMssOS::Saving the mss changes /home/dolu/Documents/GitHub/Thesis/Vitis_workspace/Virtex_wrapper/microblaze_0/standalone_microblaze_0/bsp/system.mss
TRACE::2023-12-30.21:08:24::SCWMssOS::Found a swdesign opened with the mssfile.
TRACE::2023-12-30.21:08:24::SCWMssOS::Completed writemss as part of save.
TRACE::2023-12-30.21:08:24::SCWMssOS::Commit changes completed.
TRACE::2023-12-30.21:08:24::SCWPlatform::Trying to open the hw design at /home/dolu/Documents/GitHub/Thesis/Vitis_workspace/Virtex_wrapper/hw/Virtex_wrapper.xsa
TRACE::2023-12-30.21:08:24::SCWPlatform::DSA given /home/dolu/Documents/GitHub/Thesis/Vitis_workspace/Virtex_wrapper/hw/Virtex_wrapper.xsa
TRACE::2023-12-30.21:08:24::SCWPlatform::DSA absoulate path /home/dolu/Documents/GitHub/Thesis/Vitis_workspace/Virtex_wrapper/hw/Virtex_wrapper.xsa
TRACE::2023-12-30.21:08:24::SCWPlatform::DSA directory /home/dolu/Documents/GitHub/Thesis/Vitis_workspace/Virtex_wrapper/hw
TRACE::2023-12-30.21:08:24::SCWPlatform:: Platform Path /home/dolu/Documents/GitHub/Thesis/Vitis_workspace/Virtex_wrapper/hw/Virtex_wrapper.xsa
TRACE::2023-12-30.21:08:24::SCWPlatform:: Unique name xilinx:vc707::0.0
TRACE::2023-12-30.21:08:24::SCWPlatform::Trying to set the existing hwdb with name Virtex_wrapper_0
TRACE::2023-12-30.21:08:24::SCWPlatform::Opened existing hwdb Virtex_wrapper_0
TRACE::2023-12-30.21:08:24::SCWPlatform::Found the Hw Db part of the input DSA
TRACE::2023-12-30.21:08:24::SCWMssOS::Checking the sw design at  /home/dolu/Documents/GitHub/Thesis/Vitis_workspace/Virtex_wrapper/microblaze_0/standalone_microblaze_0/bsp/system.mss
TRACE::2023-12-30.21:08:24::SCWMssOS::DEBUG:  swdes dump  /home/dolu/Documents/GitHub/Thesis/Vitis_workspace/Virtex_wrapper/microblaze_0/standalone_microblaze_0/bsp/system.mss|system||

TRACE::2023-12-30.21:08:24::SCWMssOS::Sw design exists and opened at  /home/dolu/Documents/GitHub/Thesis/Vitis_workspace/Virtex_wrapper/microblaze_0/standalone_microblaze_0/bsp/system.mss
TRACE::2023-12-30.21:08:24::SCWPlatform::Trying to open the hw design at /home/dolu/Documents/GitHub/Thesis/Vitis_workspace/Virtex_wrapper/hw/Virtex_wrapper.xsa
TRACE::2023-12-30.21:08:24::SCWPlatform::DSA given /home/dolu/Documents/GitHub/Thesis/Vitis_workspace/Virtex_wrapper/hw/Virtex_wrapper.xsa
TRACE::2023-12-30.21:08:24::SCWPlatform::DSA absoulate path /home/dolu/Documents/GitHub/Thesis/Vitis_workspace/Virtex_wrapper/hw/Virtex_wrapper.xsa
TRACE::2023-12-30.21:08:24::SCWPlatform::DSA directory /home/dolu/Documents/GitHub/Thesis/Vitis_workspace/Virtex_wrapper/hw
TRACE::2023-12-30.21:08:24::SCWPlatform:: Platform Path /home/dolu/Documents/GitHub/Thesis/Vitis_workspace/Virtex_wrapper/hw/Virtex_wrapper.xsa
TRACE::2023-12-30.21:08:24::SCWPlatform:: Unique name xilinx:vc707::0.0
TRACE::2023-12-30.21:08:24::SCWPlatform::Trying to set the existing hwdb with name Virtex_wrapper_0
TRACE::2023-12-30.21:08:24::SCWPlatform::Opened existing hwdb Virtex_wrapper_0
TRACE::2023-12-30.21:08:24::SCWPlatform::Found the Hw Db part of the input DSA
TRACE::2023-12-30.21:08:24::SCWMssOS::Checking the sw design at  /home/dolu/Documents/GitHub/Thesis/Vitis_workspace/Virtex_wrapper/microblaze_0/standalone_microblaze_0/bsp/system.mss
TRACE::2023-12-30.21:08:24::SCWMssOS::DEBUG:  swdes dump  /home/dolu/Documents/GitHub/Thesis/Vitis_workspace/Virtex_wrapper/microblaze_0/standalone_microblaze_0/bsp/system.mss|system||

TRACE::2023-12-30.21:08:24::SCWMssOS::Sw design exists and opened at  /home/dolu/Documents/GitHub/Thesis/Vitis_workspace/Virtex_wrapper/microblaze_0/standalone_microblaze_0/bsp/system.mss
TRACE::2023-12-30.21:08:24::SCWPlatform::Trying to open the hw design at /home/dolu/Documents/GitHub/Thesis/Vitis_workspace/Virtex_wrapper/hw/Virtex_wrapper.xsa
TRACE::2023-12-30.21:08:24::SCWPlatform::DSA given /home/dolu/Documents/GitHub/Thesis/Vitis_workspace/Virtex_wrapper/hw/Virtex_wrapper.xsa
TRACE::2023-12-30.21:08:24::SCWPlatform::DSA absoulate path /home/dolu/Documents/GitHub/Thesis/Vitis_workspace/Virtex_wrapper/hw/Virtex_wrapper.xsa
TRACE::2023-12-30.21:08:24::SCWPlatform::DSA directory /home/dolu/Documents/GitHub/Thesis/Vitis_workspace/Virtex_wrapper/hw
TRACE::2023-12-30.21:08:24::SCWPlatform:: Platform Path /home/dolu/Documents/GitHub/Thesis/Vitis_workspace/Virtex_wrapper/hw/Virtex_wrapper.xsa
TRACE::2023-12-30.21:08:24::SCWPlatform:: Unique name xilinx:vc707::0.0
TRACE::2023-12-30.21:08:24::SCWPlatform::Trying to set the existing hwdb with name Virtex_wrapper_0
TRACE::2023-12-30.21:08:24::SCWPlatform::Opened existing hwdb Virtex_wrapper_0
TRACE::2023-12-30.21:08:24::SCWPlatform::Found the Hw Db part of the input DSA
TRACE::2023-12-30.21:08:24::SCWMssOS::Checking the sw design at  /home/dolu/Documents/GitHub/Thesis/Vitis_workspace/Virtex_wrapper/microblaze_0/standalone_microblaze_0/bsp/system.mss
TRACE::2023-12-30.21:08:24::SCWMssOS::DEBUG:  swdes dump  /home/dolu/Documents/GitHub/Thesis/Vitis_workspace/Virtex_wrapper/microblaze_0/standalone_microblaze_0/bsp/system.mss|system||

TRACE::2023-12-30.21:08:24::SCWMssOS::Sw design exists and opened at  /home/dolu/Documents/GitHub/Thesis/Vitis_workspace/Virtex_wrapper/microblaze_0/standalone_microblaze_0/bsp/system.mss
TRACE::2023-12-30.21:08:24::SCWWriter::formatted JSON is {
	"platformName":	"Virtex_wrapper",
	"sprVersion":	"2.0",
	"mode":	"gui",
	"dsaType":	"Fixed",
	"platformDesc":	"Virtex_wrapper",
	"platHandOff":	"/home/dolu/Documents/GitHub/Thesis/VC707test/Virtex_wrapper.xsa",
	"platIntHandOff":	"<platformDir>/hw/Virtex_wrapper.xsa",
	"deviceType":	"FPGA",
	"platIsPrebuiltAutogen":	"false",
	"platIsNoBootBsp":	"false",
	"hasFsblMakeHasChanges":	"false",
	"hasPmufwMakeHasChanges":	"false",
	"platPreBuiltFlag":	false,
	"platformSamplesDir":	"",
	"platActiveSys":	"Virtex_wrapper",
	"systems":	[{
			"systemName":	"Virtex_wrapper",
			"systemDesc":	"Virtex_wrapper",
			"sysIsBootAutoGen":	"true",
			"systemDispName":	"Virtex_wrapper",
			"sysActiveDom":	"standalone_microblaze_0",
			"sysDefaultDom":	"standalone_microblaze_0",
			"domains":	[{
					"domainName":	"standalone_microblaze_0",
					"domainDispName":	"standalone_microblaze_0",
					"domainDesc":	"standalone_microblaze_0",
					"processors":	"microblaze_0",
					"os":	"standalone",
					"sdxOs":	"standalone",
					"debugEnable":	"False",
					"domRuntimes":	["cpp"],
					"swRepo":	"",
					"mssOsVer":	"8.0",
					"mssFile":	"",
					"md5Digest":	"c0e8b8e7149a117497412f848759d7af",
					"compatibleApp":	"hello_world",
					"domType":	"mssDomain",
					"arch":	"32-bit",
					"appSettings":	{
						"appCompilerFlags":	"",
						"appLinkerFlags":	""
					},
					"addedLibs":	[],
					"libOptions":	{
						"libsContainingOptions":	[]
					},
					"prebuiltLibs":	{
						"prebuiltIncPath":	[],
						"prebuiltLibPath":	[]
					},
					"isolation":	{
					}
				}]
		}]
}
TRACE::2023-12-30.21:08:24::SCWPlatform::Trying to open the hw design at /home/dolu/Documents/GitHub/Thesis/Vitis_workspace/Virtex_wrapper/hw/Virtex_wrapper.xsa
TRACE::2023-12-30.21:08:24::SCWPlatform::DSA given /home/dolu/Documents/GitHub/Thesis/Vitis_workspace/Virtex_wrapper/hw/Virtex_wrapper.xsa
TRACE::2023-12-30.21:08:24::SCWPlatform::DSA absoulate path /home/dolu/Documents/GitHub/Thesis/Vitis_workspace/Virtex_wrapper/hw/Virtex_wrapper.xsa
TRACE::2023-12-30.21:08:24::SCWPlatform::DSA directory /home/dolu/Documents/GitHub/Thesis/Vitis_workspace/Virtex_wrapper/hw
TRACE::2023-12-30.21:08:24::SCWPlatform:: Platform Path /home/dolu/Documents/GitHub/Thesis/Vitis_workspace/Virtex_wrapper/hw/Virtex_wrapper.xsa
TRACE::2023-12-30.21:08:24::SCWPlatform:: Unique name xilinx:vc707::0.0
TRACE::2023-12-30.21:08:24::SCWPlatform::Trying to set the existing hwdb with name Virtex_wrapper_0
TRACE::2023-12-30.21:08:24::SCWPlatform::Opened existing hwdb Virtex_wrapper_0
TRACE::2023-12-30.21:08:24::SCWPlatform::Found the Hw Db part of the input DSA
TRACE::2023-12-30.21:08:24::SCWMssOS::Checking the sw design at  /home/dolu/Documents/GitHub/Thesis/Vitis_workspace/Virtex_wrapper/microblaze_0/standalone_microblaze_0/bsp/system.mss
TRACE::2023-12-30.21:08:24::SCWMssOS::DEBUG:  swdes dump  /home/dolu/Documents/GitHub/Thesis/Vitis_workspace/Virtex_wrapper/microblaze_0/standalone_microblaze_0/bsp/system.mss|system||

TRACE::2023-12-30.21:08:24::SCWMssOS::Sw design exists and opened at  /home/dolu/Documents/GitHub/Thesis/Vitis_workspace/Virtex_wrapper/microblaze_0/standalone_microblaze_0/bsp/system.mss
TRACE::2023-12-30.21:08:24::SCWPlatform::Trying to open the hw design at /home/dolu/Documents/GitHub/Thesis/Vitis_workspace/Virtex_wrapper/hw/Virtex_wrapper.xsa
TRACE::2023-12-30.21:08:24::SCWPlatform::DSA given /home/dolu/Documents/GitHub/Thesis/Vitis_workspace/Virtex_wrapper/hw/Virtex_wrapper.xsa
TRACE::2023-12-30.21:08:24::SCWPlatform::DSA absoulate path /home/dolu/Documents/GitHub/Thesis/Vitis_workspace/Virtex_wrapper/hw/Virtex_wrapper.xsa
TRACE::2023-12-30.21:08:24::SCWPlatform::DSA directory /home/dolu/Documents/GitHub/Thesis/Vitis_workspace/Virtex_wrapper/hw
TRACE::2023-12-30.21:08:24::SCWPlatform:: Platform Path /home/dolu/Documents/GitHub/Thesis/Vitis_workspace/Virtex_wrapper/hw/Virtex_wrapper.xsa
TRACE::2023-12-30.21:08:24::SCWPlatform:: Unique name xilinx:vc707::0.0
TRACE::2023-12-30.21:08:24::SCWPlatform::Trying to set the existing hwdb with name Virtex_wrapper_0
TRACE::2023-12-30.21:08:24::SCWPlatform::Opened existing hwdb Virtex_wrapper_0
TRACE::2023-12-30.21:08:24::SCWPlatform::Found the Hw Db part of the input DSA
TRACE::2023-12-30.21:08:24::SCWMssOS::Checking the sw design at  /home/dolu/Documents/GitHub/Thesis/Vitis_workspace/Virtex_wrapper/microblaze_0/standalone_microblaze_0/bsp/system.mss
TRACE::2023-12-30.21:08:24::SCWMssOS::DEBUG:  swdes dump  /home/dolu/Documents/GitHub/Thesis/Vitis_workspace/Virtex_wrapper/microblaze_0/standalone_microblaze_0/bsp/system.mss|system||

TRACE::2023-12-30.21:08:24::SCWMssOS::Sw design exists and opened at  /home/dolu/Documents/GitHub/Thesis/Vitis_workspace/Virtex_wrapper/microblaze_0/standalone_microblaze_0/bsp/system.mss
TRACE::2023-12-30.21:08:24::SCWMssOS::Saving the mss changes /home/dolu/Documents/GitHub/Thesis/Vitis_workspace/Virtex_wrapper/microblaze_0/standalone_microblaze_0/bsp/system.mss
TRACE::2023-12-30.21:08:24::SCWMssOS::Found a swdesign opened with the mssfile.
TRACE::2023-12-30.21:08:24::SCWMssOS::Completed writemss as part of save.
TRACE::2023-12-30.21:08:24::SCWMssOS::Commit changes completed.
TRACE::2023-12-30.21:08:24::SCWPlatform::Trying to open the hw design at /home/dolu/Documents/GitHub/Thesis/Vitis_workspace/Virtex_wrapper/hw/Virtex_wrapper.xsa
TRACE::2023-12-30.21:08:24::SCWPlatform::DSA given /home/dolu/Documents/GitHub/Thesis/Vitis_workspace/Virtex_wrapper/hw/Virtex_wrapper.xsa
TRACE::2023-12-30.21:08:24::SCWPlatform::DSA absoulate path /home/dolu/Documents/GitHub/Thesis/Vitis_workspace/Virtex_wrapper/hw/Virtex_wrapper.xsa
TRACE::2023-12-30.21:08:24::SCWPlatform::DSA directory /home/dolu/Documents/GitHub/Thesis/Vitis_workspace/Virtex_wrapper/hw
TRACE::2023-12-30.21:08:24::SCWPlatform:: Platform Path /home/dolu/Documents/GitHub/Thesis/Vitis_workspace/Virtex_wrapper/hw/Virtex_wrapper.xsa
TRACE::2023-12-30.21:08:24::SCWPlatform:: Unique name xilinx:vc707::0.0
TRACE::2023-12-30.21:08:24::SCWPlatform::Trying to set the existing hwdb with name Virtex_wrapper_0
TRACE::2023-12-30.21:08:24::SCWPlatform::Opened existing hwdb Virtex_wrapper_0
TRACE::2023-12-30.21:08:24::SCWPlatform::Found the Hw Db part of the input DSA
TRACE::2023-12-30.21:08:24::SCWMssOS::Checking the sw design at  /home/dolu/Documents/GitHub/Thesis/Vitis_workspace/Virtex_wrapper/microblaze_0/standalone_microblaze_0/bsp/system.mss
TRACE::2023-12-30.21:08:24::SCWMssOS::DEBUG:  swdes dump  /home/dolu/Documents/GitHub/Thesis/Vitis_workspace/Virtex_wrapper/microblaze_0/standalone_microblaze_0/bsp/system.mss|system||

TRACE::2023-12-30.21:08:24::SCWMssOS::Sw design exists and opened at  /home/dolu/Documents/GitHub/Thesis/Vitis_workspace/Virtex_wrapper/microblaze_0/standalone_microblaze_0/bsp/system.mss
TRACE::2023-12-30.21:08:24::SCWPlatform::Trying to open the hw design at /home/dolu/Documents/GitHub/Thesis/Vitis_workspace/Virtex_wrapper/hw/Virtex_wrapper.xsa
TRACE::2023-12-30.21:08:24::SCWPlatform::DSA given /home/dolu/Documents/GitHub/Thesis/Vitis_workspace/Virtex_wrapper/hw/Virtex_wrapper.xsa
TRACE::2023-12-30.21:08:24::SCWPlatform::DSA absoulate path /home/dolu/Documents/GitHub/Thesis/Vitis_workspace/Virtex_wrapper/hw/Virtex_wrapper.xsa
TRACE::2023-12-30.21:08:24::SCWPlatform::DSA directory /home/dolu/Documents/GitHub/Thesis/Vitis_workspace/Virtex_wrapper/hw
TRACE::2023-12-30.21:08:24::SCWPlatform:: Platform Path /home/dolu/Documents/GitHub/Thesis/Vitis_workspace/Virtex_wrapper/hw/Virtex_wrapper.xsa
TRACE::2023-12-30.21:08:24::SCWPlatform:: Unique name xilinx:vc707::0.0
TRACE::2023-12-30.21:08:24::SCWPlatform::Trying to set the existing hwdb with name Virtex_wrapper_0
TRACE::2023-12-30.21:08:24::SCWPlatform::Opened existing hwdb Virtex_wrapper_0
TRACE::2023-12-30.21:08:24::SCWPlatform::Found the Hw Db part of the input DSA
TRACE::2023-12-30.21:08:24::SCWMssOS::Checking the sw design at  /home/dolu/Documents/GitHub/Thesis/Vitis_workspace/Virtex_wrapper/microblaze_0/standalone_microblaze_0/bsp/system.mss
TRACE::2023-12-30.21:08:24::SCWMssOS::DEBUG:  swdes dump  /home/dolu/Documents/GitHub/Thesis/Vitis_workspace/Virtex_wrapper/microblaze_0/standalone_microblaze_0/bsp/system.mss|system||

TRACE::2023-12-30.21:08:24::SCWMssOS::Sw design exists and opened at  /home/dolu/Documents/GitHub/Thesis/Vitis_workspace/Virtex_wrapper/microblaze_0/standalone_microblaze_0/bsp/system.mss
TRACE::2023-12-30.21:08:24::SCWPlatform::Trying to open the hw design at /home/dolu/Documents/GitHub/Thesis/Vitis_workspace/Virtex_wrapper/hw/Virtex_wrapper.xsa
TRACE::2023-12-30.21:08:24::SCWPlatform::DSA given /home/dolu/Documents/GitHub/Thesis/Vitis_workspace/Virtex_wrapper/hw/Virtex_wrapper.xsa
TRACE::2023-12-30.21:08:24::SCWPlatform::DSA absoulate path /home/dolu/Documents/GitHub/Thesis/Vitis_workspace/Virtex_wrapper/hw/Virtex_wrapper.xsa
TRACE::2023-12-30.21:08:24::SCWPlatform::DSA directory /home/dolu/Documents/GitHub/Thesis/Vitis_workspace/Virtex_wrapper/hw
TRACE::2023-12-30.21:08:24::SCWPlatform:: Platform Path /home/dolu/Documents/GitHub/Thesis/Vitis_workspace/Virtex_wrapper/hw/Virtex_wrapper.xsa
TRACE::2023-12-30.21:08:24::SCWPlatform:: Unique name xilinx:vc707::0.0
TRACE::2023-12-30.21:08:24::SCWPlatform::Trying to set the existing hwdb with name Virtex_wrapper_0
TRACE::2023-12-30.21:08:24::SCWPlatform::Opened existing hwdb Virtex_wrapper_0
TRACE::2023-12-30.21:08:24::SCWPlatform::Found the Hw Db part of the input DSA
TRACE::2023-12-30.21:08:24::SCWMssOS::Checking the sw design at  /home/dolu/Documents/GitHub/Thesis/Vitis_workspace/Virtex_wrapper/microblaze_0/standalone_microblaze_0/bsp/system.mss
TRACE::2023-12-30.21:08:24::SCWMssOS::DEBUG:  swdes dump  /home/dolu/Documents/GitHub/Thesis/Vitis_workspace/Virtex_wrapper/microblaze_0/standalone_microblaze_0/bsp/system.mss|system||

TRACE::2023-12-30.21:08:24::SCWMssOS::Sw design exists and opened at  /home/dolu/Documents/GitHub/Thesis/Vitis_workspace/Virtex_wrapper/microblaze_0/standalone_microblaze_0/bsp/system.mss
TRACE::2023-12-30.21:08:24::SCWWriter::formatted JSON is {
	"platformName":	"Virtex_wrapper",
	"sprVersion":	"2.0",
	"mode":	"gui",
	"dsaType":	"Fixed",
	"platformDesc":	"Virtex_wrapper",
	"platHandOff":	"/home/dolu/Documents/GitHub/Thesis/VC707test/Virtex_wrapper.xsa",
	"platIntHandOff":	"<platformDir>/hw/Virtex_wrapper.xsa",
	"deviceType":	"FPGA",
	"platIsPrebuiltAutogen":	"false",
	"platIsNoBootBsp":	"false",
	"hasFsblMakeHasChanges":	"false",
	"hasPmufwMakeHasChanges":	"false",
	"platPreBuiltFlag":	false,
	"platformSamplesDir":	"",
	"platActiveSys":	"Virtex_wrapper",
	"systems":	[{
			"systemName":	"Virtex_wrapper",
			"systemDesc":	"Virtex_wrapper",
			"sysIsBootAutoGen":	"true",
			"systemDispName":	"Virtex_wrapper",
			"sysActiveDom":	"standalone_microblaze_0",
			"sysDefaultDom":	"standalone_microblaze_0",
			"domains":	[{
					"domainName":	"standalone_microblaze_0",
					"domainDispName":	"standalone_microblaze_0",
					"domainDesc":	"standalone_microblaze_0",
					"processors":	"microblaze_0",
					"os":	"standalone",
					"sdxOs":	"standalone",
					"debugEnable":	"False",
					"domRuntimes":	["cpp"],
					"swRepo":	"",
					"mssOsVer":	"8.0",
					"mssFile":	"",
					"md5Digest":	"c0e8b8e7149a117497412f848759d7af",
					"compatibleApp":	"hello_world",
					"domType":	"mssDomain",
					"arch":	"32-bit",
					"appSettings":	{
						"appCompilerFlags":	"",
						"appLinkerFlags":	""
					},
					"addedLibs":	[],
					"libOptions":	{
						"libsContainingOptions":	[]
					},
					"prebuiltLibs":	{
						"prebuiltIncPath":	[],
						"prebuiltLibPath":	[]
					},
					"isolation":	{
					}
				}]
		}]
}
LOG::2023-12-30.21:08:24::SCWPlatform::Started generating the artifacts platform Virtex_wrapper
TRACE::2023-12-30.21:08:24::SCWPlatform::Sanity checking of platform is completed
LOG::2023-12-30.21:08:24::SCWPlatform::Started generating the artifacts for system configuration Virtex_wrapper
LOG::2023-12-30.21:08:24::SCWSystem::Started Processing the domain standalone_microblaze_0
TRACE::2023-12-30.21:08:24::SCWDomain::Generating domain artifcats
TRACE::2023-12-30.21:08:24::SCWMssOS::Generating standalone artifcats
TRACE::2023-12-30.21:08:24::SCWMssOS:: Copying the user libraries. 
TRACE::2023-12-30.21:08:24::SCWPlatform::Trying to open the hw design at /home/dolu/Documents/GitHub/Thesis/Vitis_workspace/Virtex_wrapper/hw/Virtex_wrapper.xsa
TRACE::2023-12-30.21:08:24::SCWPlatform::DSA given /home/dolu/Documents/GitHub/Thesis/Vitis_workspace/Virtex_wrapper/hw/Virtex_wrapper.xsa
TRACE::2023-12-30.21:08:24::SCWPlatform::DSA absoulate path /home/dolu/Documents/GitHub/Thesis/Vitis_workspace/Virtex_wrapper/hw/Virtex_wrapper.xsa
TRACE::2023-12-30.21:08:24::SCWPlatform::DSA directory /home/dolu/Documents/GitHub/Thesis/Vitis_workspace/Virtex_wrapper/hw
TRACE::2023-12-30.21:08:24::SCWPlatform:: Platform Path /home/dolu/Documents/GitHub/Thesis/Vitis_workspace/Virtex_wrapper/hw/Virtex_wrapper.xsa
TRACE::2023-12-30.21:08:24::SCWPlatform:: Unique name xilinx:vc707::0.0
TRACE::2023-12-30.21:08:24::SCWPlatform::Trying to set the existing hwdb with name Virtex_wrapper_0
TRACE::2023-12-30.21:08:24::SCWPlatform::Opened existing hwdb Virtex_wrapper_0
TRACE::2023-12-30.21:08:24::SCWPlatform::Found the Hw Db part of the input DSA
TRACE::2023-12-30.21:08:24::SCWMssOS::Checking the sw design at  /home/dolu/Documents/GitHub/Thesis/Vitis_workspace/Virtex_wrapper/microblaze_0/standalone_microblaze_0/bsp/system.mss
TRACE::2023-12-30.21:08:24::SCWMssOS::DEBUG:  swdes dump  /home/dolu/Documents/GitHub/Thesis/Vitis_workspace/Virtex_wrapper/microblaze_0/standalone_microblaze_0/bsp/system.mss|system||

TRACE::2023-12-30.21:08:24::SCWMssOS::Sw design exists and opened at  /home/dolu/Documents/GitHub/Thesis/Vitis_workspace/Virtex_wrapper/microblaze_0/standalone_microblaze_0/bsp/system.mss
TRACE::2023-12-30.21:08:24::SCWMssOS::Completed writing the mss file at /home/dolu/Documents/GitHub/Thesis/Vitis_workspace/Virtex_wrapper/microblaze_0/standalone_microblaze_0/bsp
TRACE::2023-12-30.21:08:24::SCWMssOS::Mss edits present, copying mssfile into export location /home/dolu/Documents/GitHub/Thesis/Vitis_workspace/Virtex_wrapper/microblaze_0/standalone_microblaze_0/bsp/system.mss
TRACE::2023-12-30.21:08:24::SCWMssOS::bsp generated is upto date with the mss file. Skipping bsp generation.
TRACE::2023-12-30.21:08:24::SCWMssOS::BSP is already built. skipping the bsp build ... 
TRACE::2023-12-30.21:08:24::SCWDomain::Building the domain as part of full build :  standalone_microblaze_0
TRACE::2023-12-30.21:08:24::SCWMssOS::skipping the bsp build ... 
TRACE::2023-12-30.21:08:24::SCWMssOS::Copying to export directory.
TRACE::2023-12-30.21:08:24::SCWMssOS:: Checking if to create the Supporting Applications
TRACE::2023-12-30.21:08:24::SCWMssOS:: No Linux domain exists, trying to generate FSBL 
LOG::2023-12-30.21:08:24::SCWSystem::Completed Processing the domain standalone_microblaze_0
LOG::2023-12-30.21:08:24::SCWSystem::Completed Processing the sysconfig Virtex_wrapper
LOG::2023-12-30.21:08:24::SCWPlatform::Completed generating the artifacts for system configuration Virtex_wrapper
TRACE::2023-12-30.21:08:24::SCWPlatform::Started preparing the platform 
TRACE::2023-12-30.21:08:24::SCWSystem::Writing the bif file for system config Virtex_wrapper
TRACE::2023-12-30.21:08:24::SCWSystem::dir created 
TRACE::2023-12-30.21:08:24::SCWSystem::Writing the bif 
TRACE::2023-12-30.21:08:24::SCWPlatform::Started writing the spfm file 
TRACE::2023-12-30.21:08:24::SCWPlatform::Started writing the xpfm file 
TRACE::2023-12-30.21:08:24::SCWPlatform::Completed generating the platform
TRACE::2023-12-30.21:08:24::SCWMssOS::Saving the mss changes /home/dolu/Documents/GitHub/Thesis/Vitis_workspace/Virtex_wrapper/microblaze_0/standalone_microblaze_0/bsp/system.mss
TRACE::2023-12-30.21:08:24::SCWMssOS::Found a swdesign opened with the mssfile.
TRACE::2023-12-30.21:08:24::SCWMssOS::Completed writemss as part of save.
TRACE::2023-12-30.21:08:24::SCWMssOS::Commit changes completed.
TRACE::2023-12-30.21:08:24::SCWPlatform::Trying to open the hw design at /home/dolu/Documents/GitHub/Thesis/Vitis_workspace/Virtex_wrapper/hw/Virtex_wrapper.xsa
TRACE::2023-12-30.21:08:24::SCWPlatform::DSA given /home/dolu/Documents/GitHub/Thesis/Vitis_workspace/Virtex_wrapper/hw/Virtex_wrapper.xsa
TRACE::2023-12-30.21:08:24::SCWPlatform::DSA absoulate path /home/dolu/Documents/GitHub/Thesis/Vitis_workspace/Virtex_wrapper/hw/Virtex_wrapper.xsa
TRACE::2023-12-30.21:08:24::SCWPlatform::DSA directory /home/dolu/Documents/GitHub/Thesis/Vitis_workspace/Virtex_wrapper/hw
TRACE::2023-12-30.21:08:24::SCWPlatform:: Platform Path /home/dolu/Documents/GitHub/Thesis/Vitis_workspace/Virtex_wrapper/hw/Virtex_wrapper.xsa
TRACE::2023-12-30.21:08:24::SCWPlatform:: Unique name xilinx:vc707::0.0
TRACE::2023-12-30.21:08:24::SCWPlatform::Trying to set the existing hwdb with name Virtex_wrapper_0
TRACE::2023-12-30.21:08:24::SCWPlatform::Opened existing hwdb Virtex_wrapper_0
TRACE::2023-12-30.21:08:24::SCWPlatform::Found the Hw Db part of the input DSA
TRACE::2023-12-30.21:08:24::SCWMssOS::Checking the sw design at  /home/dolu/Documents/GitHub/Thesis/Vitis_workspace/Virtex_wrapper/microblaze_0/standalone_microblaze_0/bsp/system.mss
TRACE::2023-12-30.21:08:24::SCWMssOS::DEBUG:  swdes dump  /home/dolu/Documents/GitHub/Thesis/Vitis_workspace/Virtex_wrapper/microblaze_0/standalone_microblaze_0/bsp/system.mss|system||

TRACE::2023-12-30.21:08:24::SCWMssOS::Sw design exists and opened at  /home/dolu/Documents/GitHub/Thesis/Vitis_workspace/Virtex_wrapper/microblaze_0/standalone_microblaze_0/bsp/system.mss
TRACE::2023-12-30.21:08:24::SCWPlatform::Trying to open the hw design at /home/dolu/Documents/GitHub/Thesis/Vitis_workspace/Virtex_wrapper/hw/Virtex_wrapper.xsa
TRACE::2023-12-30.21:08:24::SCWPlatform::DSA given /home/dolu/Documents/GitHub/Thesis/Vitis_workspace/Virtex_wrapper/hw/Virtex_wrapper.xsa
TRACE::2023-12-30.21:08:24::SCWPlatform::DSA absoulate path /home/dolu/Documents/GitHub/Thesis/Vitis_workspace/Virtex_wrapper/hw/Virtex_wrapper.xsa
TRACE::2023-12-30.21:08:24::SCWPlatform::DSA directory /home/dolu/Documents/GitHub/Thesis/Vitis_workspace/Virtex_wrapper/hw
TRACE::2023-12-30.21:08:24::SCWPlatform:: Platform Path /home/dolu/Documents/GitHub/Thesis/Vitis_workspace/Virtex_wrapper/hw/Virtex_wrapper.xsa
TRACE::2023-12-30.21:08:24::SCWPlatform:: Unique name xilinx:vc707::0.0
TRACE::2023-12-30.21:08:24::SCWPlatform::Trying to set the existing hwdb with name Virtex_wrapper_0
TRACE::2023-12-30.21:08:24::SCWPlatform::Opened existing hwdb Virtex_wrapper_0
TRACE::2023-12-30.21:08:24::SCWPlatform::Found the Hw Db part of the input DSA
TRACE::2023-12-30.21:08:24::SCWMssOS::Checking the sw design at  /home/dolu/Documents/GitHub/Thesis/Vitis_workspace/Virtex_wrapper/microblaze_0/standalone_microblaze_0/bsp/system.mss
TRACE::2023-12-30.21:08:24::SCWMssOS::DEBUG:  swdes dump  /home/dolu/Documents/GitHub/Thesis/Vitis_workspace/Virtex_wrapper/microblaze_0/standalone_microblaze_0/bsp/system.mss|system||

TRACE::2023-12-30.21:08:24::SCWMssOS::Sw design exists and opened at  /home/dolu/Documents/GitHub/Thesis/Vitis_workspace/Virtex_wrapper/microblaze_0/standalone_microblaze_0/bsp/system.mss
TRACE::2023-12-30.21:08:24::SCWPlatform::Trying to open the hw design at /home/dolu/Documents/GitHub/Thesis/Vitis_workspace/Virtex_wrapper/hw/Virtex_wrapper.xsa
TRACE::2023-12-30.21:08:24::SCWPlatform::DSA given /home/dolu/Documents/GitHub/Thesis/Vitis_workspace/Virtex_wrapper/hw/Virtex_wrapper.xsa
TRACE::2023-12-30.21:08:24::SCWPlatform::DSA absoulate path /home/dolu/Documents/GitHub/Thesis/Vitis_workspace/Virtex_wrapper/hw/Virtex_wrapper.xsa
TRACE::2023-12-30.21:08:24::SCWPlatform::DSA directory /home/dolu/Documents/GitHub/Thesis/Vitis_workspace/Virtex_wrapper/hw
TRACE::2023-12-30.21:08:24::SCWPlatform:: Platform Path /home/dolu/Documents/GitHub/Thesis/Vitis_workspace/Virtex_wrapper/hw/Virtex_wrapper.xsa
TRACE::2023-12-30.21:08:24::SCWPlatform:: Unique name xilinx:vc707::0.0
TRACE::2023-12-30.21:08:24::SCWPlatform::Trying to set the existing hwdb with name Virtex_wrapper_0
TRACE::2023-12-30.21:08:24::SCWPlatform::Opened existing hwdb Virtex_wrapper_0
TRACE::2023-12-30.21:08:24::SCWPlatform::Found the Hw Db part of the input DSA
TRACE::2023-12-30.21:08:24::SCWMssOS::Checking the sw design at  /home/dolu/Documents/GitHub/Thesis/Vitis_workspace/Virtex_wrapper/microblaze_0/standalone_microblaze_0/bsp/system.mss
TRACE::2023-12-30.21:08:24::SCWMssOS::DEBUG:  swdes dump  /home/dolu/Documents/GitHub/Thesis/Vitis_workspace/Virtex_wrapper/microblaze_0/standalone_microblaze_0/bsp/system.mss|system||

TRACE::2023-12-30.21:08:24::SCWMssOS::Sw design exists and opened at  /home/dolu/Documents/GitHub/Thesis/Vitis_workspace/Virtex_wrapper/microblaze_0/standalone_microblaze_0/bsp/system.mss
TRACE::2023-12-30.21:08:24::SCWWriter::formatted JSON is {
	"platformName":	"Virtex_wrapper",
	"sprVersion":	"2.0",
	"mode":	"gui",
	"dsaType":	"Fixed",
	"platformDesc":	"Virtex_wrapper",
	"platHandOff":	"/home/dolu/Documents/GitHub/Thesis/VC707test/Virtex_wrapper.xsa",
	"platIntHandOff":	"<platformDir>/hw/Virtex_wrapper.xsa",
	"deviceType":	"FPGA",
	"platIsPrebuiltAutogen":	"false",
	"platIsNoBootBsp":	"false",
	"hasFsblMakeHasChanges":	"false",
	"hasPmufwMakeHasChanges":	"false",
	"platPreBuiltFlag":	false,
	"platformSamplesDir":	"",
	"platActiveSys":	"Virtex_wrapper",
	"systems":	[{
			"systemName":	"Virtex_wrapper",
			"systemDesc":	"Virtex_wrapper",
			"sysIsBootAutoGen":	"true",
			"systemDispName":	"Virtex_wrapper",
			"sysActiveDom":	"standalone_microblaze_0",
			"sysDefaultDom":	"standalone_microblaze_0",
			"domains":	[{
					"domainName":	"standalone_microblaze_0",
					"domainDispName":	"standalone_microblaze_0",
					"domainDesc":	"standalone_microblaze_0",
					"processors":	"microblaze_0",
					"os":	"standalone",
					"sdxOs":	"standalone",
					"debugEnable":	"False",
					"domRuntimes":	["cpp"],
					"swRepo":	"",
					"mssOsVer":	"8.0",
					"mssFile":	"",
					"md5Digest":	"c0e8b8e7149a117497412f848759d7af",
					"compatibleApp":	"hello_world",
					"domType":	"mssDomain",
					"arch":	"32-bit",
					"appSettings":	{
						"appCompilerFlags":	"",
						"appLinkerFlags":	""
					},
					"addedLibs":	[],
					"libOptions":	{
						"libsContainingOptions":	[]
					},
					"prebuiltLibs":	{
						"prebuiltIncPath":	[],
						"prebuiltLibPath":	[]
					},
					"isolation":	{
					}
				}]
		}]
}
KEYINFO::2023-12-30.21:08:24::SCWPlatform::updated the xpfm file.
LOG::2023-12-30.21:09:27::SCWPlatform::Started generating the artifacts platform Virtex_wrapper
TRACE::2023-12-30.21:09:27::SCWPlatform::Sanity checking of platform is completed
LOG::2023-12-30.21:09:27::SCWPlatform::Started generating the artifacts for system configuration Virtex_wrapper
LOG::2023-12-30.21:09:27::SCWSystem::Checking the domain standalone_microblaze_0
LOG::2023-12-30.21:09:27::SCWSystem::Not a boot domain 
LOG::2023-12-30.21:09:27::SCWSystem::Started Processing the domain standalone_microblaze_0
TRACE::2023-12-30.21:09:27::SCWDomain::Generating domain artifcats
TRACE::2023-12-30.21:09:27::SCWMssOS::Generating standalone artifcats
TRACE::2023-12-30.21:09:27::SCWMssOS:: Copying the user libraries. 
TRACE::2023-12-30.21:09:27::SCWPlatform::Trying to open the hw design at /home/dolu/Documents/GitHub/Thesis/Vitis_workspace/Virtex_wrapper/hw/Virtex_wrapper.xsa
TRACE::2023-12-30.21:09:27::SCWPlatform::DSA given /home/dolu/Documents/GitHub/Thesis/Vitis_workspace/Virtex_wrapper/hw/Virtex_wrapper.xsa
TRACE::2023-12-30.21:09:27::SCWPlatform::DSA absoulate path /home/dolu/Documents/GitHub/Thesis/Vitis_workspace/Virtex_wrapper/hw/Virtex_wrapper.xsa
TRACE::2023-12-30.21:09:27::SCWPlatform::DSA directory /home/dolu/Documents/GitHub/Thesis/Vitis_workspace/Virtex_wrapper/hw
TRACE::2023-12-30.21:09:27::SCWPlatform:: Platform Path /home/dolu/Documents/GitHub/Thesis/Vitis_workspace/Virtex_wrapper/hw/Virtex_wrapper.xsa
TRACE::2023-12-30.21:09:27::SCWPlatform:: Unique name xilinx:vc707::0.0
TRACE::2023-12-30.21:09:27::SCWPlatform::Trying to set the existing hwdb with name Virtex_wrapper_0
TRACE::2023-12-30.21:09:27::SCWPlatform::Opened existing hwdb Virtex_wrapper_0
TRACE::2023-12-30.21:09:27::SCWPlatform::Found the Hw Db part of the input DSA
TRACE::2023-12-30.21:09:27::SCWMssOS::Checking the sw design at  /home/dolu/Documents/GitHub/Thesis/Vitis_workspace/Virtex_wrapper/microblaze_0/standalone_microblaze_0/bsp/system.mss
TRACE::2023-12-30.21:09:27::SCWMssOS::DEBUG:  swdes dump  /home/dolu/Documents/GitHub/Thesis/Vitis_workspace/Virtex_wrapper/microblaze_0/standalone_microblaze_0/bsp/system.mss|system||

TRACE::2023-12-30.21:09:27::SCWMssOS::Sw design exists and opened at  /home/dolu/Documents/GitHub/Thesis/Vitis_workspace/Virtex_wrapper/microblaze_0/standalone_microblaze_0/bsp/system.mss
TRACE::2023-12-30.21:09:27::SCWMssOS::Completed writing the mss file at /home/dolu/Documents/GitHub/Thesis/Vitis_workspace/Virtex_wrapper/microblaze_0/standalone_microblaze_0/bsp
TRACE::2023-12-30.21:09:27::SCWMssOS::Mss edits present, copying mssfile into export location /home/dolu/Documents/GitHub/Thesis/Vitis_workspace/Virtex_wrapper/microblaze_0/standalone_microblaze_0/bsp/system.mss
TRACE::2023-12-30.21:09:27::SCWMssOS::bsp generated is upto date with the mss file. Skipping bsp generation.
TRACE::2023-12-30.21:09:27::SCWMssOS::BSP is already built. skipping the bsp build ... 
TRACE::2023-12-30.21:09:27::SCWDomain::Building the domain as part of full build :  standalone_microblaze_0
TRACE::2023-12-30.21:09:27::SCWMssOS::doing bsp build ... 
TRACE::2023-12-30.21:09:27::SCWMssOS::System Command Ran  cd  /home/dolu/Documents/GitHub/Thesis/Vitis_workspace/Virtex_wrapper/microblaze_0/standalone_microblaze_0/bsp ; bash -c "make  " 
TRACE::2023-12-30.21:09:27::SCWMssOS::make --no-print-directory seq_libs

TRACE::2023-12-30.21:09:27::SCWMssOS::Finished building libraries sequentially.

TRACE::2023-12-30.21:09:27::SCWMssOS::make -j 6 --no-print-directory par_libs

TRACE::2023-12-30.21:09:27::SCWMssOS::Running Make include in microblaze_0/libsrc/standalone_v8_0/src

TRACE::2023-12-30.21:09:27::SCWMssOS::Running Make include in microblaze_0/libsrc/uartlite_v3_7/src

TRACE::2023-12-30.21:09:27::SCWMssOS::make -C microblaze_0/libsrc/standalone_v8_0/src -s include  "SHELL=/bin/sh" "COMPILER=mb-gcc" "ASSEMBLER=mb-as" "ARCHIVER=mb-ar
TRACE::2023-12-30.21:09:27::SCWMssOS::" "COMPILER_FLAGS=  -O2 -c -mcpu=v11.0 -mlittle-endian -mxl-soft-mul" "EXTRA_COMPILER_FLAGS=-g -ffunction-sections -fdata-secti
TRACE::2023-12-30.21:09:27::SCWMssOS::ons -Wall -Wextra -fno-tree-loop-distribute-patterns"

TRACE::2023-12-30.21:09:27::SCWMssOS::Running Make include in microblaze_0/libsrc/bram_v4_8/src

TRACE::2023-12-30.21:09:27::SCWMssOS::Running Make include in microblaze_0/libsrc/gpio_v4_9/src

TRACE::2023-12-30.21:09:27::SCWMssOS::make -C microblaze_0/libsrc/uartlite_v3_7/src -s include  "SHELL=/bin/sh" "COMPILER=mb-gcc" "ASSEMBLER=mb-as" "ARCHIVER=mb-ar" 
TRACE::2023-12-30.21:09:27::SCWMssOS::"COMPILER_FLAGS=  -O2 -c -mcpu=v11.0 -mlittle-endian -mxl-soft-mul" "EXTRA_COMPILER_FLAGS=-g -ffunction-sections -fdata-section
TRACE::2023-12-30.21:09:27::SCWMssOS::s -Wall -Wextra -fno-tree-loop-distribute-patterns"

TRACE::2023-12-30.21:09:27::SCWMssOS::Running Make include in microblaze_0/libsrc/intc_v3_15/src

TRACE::2023-12-30.21:09:27::SCWMssOS::make -C microblaze_0/libsrc/bram_v4_8/src -s include  "SHELL=/bin/sh" "COMPILER=mb-gcc" "ASSEMBLER=mb-as" "ARCHIVER=mb-ar" "COM
TRACE::2023-12-30.21:09:27::SCWMssOS::PILER_FLAGS=  -O2 -c -mcpu=v11.0 -mlittle-endian -mxl-soft-mul" "EXTRA_COMPILER_FLAGS=-g -ffunction-sections -fdata-sections -W
TRACE::2023-12-30.21:09:27::SCWMssOS::all -Wextra -fno-tree-loop-distribute-patterns"

TRACE::2023-12-30.21:09:27::SCWMssOS::Running Make include in microblaze_0/libsrc/cpu_v2_16/src

TRACE::2023-12-30.21:09:27::SCWMssOS::make -C microblaze_0/libsrc/gpio_v4_9/src -s include  "SHELL=/bin/sh" "COMPILER=mb-gcc" "ASSEMBLER=mb-as" "ARCHIVER=mb-ar" "COM
TRACE::2023-12-30.21:09:27::SCWMssOS::PILER_FLAGS=  -O2 -c -mcpu=v11.0 -mlittle-endian -mxl-soft-mul" "EXTRA_COMPILER_FLAGS=-g -ffunction-sections -fdata-sections -W
TRACE::2023-12-30.21:09:27::SCWMssOS::all -Wextra -fno-tree-loop-distribute-patterns"

TRACE::2023-12-30.21:09:27::SCWMssOS::make -C microblaze_0/libsrc/cpu_v2_16/src -s include  "SHELL=/bin/sh" "COMPILER=mb-gcc" "ASSEMBLER=mb-as" "ARCHIVER=mb-ar" "COM
TRACE::2023-12-30.21:09:27::SCWMssOS::PILER_FLAGS=  -O2 -c -mcpu=v11.0 -mlittle-endian -mxl-soft-mul" "EXTRA_COMPILER_FLAGS=-g -ffunction-sections -fdata-sections -W
TRACE::2023-12-30.21:09:27::SCWMssOS::all -Wextra -fno-tree-loop-distribute-patterns"

TRACE::2023-12-30.21:09:27::SCWMssOS::make -C microblaze_0/libsrc/intc_v3_15/src -s include  "SHELL=/bin/sh" "COMPILER=mb-gcc" "ASSEMBLER=mb-as" "ARCHIVER=mb-ar" "CO
TRACE::2023-12-30.21:09:27::SCWMssOS::MPILER_FLAGS=  -O2 -c -mcpu=v11.0 -mlittle-endian -mxl-soft-mul" "EXTRA_COMPILER_FLAGS=-g -ffunction-sections -fdata-sections -
TRACE::2023-12-30.21:09:27::SCWMssOS::Wall -Wextra -fno-tree-loop-distribute-patterns"

TRACE::2023-12-30.21:09:27::SCWMssOS::Running Make libs in microblaze_0/libsrc/standalone_v8_0/src

TRACE::2023-12-30.21:09:27::SCWMssOS::Running Make libs in microblaze_0/libsrc/uartlite_v3_7/src

TRACE::2023-12-30.21:09:27::SCWMssOS::Running Make libs in microblaze_0/libsrc/bram_v4_8/src

TRACE::2023-12-30.21:09:27::SCWMssOS::make -C microblaze_0/libsrc/standalone_v8_0/src -s libs  "SHELL=/bin/sh" "COMPILER=mb-gcc" "ASSEMBLER=mb-as" "ARCHIVER=mb-ar" "
TRACE::2023-12-30.21:09:27::SCWMssOS::COMPILER_FLAGS=  -O2 -c -mcpu=v11.0 -mlittle-endian -mxl-soft-mul" "EXTRA_COMPILER_FLAGS=-g -ffunction-sections -fdata-sections
TRACE::2023-12-30.21:09:27::SCWMssOS:: -Wall -Wextra -fno-tree-loop-distribute-patterns"

TRACE::2023-12-30.21:09:27::SCWMssOS::make -C microblaze_0/libsrc/uartlite_v3_7/src -s libs  "SHELL=/bin/sh" "COMPILER=mb-gcc" "ASSEMBLER=mb-as" "ARCHIVER=mb-ar" "CO
TRACE::2023-12-30.21:09:27::SCWMssOS::MPILER_FLAGS=  -O2 -c -mcpu=v11.0 -mlittle-endian -mxl-soft-mul" "EXTRA_COMPILER_FLAGS=-g -ffunction-sections -fdata-sections -
TRACE::2023-12-30.21:09:27::SCWMssOS::Wall -Wextra -fno-tree-loop-distribute-patterns"

TRACE::2023-12-30.21:09:27::SCWMssOS::Running Make libs in microblaze_0/libsrc/gpio_v4_9/src

TRACE::2023-12-30.21:09:27::SCWMssOS::Running Make libs in microblaze_0/libsrc/cpu_v2_16/src

TRACE::2023-12-30.21:09:27::SCWMssOS::make -C microblaze_0/libsrc/bram_v4_8/src -s libs  "SHELL=/bin/sh" "COMPILER=mb-gcc" "ASSEMBLER=mb-as" "ARCHIVER=mb-ar" "COMPIL
TRACE::2023-12-30.21:09:27::SCWMssOS::ER_FLAGS=  -O2 -c -mcpu=v11.0 -mlittle-endian -mxl-soft-mul" "EXTRA_COMPILER_FLAGS=-g -ffunction-sections -fdata-sections -Wall
TRACE::2023-12-30.21:09:27::SCWMssOS:: -Wextra -fno-tree-loop-distribute-patterns"

TRACE::2023-12-30.21:09:27::SCWMssOS::make -C microblaze_0/libsrc/gpio_v4_9/src -s libs  "SHELL=/bin/sh" "COMPILER=mb-gcc" "ASSEMBLER=mb-as" "ARCHIVER=mb-ar" "COMPIL
TRACE::2023-12-30.21:09:27::SCWMssOS::ER_FLAGS=  -O2 -c -mcpu=v11.0 -mlittle-endian -mxl-soft-mul" "EXTRA_COMPILER_FLAGS=-g -ffunction-sections -fdata-sections -Wall
TRACE::2023-12-30.21:09:27::SCWMssOS:: -Wextra -fno-tree-loop-distribute-patterns"

TRACE::2023-12-30.21:09:27::SCWMssOS::make -C microblaze_0/libsrc/cpu_v2_16/src -s libs  "SHELL=/bin/sh" "COMPILER=mb-gcc" "ASSEMBLER=mb-as" "ARCHIVER=mb-ar" "COMPIL
TRACE::2023-12-30.21:09:27::SCWMssOS::ER_FLAGS=  -O2 -c -mcpu=v11.0 -mlittle-endian -mxl-soft-mul" "EXTRA_COMPILER_FLAGS=-g -ffunction-sections -fdata-sections -Wall
TRACE::2023-12-30.21:09:27::SCWMssOS:: -Wextra -fno-tree-loop-distribute-patterns"

TRACE::2023-12-30.21:09:27::SCWMssOS::Running Make libs in microblaze_0/libsrc/intc_v3_15/src

TRACE::2023-12-30.21:09:27::SCWMssOS::make -C microblaze_0/libsrc/intc_v3_15/src -s libs  "SHELL=/bin/sh" "COMPILER=mb-gcc" "ASSEMBLER=mb-as" "ARCHIVER=mb-ar" "COMPI
TRACE::2023-12-30.21:09:27::SCWMssOS::LER_FLAGS=  -O2 -c -mcpu=v11.0 -mlittle-endian -mxl-soft-mul" "EXTRA_COMPILER_FLAGS=-g -ffunction-sections -fdata-sections -Wal
TRACE::2023-12-30.21:09:27::SCWMssOS::l -Wextra -fno-tree-loop-distribute-patterns"

TRACE::2023-12-30.21:09:29::SCWMssOS::DEBUG NON_LTO_OBJECTS is ../../../lib/microblaze_interrupt_handler.o

TRACE::2023-12-30.21:09:29::SCWMssOS::Finished building libraries parallelly.

TRACE::2023-12-30.21:09:29::SCWMssOS::make --no-print-directory archive

TRACE::2023-12-30.21:09:29::SCWMssOS::mb-ar -r  microblaze_0/lib/libxil.a microblaze_0/lib/_exit.o microblaze_0/lib/errno.o microblaze_0/lib/fcntl.o microblaze_0/lib
TRACE::2023-12-30.21:09:29::SCWMssOS::/hw_exception_handler.o microblaze_0/lib/inbyte.o microblaze_0/lib/microblaze_disable_dcache.o microblaze_0/lib/microblaze_disa
TRACE::2023-12-30.21:09:29::SCWMssOS::ble_exceptions.o microblaze_0/lib/microblaze_disable_icache.o microblaze_0/lib/microblaze_disable_interrupts.o microblaze_0/lib
TRACE::2023-12-30.21:09:29::SCWMssOS::/microblaze_enable_dcache.o microblaze_0/lib/microblaze_enable_exceptions.o microblaze_0/lib/microblaze_enable_icache.o microbl
TRACE::2023-12-30.21:09:29::SCWMssOS::aze_0/lib/microblaze_enable_interrupts.o microblaze_0/lib/microblaze_exception_handler.o microblaze_0/lib/microblaze_flush_cach
TRACE::2023-12-30.21:09:29::SCWMssOS::e_ext.o microblaze_0/lib/microblaze_flush_cache_ext_range.o microblaze_0/lib/microblaze_flush_dcache.o microblaze_0/lib/microbl
TRACE::2023-12-30.21:09:29::SCWMssOS::aze_flush_dcache_range.o microblaze_0/lib/microblaze_init_dcache_range.o microblaze_0/lib/microblaze_init_icache_range.o microb
TRACE::2023-12-30.21:09:29::SCWMssOS::laze_0/lib/microblaze_interrupt_handler.o microblaze_0/lib/microblaze_interrupts_g.o microblaze_0/lib/microblaze_invalidate_cac
TRACE::2023-12-30.21:09:29::SCWMssOS::he_ext.o microblaze_0/lib/microblaze_invalidate_cache_ext_range.o microblaze_0/lib/microblaze_invalidate_dcache.o microblaze_0/
TRACE::2023-12-30.21:09:29::SCWMssOS::lib/microblaze_invalidate_dcache_range.o microblaze_0/lib/microblaze_invalidate_icache.o microblaze_0/lib/microblaze_invalidate
TRACE::2023-12-30.21:09:29::SCWMssOS::_icache_range.o microblaze_0/lib/microblaze_scrub.o microblaze_0/lib/microblaze_selftest.o microblaze_0/lib/microblaze_sleep.o 
TRACE::2023-12-30.21:09:29::SCWMssOS::microblaze_0/lib/microblaze_update_dcache.o microblaze_0/lib/microblaze_update_icache.o microblaze_0/lib/outbyte.o microblaze_0
TRACE::2023-12-30.21:09:29::SCWMssOS::/lib/print.o microblaze_0/lib/pvr.o microblaze_0/lib/xbram.o microblaze_0/lib/xbram_g.o microblaze_0/lib/xbram_intr.o microblaz
TRACE::2023-12-30.21:09:29::SCWMssOS::e_0/lib/xbram_selftest.o microblaze_0/lib/xbram_sinit.o microblaze_0/lib/xgpio.o microblaze_0/lib/xgpio_extra.o microblaze_0/li
TRACE::2023-12-30.21:09:29::SCWMssOS::b/xgpio_g.o microblaze_0/lib/xgpio_intr.o microblaze_0/lib/xgpio_selftest.o microblaze_0/lib/xgpio_sinit.o microblaze_0/lib/xil
TRACE::2023-12-30.21:09:29::SCWMssOS::_assert.o microblaze_0/lib/xil_cache.o microblaze_0/lib/xil_clocking.o microblaze_0/lib/xil_exception.o microblaze_0/lib/xil_me
TRACE::2023-12-30.21:09:29::SCWMssOS::m.o microblaze_0/lib/xil_misc_psreset_api.o microblaze_0/lib/xil_printf.o microblaze_0/lib/xil_sleepcommon.o microblaze_0/lib/x
TRACE::2023-12-30.21:09:29::SCWMssOS::il_testcache.o microblaze_0/lib/xil_testio.o microblaze_0/lib/xil_testmem.o microblaze_0/lib/xil_util.o microblaze_0/lib/xintc.
TRACE::2023-12-30.21:09:29::SCWMssOS::o microblaze_0/lib/xintc_g.o microblaze_0/lib/xintc_intr.o microblaze_0/lib/xintc_l.o microblaze_0/lib/xintc_options.o microbla
TRACE::2023-12-30.21:09:29::SCWMssOS::ze_0/lib/xintc_selftest.o microblaze_0/lib/xinterrupt_wrap.o microblaze_0/lib/xio.o microblaze_0/lib/xplatform_info.o microblaz
TRACE::2023-12-30.21:09:29::SCWMssOS::e_0/lib/xuartlite.o microblaze_0/lib/xuartlite_g.o microblaze_0/lib/xuartlite_intr.o microblaze_0/lib/xuartlite_l.o microblaze_
TRACE::2023-12-30.21:09:29::SCWMssOS::0/lib/xuartlite_selftest.o microblaze_0/lib/xuartlite_sinit.o microblaze_0/lib/xuartlite_stats.o

TRACE::2023-12-30.21:09:29::SCWMssOS::Finished building libraries

TRACE::2023-12-30.21:09:29::SCWMssOS::Copying to export directory.
TRACE::2023-12-30.21:09:29::SCWMssOS:: Checking if to create the Supporting Applications
TRACE::2023-12-30.21:09:29::SCWMssOS:: No Linux domain exists, trying to generate FSBL 
LOG::2023-12-30.21:09:29::SCWSystem::Completed Processing the domain standalone_microblaze_0
LOG::2023-12-30.21:09:29::SCWSystem::Completed Processing the sysconfig Virtex_wrapper
LOG::2023-12-30.21:09:29::SCWPlatform::Completed generating the artifacts for system configuration Virtex_wrapper
TRACE::2023-12-30.21:09:29::SCWPlatform::Started preparing the platform 
TRACE::2023-12-30.21:09:29::SCWSystem::Writing the bif file for system config Virtex_wrapper
TRACE::2023-12-30.21:09:29::SCWSystem::dir created 
TRACE::2023-12-30.21:09:29::SCWSystem::Writing the bif 
TRACE::2023-12-30.21:09:29::SCWPlatform::Started writing the spfm file 
TRACE::2023-12-30.21:09:29::SCWPlatform::Started writing the xpfm file 
TRACE::2023-12-30.21:09:29::SCWPlatform::Completed generating the platform
TRACE::2023-12-30.21:09:29::SCWMssOS::Saving the mss changes /home/dolu/Documents/GitHub/Thesis/Vitis_workspace/Virtex_wrapper/microblaze_0/standalone_microblaze_0/bsp/system.mss
TRACE::2023-12-30.21:09:29::SCWMssOS::Found a swdesign opened with the mssfile.
TRACE::2023-12-30.21:09:29::SCWMssOS::Completed writemss as part of save.
TRACE::2023-12-30.21:09:29::SCWMssOS::Commit changes completed.
TRACE::2023-12-30.21:09:29::SCWPlatform::Trying to open the hw design at /home/dolu/Documents/GitHub/Thesis/Vitis_workspace/Virtex_wrapper/hw/Virtex_wrapper.xsa
TRACE::2023-12-30.21:09:29::SCWPlatform::DSA given /home/dolu/Documents/GitHub/Thesis/Vitis_workspace/Virtex_wrapper/hw/Virtex_wrapper.xsa
TRACE::2023-12-30.21:09:29::SCWPlatform::DSA absoulate path /home/dolu/Documents/GitHub/Thesis/Vitis_workspace/Virtex_wrapper/hw/Virtex_wrapper.xsa
TRACE::2023-12-30.21:09:29::SCWPlatform::DSA directory /home/dolu/Documents/GitHub/Thesis/Vitis_workspace/Virtex_wrapper/hw
TRACE::2023-12-30.21:09:29::SCWPlatform:: Platform Path /home/dolu/Documents/GitHub/Thesis/Vitis_workspace/Virtex_wrapper/hw/Virtex_wrapper.xsa
TRACE::2023-12-30.21:09:29::SCWPlatform:: Unique name xilinx:vc707::0.0
TRACE::2023-12-30.21:09:29::SCWPlatform::Trying to set the existing hwdb with name Virtex_wrapper_0
TRACE::2023-12-30.21:09:29::SCWPlatform::Opened existing hwdb Virtex_wrapper_0
TRACE::2023-12-30.21:09:29::SCWPlatform::Found the Hw Db part of the input DSA
TRACE::2023-12-30.21:09:29::SCWMssOS::Checking the sw design at  /home/dolu/Documents/GitHub/Thesis/Vitis_workspace/Virtex_wrapper/microblaze_0/standalone_microblaze_0/bsp/system.mss
TRACE::2023-12-30.21:09:29::SCWMssOS::DEBUG:  swdes dump  /home/dolu/Documents/GitHub/Thesis/Vitis_workspace/Virtex_wrapper/microblaze_0/standalone_microblaze_0/bsp/system.mss|system||

TRACE::2023-12-30.21:09:29::SCWMssOS::Sw design exists and opened at  /home/dolu/Documents/GitHub/Thesis/Vitis_workspace/Virtex_wrapper/microblaze_0/standalone_microblaze_0/bsp/system.mss
TRACE::2023-12-30.21:09:29::SCWPlatform::Trying to open the hw design at /home/dolu/Documents/GitHub/Thesis/Vitis_workspace/Virtex_wrapper/hw/Virtex_wrapper.xsa
TRACE::2023-12-30.21:09:29::SCWPlatform::DSA given /home/dolu/Documents/GitHub/Thesis/Vitis_workspace/Virtex_wrapper/hw/Virtex_wrapper.xsa
TRACE::2023-12-30.21:09:29::SCWPlatform::DSA absoulate path /home/dolu/Documents/GitHub/Thesis/Vitis_workspace/Virtex_wrapper/hw/Virtex_wrapper.xsa
TRACE::2023-12-30.21:09:29::SCWPlatform::DSA directory /home/dolu/Documents/GitHub/Thesis/Vitis_workspace/Virtex_wrapper/hw
TRACE::2023-12-30.21:09:29::SCWPlatform:: Platform Path /home/dolu/Documents/GitHub/Thesis/Vitis_workspace/Virtex_wrapper/hw/Virtex_wrapper.xsa
TRACE::2023-12-30.21:09:29::SCWPlatform:: Unique name xilinx:vc707::0.0
TRACE::2023-12-30.21:09:29::SCWPlatform::Trying to set the existing hwdb with name Virtex_wrapper_0
TRACE::2023-12-30.21:09:29::SCWPlatform::Opened existing hwdb Virtex_wrapper_0
TRACE::2023-12-30.21:09:29::SCWPlatform::Found the Hw Db part of the input DSA
TRACE::2023-12-30.21:09:29::SCWMssOS::Checking the sw design at  /home/dolu/Documents/GitHub/Thesis/Vitis_workspace/Virtex_wrapper/microblaze_0/standalone_microblaze_0/bsp/system.mss
TRACE::2023-12-30.21:09:29::SCWMssOS::DEBUG:  swdes dump  /home/dolu/Documents/GitHub/Thesis/Vitis_workspace/Virtex_wrapper/microblaze_0/standalone_microblaze_0/bsp/system.mss|system||

TRACE::2023-12-30.21:09:29::SCWMssOS::Sw design exists and opened at  /home/dolu/Documents/GitHub/Thesis/Vitis_workspace/Virtex_wrapper/microblaze_0/standalone_microblaze_0/bsp/system.mss
TRACE::2023-12-30.21:09:29::SCWPlatform::Trying to open the hw design at /home/dolu/Documents/GitHub/Thesis/Vitis_workspace/Virtex_wrapper/hw/Virtex_wrapper.xsa
TRACE::2023-12-30.21:09:29::SCWPlatform::DSA given /home/dolu/Documents/GitHub/Thesis/Vitis_workspace/Virtex_wrapper/hw/Virtex_wrapper.xsa
TRACE::2023-12-30.21:09:29::SCWPlatform::DSA absoulate path /home/dolu/Documents/GitHub/Thesis/Vitis_workspace/Virtex_wrapper/hw/Virtex_wrapper.xsa
TRACE::2023-12-30.21:09:29::SCWPlatform::DSA directory /home/dolu/Documents/GitHub/Thesis/Vitis_workspace/Virtex_wrapper/hw
TRACE::2023-12-30.21:09:29::SCWPlatform:: Platform Path /home/dolu/Documents/GitHub/Thesis/Vitis_workspace/Virtex_wrapper/hw/Virtex_wrapper.xsa
TRACE::2023-12-30.21:09:29::SCWPlatform:: Unique name xilinx:vc707::0.0
TRACE::2023-12-30.21:09:29::SCWPlatform::Trying to set the existing hwdb with name Virtex_wrapper_0
TRACE::2023-12-30.21:09:29::SCWPlatform::Opened existing hwdb Virtex_wrapper_0
TRACE::2023-12-30.21:09:29::SCWPlatform::Found the Hw Db part of the input DSA
TRACE::2023-12-30.21:09:29::SCWMssOS::Checking the sw design at  /home/dolu/Documents/GitHub/Thesis/Vitis_workspace/Virtex_wrapper/microblaze_0/standalone_microblaze_0/bsp/system.mss
TRACE::2023-12-30.21:09:29::SCWMssOS::DEBUG:  swdes dump  /home/dolu/Documents/GitHub/Thesis/Vitis_workspace/Virtex_wrapper/microblaze_0/standalone_microblaze_0/bsp/system.mss|system||

TRACE::2023-12-30.21:09:29::SCWMssOS::Sw design exists and opened at  /home/dolu/Documents/GitHub/Thesis/Vitis_workspace/Virtex_wrapper/microblaze_0/standalone_microblaze_0/bsp/system.mss
TRACE::2023-12-30.21:09:29::SCWWriter::formatted JSON is {
	"platformName":	"Virtex_wrapper",
	"sprVersion":	"2.0",
	"mode":	"gui",
	"dsaType":	"Fixed",
	"platformDesc":	"Virtex_wrapper",
	"platHandOff":	"/home/dolu/Documents/GitHub/Thesis/VC707test/Virtex_wrapper.xsa",
	"platIntHandOff":	"<platformDir>/hw/Virtex_wrapper.xsa",
	"deviceType":	"FPGA",
	"platIsPrebuiltAutogen":	"false",
	"platIsNoBootBsp":	"false",
	"hasFsblMakeHasChanges":	"false",
	"hasPmufwMakeHasChanges":	"false",
	"platPreBuiltFlag":	false,
	"platformSamplesDir":	"",
	"platActiveSys":	"Virtex_wrapper",
	"systems":	[{
			"systemName":	"Virtex_wrapper",
			"systemDesc":	"Virtex_wrapper",
			"sysIsBootAutoGen":	"true",
			"systemDispName":	"Virtex_wrapper",
			"sysActiveDom":	"standalone_microblaze_0",
			"sysDefaultDom":	"standalone_microblaze_0",
			"domains":	[{
					"domainName":	"standalone_microblaze_0",
					"domainDispName":	"standalone_microblaze_0",
					"domainDesc":	"standalone_microblaze_0",
					"processors":	"microblaze_0",
					"os":	"standalone",
					"sdxOs":	"standalone",
					"debugEnable":	"False",
					"domRuntimes":	["cpp"],
					"swRepo":	"",
					"mssOsVer":	"8.0",
					"mssFile":	"",
					"md5Digest":	"c0e8b8e7149a117497412f848759d7af",
					"compatibleApp":	"hello_world",
					"domType":	"mssDomain",
					"arch":	"32-bit",
					"appSettings":	{
						"appCompilerFlags":	"",
						"appLinkerFlags":	""
					},
					"addedLibs":	[],
					"libOptions":	{
						"libsContainingOptions":	[]
					},
					"prebuiltLibs":	{
						"prebuiltIncPath":	[],
						"prebuiltLibPath":	[]
					},
					"isolation":	{
					}
				}]
		}]
}
KEYINFO::2023-12-30.21:09:29::SCWPlatform::updated the xpfm file.
TRACE::2023-12-30.21:09:29::SCWPlatform::Trying to open the hw design at /home/dolu/Documents/GitHub/Thesis/Vitis_workspace/Virtex_wrapper/hw/Virtex_wrapper.xsa
TRACE::2023-12-30.21:09:29::SCWPlatform::DSA given /home/dolu/Documents/GitHub/Thesis/Vitis_workspace/Virtex_wrapper/hw/Virtex_wrapper.xsa
TRACE::2023-12-30.21:09:29::SCWPlatform::DSA absoulate path /home/dolu/Documents/GitHub/Thesis/Vitis_workspace/Virtex_wrapper/hw/Virtex_wrapper.xsa
TRACE::2023-12-30.21:09:29::SCWPlatform::DSA directory /home/dolu/Documents/GitHub/Thesis/Vitis_workspace/Virtex_wrapper/hw
TRACE::2023-12-30.21:09:29::SCWPlatform:: Platform Path /home/dolu/Documents/GitHub/Thesis/Vitis_workspace/Virtex_wrapper/hw/Virtex_wrapper.xsa
TRACE::2023-12-30.21:09:29::SCWPlatform:: Unique name xilinx:vc707::0.0
TRACE::2023-12-30.21:09:29::SCWPlatform::Trying to set the existing hwdb with name Virtex_wrapper_0
TRACE::2023-12-30.21:09:29::SCWPlatform::Opened existing hwdb Virtex_wrapper_0
TRACE::2023-12-30.21:09:29::SCWPlatform::Found the Hw Db part of the input DSA
TRACE::2023-12-30.21:09:29::SCWMssOS::Checking the sw design at  /home/dolu/Documents/GitHub/Thesis/Vitis_workspace/Virtex_wrapper/microblaze_0/standalone_microblaze_0/bsp/system.mss
TRACE::2023-12-30.21:09:29::SCWMssOS::DEBUG:  swdes dump  /home/dolu/Documents/GitHub/Thesis/Vitis_workspace/Virtex_wrapper/microblaze_0/standalone_microblaze_0/bsp/system.mss|system||

TRACE::2023-12-30.21:09:29::SCWMssOS::Sw design exists and opened at  /home/dolu/Documents/GitHub/Thesis/Vitis_workspace/Virtex_wrapper/microblaze_0/standalone_microblaze_0/bsp/system.mss
